#
# A fatal error has been detected by the Java Runtime Environment:
#
#  SIGSEGV (0xb) at pc=0x00007f1590593a37, pid=2973769, tid=0x00007f15d9e1c640
#
# JRE version: OpenJDK Runtime Environment (8.0_402-b06) (build 1.8.0_402-8u402-ga-2ubuntu1~22.04-b06)
# Java VM: OpenJDK 64-Bit Server VM (25.402-b06 mixed mode linux-amd64 compressed oops)
# Problematic frame:
# C  [libtesseract.so.4.0.1+0x9da37]  tesseract::Tesseract::recog_all_words(PAGE_RES*, ETEXT_DESC*, TBOX const*, char const*, int)+0x347
#
# Failed to write core dump. Core dumps have been disabled. To enable core dumping, try "ulimit -c unlimited" before starting Java again
#
# If you would like to submit a bug report, please visit:
#   http://bugreport.java.com/bugreport/crash.jsp
# The crash happened outside the Java Virtual Machine in native code.
# See problematic frame for where to report the bug.
#

---------------  T H R E A D  ---------------

Current thread (0x00007f15d400a800):  JavaThread "main" [_thread_in_native, id=2973774, stack(0x00007f15d9d1d000,0x00007f15d9e1d000)]

siginfo: si_signo: 11 (SIGSEGV), si_code: 1 (SEGV_MAPERR), si_addr: 0x000000000000000c

Registers:
RAX=0x0000000000000000, RBX=0x00007f15d4401a90, RCX=0x00007f15d4423418, RDX=0x0000000000000000
RSP=0x00007f15d9e1a700, RBP=0x00007f15d9e1a750, RSI=0x0000000000000000, RDI=0x00007f15d9e1a800
R8 =0x00007f15d43a8250, R9 =0x0000000000000000, R10=0x00007f15d497df30, R11=0x00007f15d4000090
R12=0x00007f15d495f420, R13=0x0000000000000000, R14=0x0000000000000000, R15=0x00007f15d495f420
RIP=0x00007f1590593a37, EFLAGS=0x0000000000010246, CSGSFS=0x002b000000000033, ERR=0x0000000000000004
  TRAPNO=0x000000000000000e

Top of Stack: (sp=0x00007f15d9e1a700)
0x00007f15d9e1a700:   0000000000000000 0000000000000000
0x00007f15d9e1a710:   00007f15d49c3180 00007f15d4010000
0x00007f15d9e1a720:   00007f15d4350218 a74ca3947fb65a00
0x00007f15d9e1a730:   00007f15d4401ab8 0000000000000001
0x00007f15d9e1a740:   00007f15d438e240 00007f15d495fe48
0x00007f15d9e1a750:   00007f15d495f420 0000000000000000
0x00007f15d9e1a760:   0000000000000000 0000000000000000
0x00007f15d9e1a770:   00007f15d43a8250 00007f15d4346d10
0x00007f15d9e1a780:   00007f15d495fe20 00007f15d43a7150
0x00007f15d9e1a790:   00007f15d438e240 00007f15d495fe20
0x00007f15d9e1a7a0:   00007f15d495f428 00007f15d495fe20
0x00007f15d9e1a7b0:   00007f15d495fe20 00007f15d495fe20
0x00007f15d9e1a7c0:   00007f15d495fe20 0000000000000000
0x00007f15d9e1a7d0:   00007f15d495fe48 00007f15d4346d10
0x00007f15d9e1a7e0:   00007f15d438e240 00007f15d4346d10
0x00007f15d9e1a7f0:   00007f15d4346d10 00007f15d4010000
0x00007f15d9e1a800:   00007f15d438e260 00007f15d43a7150
0x00007f15d9e1a810:   00007f15d43a7dd0 00007f15d43a7360
0x00007f15d9e1a820:   00007f15d43a7150 00007f15d4010000
0x00007f15d9e1a830:   00007f15d4346d30 00007f15d438e030
0x00007f15d9e1a840:   00007f15d43a8250 00007f15d438e030
0x00007f15d9e1a850:   00007f15d43a8250 a74ca3947f000000
0x00007f15d9e1a860:   00007f15d438e260 00007f15d4987e20
0x00007f15d9e1a870:   00007f15d43a7150 00007f15d43a7dd0
0x00007f15d9e1a880:   00007f15d43a7150 00007f15d9000000
0x00007f15d9e1a890:   00007f15907441a2 a74ca3947fb65a00
0x00007f15d9e1a8a0:   00007f15d43d7ab0 00007f15d43d7ab0
0x00007f15d9e1a8b0:   00007f15d9e1a940 0000000000000001
0x00007f15d9e1a8c0:   0000000000000000 0000000000000000
0x00007f15d9e1a8d0:   00007f15d495f420 00007f1590577c3b
0x00007f15d9e1a8e0:   00007f15d9e1a960 00007f15c5007d80
0x00007f15d9e1a8f0:   00007f15d4401a90 00007f15d43d7ab0 

Instructions: (pc=0x00007f1590593a37)
0x00007f1590593a17:   00 31 f6 48 89 ef e8 ce 1f 17 00 8b 83 08 14 00
0x00007f1590593a27:   00 85 c0 0f 8f c0 01 00 00 48 8b 83 b0 09 00 00
0x00007f1590593a37:   80 78 0c 00 0f 85 d8 02 00 00 8b 83 d8 44 02 00
0x00007f1590593a47:   45 31 ff 85 c0 7f 20 eb 47 48 8b 87 b0 09 00 00 

Register to memory mapping:

RAX=0x0000000000000000 is an unknown value
RBX=0x00007f15d4401a90 is an unknown value
RCX=0x00007f15d4423418 is an unknown value
RDX=0x0000000000000000 is an unknown value
RSP=0x00007f15d9e1a700 is pointing into the stack for thread: 0x00007f15d400a800
RBP=0x00007f15d9e1a750 is pointing into the stack for thread: 0x00007f15d400a800
RSI=0x0000000000000000 is an unknown value
RDI=0x00007f15d9e1a800 is pointing into the stack for thread: 0x00007f15d400a800
R8 =0x00007f15d43a8250 is an unknown value
R9 =0x0000000000000000 is an unknown value
R10=0x00007f15d497df30 is an unknown value
R11=0x00007f15d4000090 is an unknown value
R12=0x00007f15d495f420 is an unknown value
R13=0x0000000000000000 is an unknown value
R14=0x0000000000000000 is an unknown value
R15=0x00007f15d495f420 is an unknown value


Stack: [0x00007f15d9d1d000,0x00007f15d9e1d000],  sp=0x00007f15d9e1a700,  free space=1013k
Native frames: (J=compiled Java code, j=interpreted, Vv=VM code, C=native code)
C  [libtesseract.so.4.0.1+0x9da37]  tesseract::Tesseract::recog_all_words(PAGE_RES*, ETEXT_DESC*, TBOX const*, char const*, int)+0x347
C  0x0000000000000000

Java frames: (J=compiled Java code, j=interpreted, Vv=VM code)
j  com.sun.jna.Native.invokeInt(JI[Ljava/lang/Object;)I+0
j  com.sun.jna.Function.invoke([Ljava/lang/Object;Ljava/lang/Class;Z)Ljava/lang/Object;+225
j  com.sun.jna.Function.invoke(Ljava/lang/Class;[Ljava/lang/Object;Ljava/util/Map;)Ljava/lang/Object;+262
j  com.sun.jna.Library$Handler.invoke(Ljava/lang/Object;Ljava/lang/reflect/Method;[Ljava/lang/Object;)Ljava/lang/Object;+316
j  com.sun.proxy.$Proxy0.TessBaseAPIRecognize(Lnet/sourceforge/tess4j/ITessAPI$TessBaseAPI;Lnet/sourceforge/tess4j/ITessAPI$ETEXT_DESC;)I+20
j  net.sourceforge.tess4j.Tesseract.getWords(Ljava/awt/image/BufferedImage;I)Ljava/util/List;+31
j  correctorExamenes.OCRespuesta.buscar()V+64
j  correctorExamenes.OCRespuesta.main([Ljava/lang/String;)V+0
v  ~StubRoutines::call_stub

---------------  P R O C E S S  ---------------

Java Threads: ( => current thread )
  0x00007f15d432e800 JavaThread "Java2D Disposer" daemon [_thread_blocked, id=2973795, stack(0x00007f1590b25000,0x00007f1590c25000)]
  0x00007f15d40e4800 JavaThread "Service Thread" daemon [_thread_blocked, id=2973793, stack(0x00007f15910dc000,0x00007f15911dc000)]
  0x00007f15d40d1800 JavaThread "C1 CompilerThread3" daemon [_thread_blocked, id=2973792, stack(0x00007f15911dd000,0x00007f15912dd000)]
  0x00007f15d40cf000 JavaThread "C2 CompilerThread2" daemon [_thread_blocked, id=2973791, stack(0x00007f15912de000,0x00007f15913de000)]
  0x00007f15d40cd800 JavaThread "C2 CompilerThread1" daemon [_thread_blocked, id=2973790, stack(0x00007f15913df000,0x00007f15914df000)]
  0x00007f15d40ca800 JavaThread "C2 CompilerThread0" daemon [_thread_blocked, id=2973789, stack(0x00007f15914e0000,0x00007f15915e0000)]
  0x00007f15d40c3000 JavaThread "Signal Dispatcher" daemon [_thread_blocked, id=2973788, stack(0x00007f15915e0000,0x00007f15916e0000)]
  0x00007f15d4095000 JavaThread "Finalizer" daemon [_thread_blocked, id=2973787, stack(0x00007f1591ee1000,0x00007f1591fe1000)]
  0x00007f15d4090000 JavaThread "Reference Handler" daemon [_thread_blocked, id=2973786, stack(0x00007f1591fe1000,0x00007f15920e1000)]
=>0x00007f15d400a800 JavaThread "main" [_thread_in_native, id=2973774, stack(0x00007f15d9d1d000,0x00007f15d9e1d000)]

Other Threads:
  0x00007f15d4086800 VMThread [stack: 0x00007f15920e2000,0x00007f15921e2000] [id=2973785]
  0x00007f15d40e7000 WatcherThread [stack: 0x00007f1590fdc000,0x00007f15910dc000] [id=2973794]

VM state:not at safepoint (normal execution)

VM Mutex/Monitor currently owned by a thread: None

heap address: 0x00000006cb400000, size: 3916 MB, Compressed Oops mode: Zero based, Oop shift amount: 3
Narrow klass base: 0x0000000000000000, Narrow klass shift: 3
Compressed class space size: 1073741824 Address: 0x00000007c0000000

Heap:
 PSYoungGen      total 73728K, used 26931K [0x000000076e700000, 0x0000000777700000, 0x00000007c0000000)
  eden space 63488K, 26% used [0x000000076e700000,0x000000076f750348,0x0000000772500000)
  from space 10240K, 99% used [0x0000000772500000,0x0000000772efcba0,0x0000000772f00000)
  to   space 10240K, 0% used [0x0000000776d00000,0x0000000776d00000,0x0000000777700000)
 ParOldGen       total 167936K, used 40795K [0x00000006cb400000, 0x00000006d5800000, 0x000000076e700000)
  object space 167936K, 24% used [0x00000006cb400000,0x00000006cdbd6ef0,0x00000006d5800000)
 Metaspace       used 8401K, capacity 8570K, committed 8832K, reserved 1056768K
  class space    used 979K, capacity 1051K, committed 1152K, reserved 1048576K

Card table byte_map: [0x00007f15d9175000,0x00007f15d991c000] byte_map_base: 0x00007f15d5b1b000

Marking Bits: (ParMarkBitMap*) 0x00007f15daf37720
 Begin Bits: [0x00007f15985a0000, 0x00007f159c2d0000)
 End Bits:   [0x00007f159c2d0000, 0x00007f15a0000000)

Polling page: 0x00007f15db207000

CodeCache: size=245760Kb used=2874Kb max_used=2881Kb free=242885Kb
 bounds [0x00007f15c5000000, 0x00007f15c52e0000, 0x00007f15d4000000]
 total_blobs=1031 nmethods=676 adapters=269
 compilation: enabled

Compilation events (10 events):
Event: 0,626 Thread 0x00007f15d40d1800  674       3       java.lang.Integer::stringSize (21 bytes)
Event: 0,626 Thread 0x00007f15d40d1800 nmethod 674 0x00007f15c52bf8d0 code [0x00007f15c52bfa40, 0x00007f15c52bfc50]
Event: 0,626 Thread 0x00007f15d40d1800  673       3       java.lang.Class::reflectionData (49 bytes)
Event: 0,627 Thread 0x00007f15d40d1800 nmethod 673 0x00007f15c52d0010 code [0x00007f15c52d01a0, 0x00007f15c52d06a8]
Event: 0,627 Thread 0x00007f15d40d1800  675       3       java.lang.Class::checkInitted (19 bytes)
Event: 0,627 Thread 0x00007f15d40d1800 nmethod 675 0x00007f15c52cf890 code [0x00007f15c52cfa20, 0x00007f15c52cfce8]
Event: 0,628 Thread 0x00007f15d40d1800  676       3       sun.reflect.ClassFileAssembler::emitByte (11 bytes)
Event: 0,628 Thread 0x00007f15d40d1800 nmethod 676 0x00007f15c52cf450 code [0x00007f15c52cf5c0, 0x00007f15c52cf788]
Event: 0,628 Thread 0x00007f15d40d1800  677       3       sun.reflect.ByteVectorImpl::add (38 bytes)
Event: 0,629 Thread 0x00007f15d40d1800 nmethod 677 0x00007f15c52cef90 code [0x00007f15c52cf100, 0x00007f15c52cf328]

GC Heap History (2 events):
Event: 0,582 GC heap before
{Heap before GC invocations=1 (full 0):
 PSYoungGen      total 73728K, used 60643K [0x000000076e700000, 0x0000000773900000, 0x00000007c0000000)
  eden space 63488K, 95% used [0x000000076e700000,0x0000000772238ef8,0x0000000772500000)
  from space 10240K, 0% used [0x0000000772f00000,0x0000000772f00000,0x0000000773900000)
  to   space 10240K, 0% used [0x0000000772500000,0x0000000772500000,0x0000000772f00000)
 ParOldGen       total 167936K, used 0K [0x00000006cb400000, 0x00000006d5800000, 0x000000076e700000)
  object space 167936K, 0% used [0x00000006cb400000,0x00000006cb400000,0x00000006d5800000)
 Metaspace       used 8291K, capacity 8404K, committed 8448K, reserved 1056768K
  class space    used 969K, capacity 1018K, committed 1024K, reserved 1048576K
Event: 0,596 GC heap after
Heap after GC invocations=1 (full 0):
 PSYoungGen      total 73728K, used 10226K [0x000000076e700000, 0x0000000777700000, 0x00000007c0000000)
  eden space 63488K, 0% used [0x000000076e700000,0x000000076e700000,0x0000000772500000)
  from space 10240K, 99% used [0x0000000772500000,0x0000000772efcba0,0x0000000772f00000)
  to   space 10240K, 0% used [0x0000000776d00000,0x0000000776d00000,0x0000000777700000)
 ParOldGen       total 167936K, used 40795K [0x00000006cb400000, 0x00000006d5800000, 0x000000076e700000)
  object space 167936K, 24% used [0x00000006cb400000,0x00000006cdbd6ef0,0x00000006d5800000)
 Metaspace       used 8291K, capacity 8404K, committed 8448K, reserved 1056768K
  class space    used 969K, capacity 1018K, committed 1024K, reserved 1048576K
}

Deoptimization events (9 events):
Event: 0,301 Thread 0x00007f15d400a800 Uncommon trap: reason=loop_limit_check action=maybe_recompile pc=0x00007f15c519ce60 method=java.lang.String.indexOf([CII[CIII)I @ 79
Event: 0,378 Thread 0x00007f15d400a800 Uncommon trap: reason=unstable_if action=reinterpret pc=0x00007f15c51de040 method=java.util.HashMap.getNode(ILjava/lang/Object;)Ljava/util/HashMap$Node; @ 116
Event: 0,378 Thread 0x00007f15d400a800 Uncommon trap: reason=unstable_if action=reinterpret pc=0x00007f15c51d26c4 method=java.util.HashMap.getNode(ILjava/lang/Object;)Ljava/util/HashMap$Node; @ 62
Event: 0,420 Thread 0x00007f15d400a800 Uncommon trap: reason=loop_limit_check action=maybe_recompile pc=0x00007f15c518445c method=java.lang.String.equals(Ljava/lang/Object;)Z @ 56
Event: 0,422 Thread 0x00007f15d400a800 Uncommon trap: reason=bimorphic action=maybe_recompile pc=0x00007f15c5205244 method=java.lang.ThreadLocal.get()Ljava/lang/Object; @ 6
Event: 0,422 Thread 0x00007f15d400a800 Uncommon trap: reason=bimorphic action=maybe_recompile pc=0x00007f15c5205244 method=java.lang.ThreadLocal.get()Ljava/lang/Object; @ 6
Event: 0,423 Thread 0x00007f15d400a800 Uncommon trap: reason=bimorphic action=maybe_recompile pc=0x00007f15c5205244 method=java.lang.ThreadLocal.get()Ljava/lang/Object; @ 6
Event: 0,423 Thread 0x00007f15d400a800 Uncommon trap: reason=bimorphic action=maybe_recompile pc=0x00007f15c5205244 method=java.lang.ThreadLocal.get()Ljava/lang/Object; @ 6
Event: 0,616 Thread 0x00007f15d400a800 Uncommon trap: reason=unstable_if action=reinterpret pc=0x00007f15c52be028 method=java.lang.Math.min(JJ)J @ 3

Classes redefined (0 events):
No events

Internal exceptions (10 events):
Event: 0,095 Thread 0x00007f15d400a800 Exception <a 'java/security/PrivilegedActionException'> (0x000000076e99ab20) thrown at [./src/hotspot/src/share/vm/prims/jvm.cpp, line 1512]
Event: 0,095 Thread 0x00007f15d400a800 Exception <a 'java/security/PrivilegedActionException'> (0x000000076e99ad30) thrown at [./src/hotspot/src/share/vm/prims/jvm.cpp, line 1512]
Event: 0,095 Thread 0x00007f15d400a800 Exception <a 'java/security/PrivilegedActionException'> (0x000000076e99d450) thrown at [./src/hotspot/src/share/vm/prims/jvm.cpp, line 1512]
Event: 0,095 Thread 0x00007f15d400a800 Exception <a 'java/security/PrivilegedActionException'> (0x000000076e99d660) thrown at [./src/hotspot/src/share/vm/prims/jvm.cpp, line 1512]
Event: 0,096 Thread 0x00007f15d400a800 Exception <a 'java/lang/NoClassDefFoundError': org/slf4j/impl/StaticLoggerBinder> (0x000000076e9ab898) thrown at [./src/hotspot/src/share/vm/classfile/systemDictionary.cpp, line 206]
Event: 0,148 Thread 0x00007f15d400a800 Exception <a 'java/lang/NoSuchFieldError': method resolution failed> (0x000000076eaa03f0) thrown at [./src/hotspot/src/share/vm/prims/methodHandles.cpp, line 1194]
Event: 0,149 Thread 0x00007f15d400a800 Exception <a 'java/lang/NoSuchFieldError': method resolution failed> (0x000000076eaadbf0) thrown at [./src/hotspot/src/share/vm/prims/methodHandles.cpp, line 1194]
Event: 0,167 Thread 0x00007f15d400a800 Exception <a 'java/io/FileNotFoundException'> (0x000000076eb27710) thrown at [./src/hotspot/src/share/vm/prims/jni.cpp, line 709]
Event: 0,345 Thread 0x00007f15d400a800 Exception <a 'java/lang/UnsatisfiedLinkError': libtesseract.so: no se puede abrir el archivo del objeto compartido: No existe el archivo o el directorio> (0x000000076fc3d170) thrown at [./src/hotspot/src/share/vm/prims/jni.cpp, line 736]
Event: 0,345 Thread 0x00007f15d400a800 Exception <a 'java/lang/UnsatisfiedLinkError': libtesseract.so: no se puede abrir el archivo del objeto compartido: No existe el archivo o el directorio> (0x000000076fc3e640) thrown at [./src/hotspot/src/share/vm/prims/jni.cpp, line 736]

Events (10 events):
Event: 0,629 loading class sun/reflect/Label
Event: 0,629 loading class sun/reflect/Label done
Event: 0,629 loading class sun/reflect/Label$PatchInfo
Event: 0,629 loading class sun/reflect/Label$PatchInfo done
Event: 0,629 loading class sun/reflect/MethodAccessorGenerator$1
Event: 0,629 loading class sun/reflect/MethodAccessorGenerator$1 done
Event: 0,629 loading class sun/reflect/ClassDefiner
Event: 0,629 loading class sun/reflect/ClassDefiner done
Event: 0,629 loading class sun/reflect/ClassDefiner$1
Event: 0,629 loading class sun/reflect/ClassDefiner$1 done


Dynamic libraries:
6cb400000-6d5800000 rw-p 00000000 00:00 0 
6d5800000-76e700000 ---p 00000000 00:00 0 
76e700000-777700000 rw-p 00000000 00:00 0 
777700000-7c0000000 ---p 00000000 00:00 0 
7c0000000-7c0120000 rw-p 00000000 00:00 0 
7c0120000-800000000 ---p 00000000 00:00 0 
56483d523000-56483d524000 r--p 00000000 103:02 7864499                   /usr/lib/jvm/java-8-openjdk-amd64/jre/bin/java
56483d524000-56483d525000 r-xp 00001000 103:02 7864499                   /usr/lib/jvm/java-8-openjdk-amd64/jre/bin/java
56483d525000-56483d526000 r--p 00002000 103:02 7864499                   /usr/lib/jvm/java-8-openjdk-amd64/jre/bin/java
56483d526000-56483d527000 r--p 00002000 103:02 7864499                   /usr/lib/jvm/java-8-openjdk-amd64/jre/bin/java
56483d527000-56483d528000 rw-p 00003000 103:02 7864499                   /usr/lib/jvm/java-8-openjdk-amd64/jre/bin/java
56483e969000-56483e98a000 rw-p 00000000 00:00 0                          [heap]
7f15606f2000-7f1560f8a000 rw-p 00000000 00:00 0 
7f1561822000-7f1561e94000 rw-p 00000000 00:00 0 
7f1561e94000-7f1561e95000 r--p 00000000 103:02 5931043                   /usr/lib/x86_64-linux-gnu/libicudata.so.70.1
7f1561e95000-7f1561e96000 r-xp 00001000 103:02 5931043                   /usr/lib/x86_64-linux-gnu/libicudata.so.70.1
7f1561e96000-7f1563ab0000 r--p 00002000 103:02 5931043                   /usr/lib/x86_64-linux-gnu/libicudata.so.70.1
7f1563ab0000-7f1563ab1000 r--p 01c1b000 103:02 5931043                   /usr/lib/x86_64-linux-gnu/libicudata.so.70.1
7f1563ab1000-7f1563ab2000 rw-p 01c1c000 103:02 5931043                   /usr/lib/x86_64-linux-gnu/libicudata.so.70.1
7f1563ab2000-7f1563ab3000 r--p 00000000 103:02 5930618                   /usr/lib/x86_64-linux-gnu/libdeflate.so.0
7f1563ab3000-7f1563acf000 r-xp 00001000 103:02 5930618                   /usr/lib/x86_64-linux-gnu/libdeflate.so.0
7f1563acf000-7f1563ad3000 r--p 0001d000 103:02 5930618                   /usr/lib/x86_64-linux-gnu/libdeflate.so.0
7f1563ad3000-7f1563ad4000 ---p 00021000 103:02 5930618                   /usr/lib/x86_64-linux-gnu/libdeflate.so.0
7f1563ad4000-7f1563ad5000 r--p 00021000 103:02 5930618                   /usr/lib/x86_64-linux-gnu/libdeflate.so.0
7f1563ad5000-7f1563ad6000 rw-p 00022000 103:02 5930618                   /usr/lib/x86_64-linux-gnu/libdeflate.so.0
7f1563ad6000-7f1563b3c000 r--p 00000000 103:02 5931053                   /usr/lib/x86_64-linux-gnu/libicuuc.so.70.1
7f1563b3c000-7f1563c2f000 r-xp 00066000 103:02 5931053                   /usr/lib/x86_64-linux-gnu/libicuuc.so.70.1
7f1563c2f000-7f1563cbb000 r--p 00159000 103:02 5931053                   /usr/lib/x86_64-linux-gnu/libicuuc.so.70.1
7f1563cbb000-7f1563cce000 r--p 001e4000 103:02 5931053                   /usr/lib/x86_64-linux-gnu/libicuuc.so.70.1
7f1563cce000-7f1563ccf000 rw-p 001f7000 103:02 5931053                   /usr/lib/x86_64-linux-gnu/libicuuc.so.70.1
7f1563ccf000-7f1563cd1000 rw-p 00000000 00:00 0 
7f1563cd1000-7f1563cd4000 r--p 00000000 103:02 5931350                   /usr/lib/x86_64-linux-gnu/libopenjp2.so.2.4.0
7f1563cd4000-7f1563d17000 r-xp 00003000 103:02 5931350                   /usr/lib/x86_64-linux-gnu/libopenjp2.so.2.4.0
7f1563d17000-7f1563d26000 r--p 00046000 103:02 5931350                   /usr/lib/x86_64-linux-gnu/libopenjp2.so.2.4.0
7f1563d26000-7f1563d27000 ---p 00055000 103:02 5931350                   /usr/lib/x86_64-linux-gnu/libopenjp2.so.2.4.0
7f1563d27000-7f1563d28000 r--p 00055000 103:02 5931350                   /usr/lib/x86_64-linux-gnu/libopenjp2.so.2.4.0
7f1563d28000-7f1563d29000 rw-p 00056000 103:02 5931350                   /usr/lib/x86_64-linux-gnu/libopenjp2.so.2.4.0
7f1563d29000-7f1563d2b000 r--p 00000000 103:02 5898914                   /usr/lib/x86_64-linux-gnu/libwebp.so.7.1.3
7f1563d2b000-7f1563d81000 r-xp 00002000 103:02 5898914                   /usr/lib/x86_64-linux-gnu/libwebp.so.7.1.3
7f1563d81000-7f1563d92000 r--p 00058000 103:02 5898914                   /usr/lib/x86_64-linux-gnu/libwebp.so.7.1.3
7f1563d92000-7f1563d93000 r--p 00068000 103:02 5898914                   /usr/lib/x86_64-linux-gnu/libwebp.so.7.1.3
7f1563d93000-7f1563d94000 rw-p 00069000 103:02 5898914                   /usr/lib/x86_64-linux-gnu/libwebp.so.7.1.3
7f1563d94000-7f1563d96000 rw-p 00000000 00:00 0 
7f1563d96000-7f1563d9f000 r--p 00000000 103:02 5907932                   /usr/lib/x86_64-linux-gnu/libtiff.so.5.7.0
7f1563d9f000-7f1563de7000 r-xp 00009000 103:02 5907932                   /usr/lib/x86_64-linux-gnu/libtiff.so.5.7.0
7f1563de7000-7f1563e18000 r--p 00051000 103:02 5907932                   /usr/lib/x86_64-linux-gnu/libtiff.so.5.7.0
7f1563e18000-7f1563e1d000 r--p 00081000 103:02 5907932                   /usr/lib/x86_64-linux-gnu/libtiff.so.5.7.0
7f1563e1d000-7f1563e1e000 rw-p 00086000 103:02 5907932                   /usr/lib/x86_64-linux-gnu/libtiff.so.5.7.0
7f1563e1e000-7f1563e4d000 r--p 00000000 103:02 5900611                   /usr/lib/x86_64-linux-gnu/libxml2.so.2.9.13
7f1563e4d000-7f1563fa0000 r-xp 0002f000 103:02 5900611                   /usr/lib/x86_64-linux-gnu/libxml2.so.2.9.13
7f1563fa0000-7f1563ff4000 r--p 00182000 103:02 5900611                   /usr/lib/x86_64-linux-gnu/libxml2.so.2.9.13
7f1563ff4000-7f1563ff5000 ---p 001d6000 103:02 5900611                   /usr/lib/x86_64-linux-gnu/libxml2.so.2.9.13
7f1563ff5000-7f1563ffe000 r--p 001d6000 103:02 5900611                   /usr/lib/x86_64-linux-gnu/libxml2.so.2.9.13
7f1563ffe000-7f1563fff000 rw-p 001df000 103:02 5900611                   /usr/lib/x86_64-linux-gnu/libxml2.so.2.9.13
7f1563fff000-7f1564000000 rw-p 00000000 00:00 0 
7f1564000000-7f1564021000 rw-p 00000000 00:00 0 
7f1564021000-7f1568000000 ---p 00000000 00:00 0 
7f1568000000-7f1568021000 rw-p 00000000 00:00 0 
7f1568021000-7f156c000000 ---p 00000000 00:00 0 
7f156c000000-7f156c46a000 rw-p 00000000 00:00 0 
7f156c46a000-7f1570000000 ---p 00000000 00:00 0 
7f1570000000-7f1570021000 rw-p 00000000 00:00 0 
7f1570021000-7f1574000000 ---p 00000000 00:00 0 
7f1574000000-7f1574216000 rw-p 00000000 00:00 0 
7f1574216000-7f1578000000 ---p 00000000 00:00 0 
7f1578000000-7f157816e000 rw-p 00000000 00:00 0 
7f157816e000-7f157c000000 ---p 00000000 00:00 0 
7f157c000000-7f157c021000 rw-p 00000000 00:00 0 
7f157c021000-7f1580000000 ---p 00000000 00:00 0 
7f1580000000-7f1580111000 rw-p 00000000 00:00 0 
7f1580111000-7f1584000000 ---p 00000000 00:00 0 
7f1584000000-7f1584021000 rw-p 00000000 00:00 0 
7f1584021000-7f1588000000 ---p 00000000 00:00 0 
7f1588000000-7f1588021000 rw-p 00000000 00:00 0 
7f1588021000-7f158c000000 ---p 00000000 00:00 0 
7f158c000000-7f158c021000 rw-p 00000000 00:00 0 
7f158c021000-7f1590000000 ---p 00000000 00:00 0 
7f1590010000-7f1590012000 r--p 00000000 103:02 5931104                   /usr/lib/x86_64-linux-gnu/libjbig.so.0
7f1590012000-7f159001b000 r-xp 00002000 103:02 5931104                   /usr/lib/x86_64-linux-gnu/libjbig.so.0
7f159001b000-7f159001d000 r--p 0000b000 103:02 5931104                   /usr/lib/x86_64-linux-gnu/libjbig.so.0
7f159001d000-7f159001e000 r--p 0000c000 103:02 5931104                   /usr/lib/x86_64-linux-gnu/libjbig.so.0
7f159001e000-7f1590021000 rw-p 0000d000 103:02 5931104                   /usr/lib/x86_64-linux-gnu/libjbig.so.0
7f1590021000-7f1590023000 r--p 00000000 103:02 5906906                   /usr/lib/x86_64-linux-gnu/libwebpmux.so.3.0.8
7f1590023000-7f159002a000 r-xp 00002000 103:02 5906906                   /usr/lib/x86_64-linux-gnu/libwebpmux.so.3.0.8
7f159002a000-7f159002c000 r--p 00009000 103:02 5906906                   /usr/lib/x86_64-linux-gnu/libwebpmux.so.3.0.8
7f159002c000-7f159002d000 r--p 0000a000 103:02 5906906                   /usr/lib/x86_64-linux-gnu/libwebpmux.so.3.0.8
7f159002d000-7f159002e000 rw-p 0000b000 103:02 5906906                   /usr/lib/x86_64-linux-gnu/libwebpmux.so.3.0.8
7f159002e000-7f1590030000 r--p 00000000 103:02 5930863                   /usr/lib/x86_64-linux-gnu/libgif.so.7.1.0
7f1590030000-7f1590035000 r-xp 00002000 103:02 5930863                   /usr/lib/x86_64-linux-gnu/libgif.so.7.1.0
7f1590035000-7f1590037000 r--p 00007000 103:02 5930863                   /usr/lib/x86_64-linux-gnu/libgif.so.7.1.0
7f1590037000-7f1590038000 r--p 00008000 103:02 5930863                   /usr/lib/x86_64-linux-gnu/libgif.so.7.1.0
7f1590038000-7f1590039000 rw-p 00009000 103:02 5930863                   /usr/lib/x86_64-linux-gnu/libgif.so.7.1.0
7f1590039000-7f159003e000 r--p 00000000 103:02 5931453                   /usr/lib/x86_64-linux-gnu/libpng16.so.16.37.0
7f159003e000-7f1590067000 r-xp 00005000 103:02 5931453                   /usr/lib/x86_64-linux-gnu/libpng16.so.16.37.0
7f1590067000-7f1590072000 r--p 0002e000 103:02 5931453                   /usr/lib/x86_64-linux-gnu/libpng16.so.16.37.0
7f1590072000-7f1590073000 r--p 00038000 103:02 5931453                   /usr/lib/x86_64-linux-gnu/libpng16.so.16.37.0
7f1590073000-7f1590074000 rw-p 00039000 103:02 5931453                   /usr/lib/x86_64-linux-gnu/libpng16.so.16.37.0
7f1590074000-7f1590076000 r--p 00000000 103:02 5930463                   /usr/lib/x86_64-linux-gnu/libbz2.so.1.0.4
7f1590076000-7f1590083000 r-xp 00002000 103:02 5930463                   /usr/lib/x86_64-linux-gnu/libbz2.so.1.0.4
7f1590083000-7f1590085000 r--p 0000f000 103:02 5930463                   /usr/lib/x86_64-linux-gnu/libbz2.so.1.0.4
7f1590085000-7f1590086000 r--p 00010000 103:02 5930463                   /usr/lib/x86_64-linux-gnu/libbz2.so.1.0.4
7f1590086000-7f1590087000 rw-p 00011000 103:02 5930463                   /usr/lib/x86_64-linux-gnu/libbz2.so.1.0.4
7f1590087000-7f1590091000 r--p 00000000 103:02 5931967                   /usr/lib/x86_64-linux-gnu/libzstd.so.1.4.8
7f1590091000-7f1590143000 r-xp 0000a000 103:02 5931967                   /usr/lib/x86_64-linux-gnu/libzstd.so.1.4.8
7f1590143000-7f1590154000 r--p 000bc000 103:02 5931967                   /usr/lib/x86_64-linux-gnu/libzstd.so.1.4.8
7f1590154000-7f1590155000 r--p 000cc000 103:02 5931967                   /usr/lib/x86_64-linux-gnu/libzstd.so.1.4.8
7f1590155000-7f1590156000 rw-p 000cd000 103:02 5931967                   /usr/lib/x86_64-linux-gnu/libzstd.so.1.4.8
7f1590156000-7f1590159000 r--p 00000000 103:02 5931168                   /usr/lib/x86_64-linux-gnu/liblzma.so.5.2.5
7f1590159000-7f1590174000 r-xp 00003000 103:02 5931168                   /usr/lib/x86_64-linux-gnu/liblzma.so.5.2.5
7f1590174000-7f159017f000 r--p 0001e000 103:02 5931168                   /usr/lib/x86_64-linux-gnu/liblzma.so.5.2.5
7f159017f000-7f1590180000 r--p 00028000 103:02 5931168                   /usr/lib/x86_64-linux-gnu/liblzma.so.5.2.5
7f1590180000-7f1590181000 rw-p 00029000 103:02 5931168                   /usr/lib/x86_64-linux-gnu/liblzma.so.5.2.5
7f1590181000-7f15901a9000 r--p 00000000 103:02 5906910                   /usr/lib/x86_64-linux-gnu/liblept.so.5.0.4
7f15901a9000-7f1590387000 r-xp 00028000 103:02 5906910                   /usr/lib/x86_64-linux-gnu/liblept.so.5.0.4
7f1590387000-7f1590425000 r--p 00206000 103:02 5906910                   /usr/lib/x86_64-linux-gnu/liblept.so.5.0.4
7f1590425000-7f1590426000 r--p 002a4000 103:02 5906910                   /usr/lib/x86_64-linux-gnu/liblept.so.5.0.4
7f1590426000-7f159042c000 rw-p 002a5000 103:02 5906910                   /usr/lib/x86_64-linux-gnu/liblept.so.5.0.4
7f159042c000-7f159043e000 r--p 00000000 103:02 5930335                   /usr/lib/x86_64-linux-gnu/libarchive.so.13.6.0
7f159043e000-7f15904c8000 r-xp 00012000 103:02 5930335                   /usr/lib/x86_64-linux-gnu/libarchive.so.13.6.0
7f15904c8000-7f15904f1000 r--p 0009c000 103:02 5930335                   /usr/lib/x86_64-linux-gnu/libarchive.so.13.6.0
7f15904f1000-7f15904f5000 r--p 000c4000 103:02 5930335                   /usr/lib/x86_64-linux-gnu/libarchive.so.13.6.0
7f15904f5000-7f15904f6000 rw-p 000c8000 103:02 5930335                   /usr/lib/x86_64-linux-gnu/libarchive.so.13.6.0
7f15904f6000-7f159055b000 r--p 00000000 103:02 5906914                   /usr/lib/x86_64-linux-gnu/libtesseract.so.4.0.1
7f159055b000-7f1590744000 r-xp 00065000 103:02 5906914                   /usr/lib/x86_64-linux-gnu/libtesseract.so.4.0.1
7f1590744000-7f15907f7000 r--p 0024e000 103:02 5906914                   /usr/lib/x86_64-linux-gnu/libtesseract.so.4.0.1
7f15907f7000-7f15907fc000 r--p 00300000 103:02 5906914                   /usr/lib/x86_64-linux-gnu/libtesseract.so.4.0.1
7f15907fc000-7f15907fd000 rw-p 00305000 103:02 5906914                   /usr/lib/x86_64-linux-gnu/libtesseract.so.4.0.1
7f15907fd000-7f1590800000 rw-p 00000000 00:00 0 
7f1590800000-7f1590817000 r-xp 00000000 103:02 8257876                   /tmp/jna--905840787/jna869101407229735079.tmp (deleted)
7f1590817000-7f1590916000 ---p 00017000 103:02 8257876                   /tmp/jna--905840787/jna869101407229735079.tmp (deleted)
7f1590916000-7f1590918000 rw-p 00016000 103:02 8257876                   /tmp/jna--905840787/jna869101407229735079.tmp (deleted)
7f159091e000-7f1590920000 r--p 00000000 103:02 5931166                   /usr/lib/x86_64-linux-gnu/liblz4.so.1.9.3
7f1590920000-7f1590939000 r-xp 00002000 103:02 5931166                   /usr/lib/x86_64-linux-gnu/liblz4.so.1.9.3
7f1590939000-7f159093b000 r--p 0001b000 103:02 5931166                   /usr/lib/x86_64-linux-gnu/liblz4.so.1.9.3
7f159093b000-7f159093c000 ---p 0001d000 103:02 5931166                   /usr/lib/x86_64-linux-gnu/liblz4.so.1.9.3
7f159093c000-7f159093d000 r--p 0001d000 103:02 5931166                   /usr/lib/x86_64-linux-gnu/liblz4.so.1.9.3
7f159093d000-7f159093e000 rw-p 0001e000 103:02 5931166                   /usr/lib/x86_64-linux-gnu/liblz4.so.1.9.3
7f159093e000-7f1590948000 r--p 00000000 103:02 5931290                   /usr/lib/x86_64-linux-gnu/libnettle.so.8.4
7f1590948000-7f159096b000 r-xp 0000a000 103:02 5931290                   /usr/lib/x86_64-linux-gnu/libnettle.so.8.4
7f159096b000-7f1590981000 r--p 0002d000 103:02 5931290                   /usr/lib/x86_64-linux-gnu/libnettle.so.8.4
7f1590981000-7f1590983000 r--p 00042000 103:02 5931290                   /usr/lib/x86_64-linux-gnu/libnettle.so.8.4
7f1590983000-7f1590984000 rw-p 00044000 103:02 5931290                   /usr/lib/x86_64-linux-gnu/libnettle.so.8.4
7f1590984000-7f159098e000 r--p 00000000 103:02 5901898                   /usr/lib/x86_64-linux-gnu/libgomp.so.1.0.0
7f159098e000-7f15909bf000 r-xp 0000a000 103:02 5901898                   /usr/lib/x86_64-linux-gnu/libgomp.so.1.0.0
7f15909bf000-7f15909cc000 r--p 0003b000 103:02 5901898                   /usr/lib/x86_64-linux-gnu/libgomp.so.1.0.0
7f15909cc000-7f15909cd000 r--p 00047000 103:02 5901898                   /usr/lib/x86_64-linux-gnu/libgomp.so.1.0.0
7f15909cd000-7f15909ce000 rw-p 00048000 103:02 5901898                   /usr/lib/x86_64-linux-gnu/libgomp.so.1.0.0
7f15909f0000-7f15909fa000 r--p 00000000 103:02 5931139                   /usr/lib/x86_64-linux-gnu/liblcms2.so.2.0.12
7f15909fa000-7f1590a36000 r-xp 0000a000 103:02 5931139                   /usr/lib/x86_64-linux-gnu/liblcms2.so.2.0.12
7f1590a36000-7f1590a4a000 r--p 00046000 103:02 5931139                   /usr/lib/x86_64-linux-gnu/liblcms2.so.2.0.12
7f1590a4a000-7f1590a4b000 ---p 0005a000 103:02 5931139                   /usr/lib/x86_64-linux-gnu/liblcms2.so.2.0.12
7f1590a4b000-7f1590a4d000 r--p 0005a000 103:02 5931139                   /usr/lib/x86_64-linux-gnu/liblcms2.so.2.0.12
7f1590a4d000-7f1590a50000 rw-p 0005c000 103:02 5931139                   /usr/lib/x86_64-linux-gnu/liblcms2.so.2.0.12
7f1590a50000-7f1590a52000 rw-p 00000000 00:00 0 
7f1590a59000-7f1590a5b000 r--p 00000000 103:02 5930315                   /usr/lib/x86_64-linux-gnu/libacl.so.1.1.2301
7f1590a5b000-7f1590a5f000 r-xp 00002000 103:02 5930315                   /usr/lib/x86_64-linux-gnu/libacl.so.1.1.2301
7f1590a5f000-7f1590a60000 r--p 00006000 103:02 5930315                   /usr/lib/x86_64-linux-gnu/libacl.so.1.1.2301
7f1590a60000-7f1590a61000 ---p 00007000 103:02 5930315                   /usr/lib/x86_64-linux-gnu/libacl.so.1.1.2301
7f1590a61000-7f1590a62000 r--p 00007000 103:02 5930315                   /usr/lib/x86_64-linux-gnu/libacl.so.1.1.2301
7f1590a62000-7f1590a63000 rw-p 00008000 103:02 5930315                   /usr/lib/x86_64-linux-gnu/libacl.so.1.1.2301
7f1590a63000-7f1590a74000 r--s 001c5000 103:02 7864577                   /usr/lib/jvm/java-8-openjdk-amd64/jre/lib/jsse.jar
7f1590a74000-7f1590a78000 r--p 00000000 103:02 5931110                   /usr/lib/x86_64-linux-gnu/libjpeg.so.8.2.2
7f1590a78000-7f1590ac1000 r-xp 00004000 103:02 5931110                   /usr/lib/x86_64-linux-gnu/libjpeg.so.8.2.2
7f1590ac1000-7f1590af3000 r--p 0004d000 103:02 5931110                   /usr/lib/x86_64-linux-gnu/libjpeg.so.8.2.2
7f1590af3000-7f1590af4000 r--p 0007e000 103:02 5931110                   /usr/lib/x86_64-linux-gnu/libjpeg.so.8.2.2
7f1590af4000-7f1590af5000 rw-p 0007f000 103:02 5931110                   /usr/lib/x86_64-linux-gnu/libjpeg.so.8.2.2
7f1590afe000-7f1590b00000 r--p 00000000 103:02 7864527                   /usr/lib/jvm/java-8-openjdk-amd64/jre/lib/amd64/libjavalcms.so
7f1590b00000-7f1590b02000 r-xp 00002000 103:02 7864527                   /usr/lib/jvm/java-8-openjdk-amd64/jre/lib/amd64/libjavalcms.so
7f1590b02000-7f1590b03000 r--p 00004000 103:02 7864527                   /usr/lib/jvm/java-8-openjdk-amd64/jre/lib/amd64/libjavalcms.so
7f1590b03000-7f1590b04000 r--p 00004000 103:02 7864527                   /usr/lib/jvm/java-8-openjdk-amd64/jre/lib/amd64/libjavalcms.so
7f1590b04000-7f1590b05000 rw-p 00005000 103:02 7864527                   /usr/lib/jvm/java-8-openjdk-amd64/jre/lib/amd64/libjavalcms.so
7f1590b05000-7f1590b17000 r--s 0034c000 103:02 7864581                   /usr/lib/jvm/java-8-openjdk-amd64/jre/lib/resources.jar
7f1590b17000-7f1590b19000 r--p 00000000 103:02 7864526                   /usr/lib/jvm/java-8-openjdk-amd64/jre/lib/amd64/libjavajpeg.so
7f1590b19000-7f1590b21000 r-xp 00002000 103:02 7864526                   /usr/lib/jvm/java-8-openjdk-amd64/jre/lib/amd64/libjavajpeg.so
7f1590b21000-7f1590b22000 r--p 0000a000 103:02 7864526                   /usr/lib/jvm/java-8-openjdk-amd64/jre/lib/amd64/libjavajpeg.so
7f1590b22000-7f1590b23000 ---p 0000b000 103:02 7864526                   /usr/lib/jvm/java-8-openjdk-amd64/jre/lib/amd64/libjavajpeg.so
7f1590b23000-7f1590b24000 r--p 0000b000 103:02 7864526                   /usr/lib/jvm/java-8-openjdk-amd64/jre/lib/amd64/libjavajpeg.so
7f1590b24000-7f1590b25000 rw-p 0000c000 103:02 7864526                   /usr/lib/jvm/java-8-openjdk-amd64/jre/lib/amd64/libjavajpeg.so
7f1590b25000-7f1590b28000 ---p 00000000 00:00 0 
7f1590b28000-7f1590c25000 rw-p 00000000 00:00 0 
7f1590c25000-7f1590c2c000 r--s 00000000 103:02 5924921                   /usr/lib/x86_64-linux-gnu/gconv/gconv-modules.cache
7f1590c2c000-7f1590c2e000 r--p 00000000 103:02 5931192                   /usr/lib/x86_64-linux-gnu/libmd.so.0.0.5
7f1590c2e000-7f1590c35000 r-xp 00002000 103:02 5931192                   /usr/lib/x86_64-linux-gnu/libmd.so.0.0.5
7f1590c35000-7f1590c37000 r--p 00009000 103:02 5931192                   /usr/lib/x86_64-linux-gnu/libmd.so.0.0.5
7f1590c37000-7f1590c38000 r--p 0000a000 103:02 5931192                   /usr/lib/x86_64-linux-gnu/libmd.so.0.0.5
7f1590c38000-7f1590c39000 rw-p 0000b000 103:02 5931192                   /usr/lib/x86_64-linux-gnu/libmd.so.0.0.5
7f1590c39000-7f1590c3d000 r--p 00000000 103:02 5930458                   /usr/lib/x86_64-linux-gnu/libbsd.so.0.11.5
7f1590c3d000-7f1590c4a000 r-xp 00004000 103:02 5930458                   /usr/lib/x86_64-linux-gnu/libbsd.so.0.11.5
7f1590c4a000-7f1590c4d000 r--p 00011000 103:02 5930458                   /usr/lib/x86_64-linux-gnu/libbsd.so.0.11.5
7f1590c4d000-7f1590c4e000 ---p 00014000 103:02 5930458                   /usr/lib/x86_64-linux-gnu/libbsd.so.0.11.5
7f1590c4e000-7f1590c4f000 r--p 00014000 103:02 5930458                   /usr/lib/x86_64-linux-gnu/libbsd.so.0.11.5
7f1590c4f000-7f1590c50000 rw-p 00015000 103:02 5930458                   /usr/lib/x86_64-linux-gnu/libbsd.so.0.11.5
7f1590c50000-7f1590c51000 rw-p 00000000 00:00 0 
7f1590c51000-7f1590c53000 r--p 00000000 103:02 5930147                   /usr/lib/x86_64-linux-gnu/libXdmcp.so.6.0.0
7f1590c53000-7f1590c55000 r-xp 00002000 103:02 5930147                   /usr/lib/x86_64-linux-gnu/libXdmcp.so.6.0.0
7f1590c55000-7f1590c57000 r--p 00004000 103:02 5930147                   /usr/lib/x86_64-linux-gnu/libXdmcp.so.6.0.0
7f1590c57000-7f1590c58000 r--p 00005000 103:02 5930147                   /usr/lib/x86_64-linux-gnu/libXdmcp.so.6.0.0
7f1590c58000-7f1590c59000 rw-p 00006000 103:02 5930147                   /usr/lib/x86_64-linux-gnu/libXdmcp.so.6.0.0
7f1590c59000-7f1590c5a000 r--p 00000000 103:02 5930136                   /usr/lib/x86_64-linux-gnu/libXau.so.6.0.0
7f1590c5a000-7f1590c5c000 r-xp 00001000 103:02 5930136                   /usr/lib/x86_64-linux-gnu/libXau.so.6.0.0
7f1590c5c000-7f1590c5d000 r--p 00003000 103:02 5930136                   /usr/lib/x86_64-linux-gnu/libXau.so.6.0.0
7f1590c5d000-7f1590c5e000 r--p 00003000 103:02 5930136                   /usr/lib/x86_64-linux-gnu/libXau.so.6.0.0
7f1590c5e000-7f1590c5f000 rw-p 00004000 103:02 5930136                   /usr/lib/x86_64-linux-gnu/libXau.so.6.0.0
7f1590c5f000-7f1590c6a000 r--p 00000000 103:02 5931910                   /usr/lib/x86_64-linux-gnu/libxcb.so.1.1.0
7f1590c6a000-7f1590c7e000 r-xp 0000b000 103:02 5931910                   /usr/lib/x86_64-linux-gnu/libxcb.so.1.1.0
7f1590c7e000-7f1590c87000 r--p 0001f000 103:02 5931910                   /usr/lib/x86_64-linux-gnu/libxcb.so.1.1.0
7f1590c87000-7f1590c88000 r--p 00027000 103:02 5931910                   /usr/lib/x86_64-linux-gnu/libxcb.so.1.1.0
7f1590c88000-7f1590c89000 rw-p 00028000 103:02 5931910                   /usr/lib/x86_64-linux-gnu/libxcb.so.1.1.0
7f1590c89000-7f1590c8c000 r--p 00000000 103:02 5930157                   /usr/lib/x86_64-linux-gnu/libXi.so.6.1.0
7f1590c8c000-7f1590c98000 r-xp 00003000 103:02 5930157                   /usr/lib/x86_64-linux-gnu/libXi.so.6.1.0
7f1590c98000-7f1590c9b000 r--p 0000f000 103:02 5930157                   /usr/lib/x86_64-linux-gnu/libXi.so.6.1.0
7f1590c9b000-7f1590c9c000 r--p 00011000 103:02 5930157                   /usr/lib/x86_64-linux-gnu/libXi.so.6.1.0
7f1590c9c000-7f1590c9d000 rw-p 00012000 103:02 5930157                   /usr/lib/x86_64-linux-gnu/libXi.so.6.1.0
7f1590c9d000-7f1590c9f000 r--p 00000000 103:02 5930177                   /usr/lib/x86_64-linux-gnu/libXtst.so.6.1.0
7f1590c9f000-7f1590ca2000 r-xp 00002000 103:02 5930177                   /usr/lib/x86_64-linux-gnu/libXtst.so.6.1.0
7f1590ca2000-7f1590ca3000 r--p 00005000 103:02 5930177                   /usr/lib/x86_64-linux-gnu/libXtst.so.6.1.0
7f1590ca3000-7f1590ca4000 r--p 00005000 103:02 5930177                   /usr/lib/x86_64-linux-gnu/libXtst.so.6.1.0
7f1590ca4000-7f1590ca5000 rw-p 00006000 103:02 5930177                   /usr/lib/x86_64-linux-gnu/libXtst.so.6.1.0
7f1590ca5000-7f1590ca7000 r--p 00000000 103:02 5930171                   /usr/lib/x86_64-linux-gnu/libXrender.so.1.3.0
7f1590ca7000-7f1590cae000 r-xp 00002000 103:02 5930171                   /usr/lib/x86_64-linux-gnu/libXrender.so.1.3.0
7f1590cae000-7f1590cb0000 r--p 00009000 103:02 5930171                   /usr/lib/x86_64-linux-gnu/libXrender.so.1.3.0
7f1590cb0000-7f1590cb1000 r--p 0000a000 103:02 5930171                   /usr/lib/x86_64-linux-gnu/libXrender.so.1.3.0
7f1590cb1000-7f1590cb2000 rw-p 0000b000 103:02 5930171                   /usr/lib/x86_64-linux-gnu/libXrender.so.1.3.0
7f1590cb2000-7f1590ccb000 r--p 00000000 103:02 5898922                   /usr/lib/x86_64-linux-gnu/libX11.so.6.4.0
7f1590ccb000-7f1590d57000 r-xp 00019000 103:02 5898922                   /usr/lib/x86_64-linux-gnu/libX11.so.6.4.0
7f1590d57000-7f1590dec000 r--p 000a5000 103:02 5898922                   /usr/lib/x86_64-linux-gnu/libX11.so.6.4.0
7f1590dec000-7f1590ded000 ---p 0013a000 103:02 5898922                   /usr/lib/x86_64-linux-gnu/libX11.so.6.4.0
7f1590ded000-7f1590dee000 r--p 0013a000 103:02 5898922                   /usr/lib/x86_64-linux-gnu/libX11.so.6.4.0
7f1590dee000-7f1590df2000 rw-p 0013b000 103:02 5898922                   /usr/lib/x86_64-linux-gnu/libX11.so.6.4.0
7f1590df2000-7f1590df6000 r--p 00000000 103:02 5930149                   /usr/lib/x86_64-linux-gnu/libXext.so.6.4.0
7f1590df6000-7f1590e01000 r-xp 00004000 103:02 5930149                   /usr/lib/x86_64-linux-gnu/libXext.so.6.4.0
7f1590e01000-7f1590e05000 r--p 0000f000 103:02 5930149                   /usr/lib/x86_64-linux-gnu/libXext.so.6.4.0
7f1590e05000-7f1590e06000 r--p 00012000 103:02 5930149                   /usr/lib/x86_64-linux-gnu/libXext.so.6.4.0
7f1590e06000-7f1590e07000 rw-p 00013000 103:02 5930149                   /usr/lib/x86_64-linux-gnu/libXext.so.6.4.0
7f1590e07000-7f1590e29000 r--p 00000000 103:02 6989126                   /usr/share/locale-langpack/es/LC_MESSAGES/libc.mo
7f1590e29000-7f1590e39000 r--p 00000000 103:02 7864515                   /usr/lib/jvm/java-8-openjdk-amd64/jre/lib/amd64/libawt_xawt.so
7f1590e39000-7f1590e78000 r-xp 00010000 103:02 7864515                   /usr/lib/jvm/java-8-openjdk-amd64/jre/lib/amd64/libawt_xawt.so
7f1590e78000-7f1590e89000 r--p 0004f000 103:02 7864515                   /usr/lib/jvm/java-8-openjdk-amd64/jre/lib/amd64/libawt_xawt.so
7f1590e89000-7f1590e8a000 r--p 0005f000 103:02 7864515                   /usr/lib/jvm/java-8-openjdk-amd64/jre/lib/amd64/libawt_xawt.so
7f1590e8a000-7f1590e8d000 rw-p 00060000 103:02 7864515                   /usr/lib/jvm/java-8-openjdk-amd64/jre/lib/amd64/libawt_xawt.so
7f1590e8d000-7f1590e8f000 rw-p 00000000 00:00 0 
7f1590e8f000-7f1590ebc000 r--p 00000000 103:02 7864513                   /usr/lib/jvm/java-8-openjdk-amd64/jre/lib/amd64/libawt.so
7f1590ebc000-7f1590f26000 r-xp 0002d000 103:02 7864513                   /usr/lib/jvm/java-8-openjdk-amd64/jre/lib/amd64/libawt.so
7f1590f26000-7f1590f32000 r--p 00097000 103:02 7864513                   /usr/lib/jvm/java-8-openjdk-amd64/jre/lib/amd64/libawt.so
7f1590f32000-7f1590f33000 ---p 000a3000 103:02 7864513                   /usr/lib/jvm/java-8-openjdk-amd64/jre/lib/amd64/libawt.so
7f1590f33000-7f1590f34000 r--p 000a3000 103:02 7864513                   /usr/lib/jvm/java-8-openjdk-amd64/jre/lib/amd64/libawt.so
7f1590f34000-7f1590f3f000 rw-p 000a4000 103:02 7864513                   /usr/lib/jvm/java-8-openjdk-amd64/jre/lib/amd64/libawt.so
7f1590f3f000-7f1590f64000 rw-p 00000000 00:00 0 
7f1590f64000-7f1590f6c000 r--s 000bb000 103:03 1357321                   /home/sergio/code/work/eclipse-workspace/correctorExamenes/cosas/opencv-490.jar
7f1590f6c000-7f1590f75000 r--s 0006f000 103:03 1357474                   /home/sergio/code/work/eclipse-workspace/correctorExamenes/cosas/log4j-1.2.17.jar
7f1590f75000-7f1590f79000 r--s 000dc000 103:03 1357473                   /home/sergio/code/work/eclipse-workspace/correctorExamenes/cosas/jna-4.1.0.jar
7f1590f79000-7f1590faa000 rw-p 00000000 00:00 0 
7f1590faa000-7f1590faf000 r--p 00000000 103:02 7864535                   /usr/lib/jvm/java-8-openjdk-amd64/jre/lib/amd64/libnet.so
7f1590faf000-7f1590fc0000 r-xp 00005000 103:02 7864535                   /usr/lib/jvm/java-8-openjdk-amd64/jre/lib/amd64/libnet.so
7f1590fc0000-7f1590fc4000 r--p 00016000 103:02 7864535                   /usr/lib/jvm/java-8-openjdk-amd64/jre/lib/amd64/libnet.so
7f1590fc4000-7f1590fc5000 r--p 00019000 103:02 7864535                   /usr/lib/jvm/java-8-openjdk-amd64/jre/lib/amd64/libnet.so
7f1590fc5000-7f1590fc6000 rw-p 0001a000 103:02 7864535                   /usr/lib/jvm/java-8-openjdk-amd64/jre/lib/amd64/libnet.so
7f1590fc6000-7f1590fcd000 r--p 00000000 103:02 7864536                   /usr/lib/jvm/java-8-openjdk-amd64/jre/lib/amd64/libnio.so
7f1590fcd000-7f1590fd6000 r-xp 00007000 103:02 7864536                   /usr/lib/jvm/java-8-openjdk-amd64/jre/lib/amd64/libnio.so
7f1590fd6000-7f1590fd9000 r--p 00010000 103:02 7864536                   /usr/lib/jvm/java-8-openjdk-amd64/jre/lib/amd64/libnio.so
7f1590fd9000-7f1590fda000 r--p 00012000 103:02 7864536                   /usr/lib/jvm/java-8-openjdk-amd64/jre/lib/amd64/libnio.so
7f1590fda000-7f1590fdb000 rw-p 00013000 103:02 7864536                   /usr/lib/jvm/java-8-openjdk-amd64/jre/lib/amd64/libnio.so
7f1590fdb000-7f1590fdc000 ---p 00000000 00:00 0 
7f1590fdc000-7f15910dc000 rw-p 00000000 00:00 0 
7f15910dc000-7f15910df000 ---p 00000000 00:00 0 
7f15910df000-7f15911dc000 rw-p 00000000 00:00 0 
7f15911dc000-7f15911dd000 ---p 00000000 00:00 0 
7f15911dd000-7f15911e0000 ---p 00000000 00:00 0 
7f15911e0000-7f15912dd000 rw-p 00000000 00:00 0 
7f15912dd000-7f15912de000 ---p 00000000 00:00 0 
7f15912de000-7f15912e1000 ---p 00000000 00:00 0 
7f15912e1000-7f15913de000 rw-p 00000000 00:00 0 
7f15913de000-7f15913df000 ---p 00000000 00:00 0 
7f15913df000-7f15913e2000 ---p 00000000 00:00 0 
7f15913e2000-7f15914df000 rw-p 00000000 00:00 0 
7f15914df000-7f15914e0000 ---p 00000000 00:00 0 
7f15914e0000-7f15914e3000 ---p 00000000 00:00 0 
7f15914e3000-7f15915e0000 rw-p 00000000 00:00 0 
7f15915e0000-7f15915e3000 ---p 00000000 00:00 0 
7f15915e3000-7f15916e0000 rw-p 00000000 00:00 0 
7f15916e0000-7f1591ee1000 r--p 00000000 103:02 5899966                   /usr/lib/locale/locale-archive
7f1591ee1000-7f1591ee4000 ---p 00000000 00:00 0 
7f1591ee4000-7f1591fe1000 rw-p 00000000 00:00 0 
7f1591fe1000-7f1591fe4000 ---p 00000000 00:00 0 
7f1591fe4000-7f15920e1000 rw-p 00000000 00:00 0 
7f15920e1000-7f15920e2000 ---p 00000000 00:00 0 
7f15920e2000-7f1594000000 rw-p 00000000 00:00 0 
7f1594000000-7f1594021000 rw-p 00000000 00:00 0 
7f1594021000-7f1598000000 ---p 00000000 00:00 0 
7f1598003000-7f1598005000 r--s 00009000 103:03 1357476                   /home/sergio/code/work/eclipse-workspace/correctorExamenes/cosas/slf4j-api-1.7.25.jar
7f1598005000-7f1598007000 r--s 00003000 103:03 1357478                   /home/sergio/code/work/eclipse-workspace/correctorExamenes/cosas/jcl-over-slf4j-1.7.25.jar
7f1598007000-7f1598009000 r--s 00004000 103:03 1357479                   /home/sergio/code/work/eclipse-workspace/correctorExamenes/cosas/log4j-over-slf4j-1.7.25.jar
7f1598009000-7f159800e000 r--s 00320000 103:03 1357475                   /home/sergio/code/work/eclipse-workspace/correctorExamenes/cosas/lept4j-1.9.3.jar
7f159800e000-7f1598010000 r--s 01274000 103:03 1357472                   /home/sergio/code/work/eclipse-workspace/correctorExamenes/cosas/tess4j-4.0.0.jar
7f1598010000-7f159802c000 r--s 00394000 103:02 7864554                   /usr/lib/jvm/java-8-openjdk-amd64/jre/lib/ext/cldrdata.jar
7f159802c000-7f1598047000 r--s 001d6000 103:02 7864559                   /usr/lib/jvm/java-8-openjdk-amd64/jre/lib/ext/nashorn.jar
7f1598047000-7f15983ce000 rw-p 00000000 00:00 0 
7f15983ce000-7f15985a0000 r--s 03cc9000 103:02 7864582                   /usr/lib/jvm/java-8-openjdk-amd64/jre/lib/rt.jar
7f15985a0000-7f15a0000000 rw-p 00000000 00:00 0 
7f15a0000000-7f15a0021000 rw-p 00000000 00:00 0 
7f15a0021000-7f15a4000000 ---p 00000000 00:00 0 
7f15a4000000-7f15a4021000 rw-p 00000000 00:00 0 
7f15a4021000-7f15a8000000 ---p 00000000 00:00 0 
7f15a8000000-7f15a8021000 rw-p 00000000 00:00 0 
7f15a8021000-7f15ac000000 ---p 00000000 00:00 0 
7f15ac000000-7f15ac021000 rw-p 00000000 00:00 0 
7f15ac021000-7f15b0000000 ---p 00000000 00:00 0 
7f15b0000000-7f15b0021000 rw-p 00000000 00:00 0 
7f15b0021000-7f15b4000000 ---p 00000000 00:00 0 
7f15b4000000-7f15b4021000 rw-p 00000000 00:00 0 
7f15b4021000-7f15b8000000 ---p 00000000 00:00 0 
7f15b8000000-7f15b8021000 rw-p 00000000 00:00 0 
7f15b8021000-7f15bc000000 ---p 00000000 00:00 0 
7f15bc000000-7f15bc021000 rw-p 00000000 00:00 0 
7f15bc021000-7f15c0000000 ---p 00000000 00:00 0 
7f15c0000000-7f15c0021000 rw-p 00000000 00:00 0 
7f15c0021000-7f15c4000000 ---p 00000000 00:00 0 
7f15c4001000-7f15c4002000 r--s 0000b000 103:03 1334037                   /home/sergio/code/work/eclipse-workspace/correctorExamenes/cosas/org.json.jar
7f15c4002000-7f15c4004000 r--s 00000000 103:03 1357477                   /home/sergio/code/work/eclipse-workspace/correctorExamenes/cosas/jul-to-slf4j-1.7.25.jar
7f15c4004000-7f15c400f000 r--s 0008f000 103:03 1356431                   /home/sergio/code/work/eclipse-workspace/correctorExamenes/cosas/jai-imageio-core-1.4.0.jar
7f15c400f000-7f15c4010000 r--s 0000b000 103:03 158208                    /home/sergio/code/librerias/org.json.jar
7f15c4010000-7f15c4012000 r--s 00001000 103:02 7864555                   /usr/lib/jvm/java-8-openjdk-amd64/jre/lib/ext/dnsns.jar
7f15c4012000-7f15c4018000 r--s 0003e000 103:02 7864561                   /usr/lib/jvm/java-8-openjdk-amd64/jre/lib/ext/sunjce_provider.jar
7f15c4018000-7f15c47da000 rw-p 00000000 00:00 0 
7f15c47da000-7f15c485a000 ---p 00000000 00:00 0 
7f15c485a000-7f15c5000000 rw-p 00000000 00:00 0 
7f15c5000000-7f15c52e0000 rwxp 00000000 00:00 0 
7f15c52e0000-7f15d4000000 ---p 00000000 00:00 0 
7f15d4000000-7f15d4a0c000 rw-p 00000000 00:00 0 
7f15d4a0c000-7f15d8000000 ---p 00000000 00:00 0 
7f15d8000000-7f15d8002000 r--s 0000c000 103:02 6057136                   /usr/share/java/java-atk-wrapper.jar
7f15d8002000-7f15d8005000 r--s 00042000 103:02 7864562                   /usr/lib/jvm/java-8-openjdk-amd64/jre/lib/ext/sunpkcs11.jar
7f15d8005000-7f15d800f000 r--s 00117000 103:02 7864558                   /usr/lib/jvm/java-8-openjdk-amd64/jre/lib/ext/localedata.jar
7f15d800f000-7f15d8011000 r--s 00010000 103:02 7864563                   /usr/lib/jvm/java-8-openjdk-amd64/jre/lib/ext/zipfs.jar
7f15d8011000-7f15d8018000 r--s 000d3000 103:02 7864576                   /usr/lib/jvm/java-8-openjdk-amd64/jre/lib/jfr.jar
7f15d8018000-7f15d8251000 rw-p 00000000 00:00 0 
7f15d8251000-7f15d8252000 ---p 00000000 00:00 0 
7f15d8252000-7f15d8352000 rw-p 00000000 00:00 0 
7f15d8352000-7f15d8353000 ---p 00000000 00:00 0 
7f15d8353000-7f15d8453000 rw-p 00000000 00:00 0 
7f15d8453000-7f15d8454000 ---p 00000000 00:00 0 
7f15d8454000-7f15d8554000 rw-p 00000000 00:00 0 
7f15d8554000-7f15d8555000 ---p 00000000 00:00 0 
7f15d8555000-7f15d8655000 rw-p 00000000 00:00 0 
7f15d8655000-7f15d8656000 ---p 00000000 00:00 0 
7f15d8656000-7f15d8756000 rw-p 00000000 00:00 0 
7f15d8756000-7f15d8757000 ---p 00000000 00:00 0 
7f15d8757000-7f15d8857000 rw-p 00000000 00:00 0 
7f15d8857000-7f15d8858000 ---p 00000000 00:00 0 
7f15d8858000-7f15d8958000 rw-p 00000000 00:00 0 
7f15d8958000-7f15d8959000 ---p 00000000 00:00 0 
7f15d8959000-7f15d8a59000 rw-p 00000000 00:00 0 
7f15d8a59000-7f15d8a5a000 ---p 00000000 00:00 0 
7f15d8a5a000-7f15d8b5a000 rw-p 00000000 00:00 0 
7f15d8b5a000-7f15d8b5b000 ---p 00000000 00:00 0 
7f15d8b5b000-7f15d8cad000 rw-p 00000000 00:00 0 
7f15d8cad000-7f15d9175000 ---p 00000000 00:00 0 
7f15d9175000-7f15d91c7000 rw-p 00000000 00:00 0 
7f15d91c7000-7f15d968e000 ---p 00000000 00:00 0 
7f15d968e000-7f15d96d7000 rw-p 00000000 00:00 0 
7f15d96d7000-7f15d991b000 ---p 00000000 00:00 0 
7f15d991b000-7f15d9928000 rw-p 00000000 00:00 0 
7f15d9928000-7f15d9cdc000 ---p 00000000 00:00 0 
7f15d9cdc000-7f15d9cdf000 r--p 00000000 103:02 7864543                   /usr/lib/jvm/java-8-openjdk-amd64/jre/lib/amd64/libzip.so
7f15d9cdf000-7f15d9ce4000 r-xp 00003000 103:02 7864543                   /usr/lib/jvm/java-8-openjdk-amd64/jre/lib/amd64/libzip.so
7f15d9ce4000-7f15d9ce6000 r--p 00008000 103:02 7864543                   /usr/lib/jvm/java-8-openjdk-amd64/jre/lib/amd64/libzip.so
7f15d9ce6000-7f15d9ce7000 r--p 00009000 103:02 7864543                   /usr/lib/jvm/java-8-openjdk-amd64/jre/lib/amd64/libzip.so
7f15d9ce7000-7f15d9ce8000 rw-p 0000a000 103:02 7864543                   /usr/lib/jvm/java-8-openjdk-amd64/jre/lib/amd64/libzip.so
7f15d9ce8000-7f15d9cf5000 r--p 00000000 103:02 7864524                   /usr/lib/jvm/java-8-openjdk-amd64/jre/lib/amd64/libjava.so
7f15d9cf5000-7f15d9d0d000 r-xp 0000d000 103:02 7864524                   /usr/lib/jvm/java-8-openjdk-amd64/jre/lib/amd64/libjava.so
7f15d9d0d000-7f15d9d14000 r--p 00025000 103:02 7864524                   /usr/lib/jvm/java-8-openjdk-amd64/jre/lib/amd64/libjava.so
7f15d9d14000-7f15d9d15000 r--p 0002b000 103:02 7864524                   /usr/lib/jvm/java-8-openjdk-amd64/jre/lib/amd64/libjava.so
7f15d9d15000-7f15d9d17000 rw-p 0002c000 103:02 7864524                   /usr/lib/jvm/java-8-openjdk-amd64/jre/lib/amd64/libjava.so
7f15d9d17000-7f15d9d18000 r--p 00000000 103:02 5901932                   /usr/lib/x86_64-linux-gnu/librt.so.1
7f15d9d18000-7f15d9d19000 r-xp 00001000 103:02 5901932                   /usr/lib/x86_64-linux-gnu/librt.so.1
7f15d9d19000-7f15d9d1a000 r--p 00002000 103:02 5901932                   /usr/lib/x86_64-linux-gnu/librt.so.1
7f15d9d1a000-7f15d9d1b000 r--p 00002000 103:02 5901932                   /usr/lib/x86_64-linux-gnu/librt.so.1
7f15d9d1b000-7f15d9d1c000 rw-p 00003000 103:02 5901932                   /usr/lib/x86_64-linux-gnu/librt.so.1
7f15d9d1c000-7f15d9d1d000 ---p 00000000 00:00 0 
7f15d9d1d000-7f15d9d20000 ---p 00000000 00:00 0 
7f15d9d20000-7f15d9e1d000 rw-p 00000000 00:00 0 
7f15d9e1d000-7f15d9e20000 r--p 00000000 103:02 5901894                   /usr/lib/x86_64-linux-gnu/libgcc_s.so.1
7f15d9e20000-7f15d9e37000 r-xp 00003000 103:02 5901894                   /usr/lib/x86_64-linux-gnu/libgcc_s.so.1
7f15d9e37000-7f15d9e3b000 r--p 0001a000 103:02 5901894                   /usr/lib/x86_64-linux-gnu/libgcc_s.so.1
7f15d9e3b000-7f15d9e3c000 r--p 0001d000 103:02 5901894                   /usr/lib/x86_64-linux-gnu/libgcc_s.so.1
7f15d9e3c000-7f15d9e3d000 rw-p 0001e000 103:02 5901894                   /usr/lib/x86_64-linux-gnu/libgcc_s.so.1
7f15d9e3d000-7f15d9e4b000 r--p 00000000 103:02 5900581                   /usr/lib/x86_64-linux-gnu/libm.so.6
7f15d9e4b000-7f15d9ec7000 r-xp 0000e000 103:02 5900581                   /usr/lib/x86_64-linux-gnu/libm.so.6
7f15d9ec7000-7f15d9f22000 r--p 0008a000 103:02 5900581                   /usr/lib/x86_64-linux-gnu/libm.so.6
7f15d9f22000-7f15d9f23000 r--p 000e4000 103:02 5900581                   /usr/lib/x86_64-linux-gnu/libm.so.6
7f15d9f23000-7f15d9f24000 rw-p 000e5000 103:02 5900581                   /usr/lib/x86_64-linux-gnu/libm.so.6
7f15d9f24000-7f15d9fbe000 r--p 00000000 103:02 5898793                   /usr/lib/x86_64-linux-gnu/libstdc++.so.6.0.30
7f15d9fbe000-7f15da0cf000 r-xp 0009a000 103:02 5898793                   /usr/lib/x86_64-linux-gnu/libstdc++.so.6.0.30
7f15da0cf000-7f15da13e000 r--p 001ab000 103:02 5898793                   /usr/lib/x86_64-linux-gnu/libstdc++.so.6.0.30
7f15da13e000-7f15da13f000 ---p 0021a000 103:02 5898793                   /usr/lib/x86_64-linux-gnu/libstdc++.so.6.0.30
7f15da13f000-7f15da14a000 r--p 0021a000 103:02 5898793                   /usr/lib/x86_64-linux-gnu/libstdc++.so.6.0.30
7f15da14a000-7f15da14d000 rw-p 00225000 103:02 5898793                   /usr/lib/x86_64-linux-gnu/libstdc++.so.6.0.30
7f15da14d000-7f15da150000 rw-p 00000000 00:00 0 
7f15da150000-7f15da346000 r--p 00000000 103:02 7864545                   /usr/lib/jvm/java-8-openjdk-amd64/jre/lib/amd64/server/libjvm.so
7f15da346000-7f15dacb6000 r-xp 001f6000 103:02 7864545                   /usr/lib/jvm/java-8-openjdk-amd64/jre/lib/amd64/server/libjvm.so
7f15dacb6000-7f15dae61000 r--p 00b66000 103:02 7864545                   /usr/lib/jvm/java-8-openjdk-amd64/jre/lib/amd64/server/libjvm.so
7f15dae61000-7f15dae62000 ---p 00d11000 103:02 7864545                   /usr/lib/jvm/java-8-openjdk-amd64/jre/lib/amd64/server/libjvm.so
7f15dae62000-7f15daef8000 r--p 00d11000 103:02 7864545                   /usr/lib/jvm/java-8-openjdk-amd64/jre/lib/amd64/server/libjvm.so
7f15daef8000-7f15daf21000 rw-p 00da7000 103:02 7864545                   /usr/lib/jvm/java-8-openjdk-amd64/jre/lib/amd64/server/libjvm.so
7f15daf21000-7f15daf56000 rw-p 00000000 00:00 0 
7f15daf56000-7f15daf7e000 r--p 00000000 103:02 5900575                   /usr/lib/x86_64-linux-gnu/libc.so.6
7f15daf7e000-7f15db113000 r-xp 00028000 103:02 5900575                   /usr/lib/x86_64-linux-gnu/libc.so.6
7f15db113000-7f15db16b000 r--p 001bd000 103:02 5900575                   /usr/lib/x86_64-linux-gnu/libc.so.6
7f15db16b000-7f15db16c000 ---p 00215000 103:02 5900575                   /usr/lib/x86_64-linux-gnu/libc.so.6
7f15db16c000-7f15db170000 r--p 00215000 103:02 5900575                   /usr/lib/x86_64-linux-gnu/libc.so.6
7f15db170000-7f15db172000 rw-p 00219000 103:02 5900575                   /usr/lib/x86_64-linux-gnu/libc.so.6
7f15db172000-7f15db17f000 rw-p 00000000 00:00 0 
7f15db17f000-7f15db182000 r--p 00000000 103:02 7864510                   /usr/lib/jvm/java-8-openjdk-amd64/jre/lib/amd64/jli/libjli.so
7f15db182000-7f15db18b000 r-xp 00003000 103:02 7864510                   /usr/lib/jvm/java-8-openjdk-amd64/jre/lib/amd64/jli/libjli.so
7f15db18b000-7f15db18e000 r--p 0000c000 103:02 7864510                   /usr/lib/jvm/java-8-openjdk-amd64/jre/lib/amd64/jli/libjli.so
7f15db18e000-7f15db18f000 r--p 0000e000 103:02 7864510                   /usr/lib/jvm/java-8-openjdk-amd64/jre/lib/amd64/jli/libjli.so
7f15db18f000-7f15db190000 rw-p 0000f000 103:02 7864510                   /usr/lib/jvm/java-8-openjdk-amd64/jre/lib/amd64/jli/libjli.so
7f15db190000-7f15db192000 r--p 00000000 103:02 5931953                   /usr/lib/x86_64-linux-gnu/libz.so.1.2.11
7f15db192000-7f15db1a3000 r-xp 00002000 103:02 5931953                   /usr/lib/x86_64-linux-gnu/libz.so.1.2.11
7f15db1a3000-7f15db1a9000 r--p 00013000 103:02 5931953                   /usr/lib/x86_64-linux-gnu/libz.so.1.2.11
7f15db1a9000-7f15db1aa000 ---p 00019000 103:02 5931953                   /usr/lib/x86_64-linux-gnu/libz.so.1.2.11
7f15db1aa000-7f15db1ab000 r--p 00019000 103:02 5931953                   /usr/lib/x86_64-linux-gnu/libz.so.1.2.11
7f15db1ab000-7f15db1ac000 rw-p 0001a000 103:02 5931953                   /usr/lib/x86_64-linux-gnu/libz.so.1.2.11
7f15db1ac000-7f15db1af000 r--s 0000f000 103:02 7864556                   /usr/lib/jvm/java-8-openjdk-amd64/jre/lib/ext/icedtea-sound.jar
7f15db1af000-7f15db1b1000 r--s 00008000 103:02 7864560                   /usr/lib/jvm/java-8-openjdk-amd64/jre/lib/ext/sunec.jar
7f15db1b1000-7f15db1b2000 r--s 0000a000 103:02 7864557                   /usr/lib/jvm/java-8-openjdk-amd64/jre/lib/ext/jaccess.jar
7f15db1b2000-7f15db1ba000 rw-s 00000000 103:02 8257875                   /tmp/hsperfdata_sergio/2973769
7f15db1ba000-7f15db1bb000 rw-p 00000000 00:00 0 
7f15db1bb000-7f15db1c0000 r--p 00000000 103:02 7864542                   /usr/lib/jvm/java-8-openjdk-amd64/jre/lib/amd64/libverify.so
7f15db1c0000-7f15db1c9000 r-xp 00005000 103:02 7864542                   /usr/lib/jvm/java-8-openjdk-amd64/jre/lib/amd64/libverify.so
7f15db1c9000-7f15db1cb000 r--p 0000e000 103:02 7864542                   /usr/lib/jvm/java-8-openjdk-amd64/jre/lib/amd64/libverify.so
7f15db1cb000-7f15db1cd000 r--p 0000f000 103:02 7864542                   /usr/lib/jvm/java-8-openjdk-amd64/jre/lib/amd64/libverify.so
7f15db1cd000-7f15db1ce000 rw-p 00011000 103:02 7864542                   /usr/lib/jvm/java-8-openjdk-amd64/jre/lib/amd64/libverify.so
7f15db1ce000-7f15db1d0000 rw-p 00000000 00:00 0 
7f15db1d0000-7f15db1d2000 r--p 00000000 103:02 5899842                   /usr/lib/x86_64-linux-gnu/ld-linux-x86-64.so.2
7f15db1d2000-7f15db1fc000 r-xp 00002000 103:02 5899842                   /usr/lib/x86_64-linux-gnu/ld-linux-x86-64.so.2
7f15db1fc000-7f15db207000 r--p 0002c000 103:02 5899842                   /usr/lib/x86_64-linux-gnu/ld-linux-x86-64.so.2
7f15db207000-7f15db208000 r--p 00000000 00:00 0 
7f15db208000-7f15db20a000 r--p 00037000 103:02 5899842                   /usr/lib/x86_64-linux-gnu/ld-linux-x86-64.so.2
7f15db20a000-7f15db20c000 rw-p 00039000 103:02 5899842                   /usr/lib/x86_64-linux-gnu/ld-linux-x86-64.so.2
7ffe1f3d7000-7ffe1f3f8000 rw-p 00000000 00:00 0                          [stack]
7ffe1f3f8000-7ffe1f3fc000 r--p 00000000 00:00 0                          [vvar]
7ffe1f3fc000-7ffe1f3fe000 r-xp 00000000 00:00 0                          [vdso]
ffffffffff600000-ffffffffff601000 --xp 00000000 00:00 0                  [vsyscall]

VM Arguments:
jvm_args: -Djava.library.path=/home/sergio/code/work/eclipse-workspace/correctorExamenes/cosas -Dfile.encoding=UTF-8 -Dstdout.encoding=UTF-8 -Dstderr.encoding=UTF-8 
java_command: correctorExamenes.OCRespuesta
java_class_path (initial): /home/sergio/code/work/eclipse-workspace/correctorExamenes/bin:/home/sergio/code/librerias/org.json.jar:/home/sergio/code/work/eclipse-workspace/correctorExamenes/cosas/jai-imageio-core-1.4.0.jar:/home/sergio/code/work/eclipse-workspace/correctorExamenes/cosas/jul-to-slf4j-1.7.25.jar:/home/sergio/code/work/eclipse-workspace/correctorExamenes/cosas/org.json.jar:/home/sergio/code/work/eclipse-workspace/correctorExamenes/cosas/tess4j-4.0.0.jar:/home/sergio/code/work/eclipse-workspace/correctorExamenes/cosas/lept4j-1.9.3.jar:/home/sergio/code/work/eclipse-workspace/correctorExamenes/cosas/log4j-over-slf4j-1.7.25.jar:/home/sergio/code/work/eclipse-workspace/correctorExamenes/cosas/jcl-over-slf4j-1.7.25.jar:/home/sergio/code/work/eclipse-workspace/correctorExamenes/cosas/slf4j-api-1.7.25.jar:/home/sergio/code/work/eclipse-workspace/correctorExamenes/cosas/jna-4.1.0.jar:/home/sergio/code/work/eclipse-workspace/correctorExamenes/cosas/log4j-1.2.17.jar:/home/sergio/code/work/eclipse-workspace/correctorExamenes/cosas/opencv-490.jar
Launcher Type: SUN_STANDARD

Environment Variables:
PATH=/home/sergio/.local/bin:/usr/local/sbin:/usr/local/bin:/usr/sbin:/usr/bin:/sbin:/bin:/usr/games:/usr/local/games:/snap/bin
SHELL=/bin/bash
DISPLAY=:0

Signal Handlers:
SIGSEGV: [libjvm.so+0xb3f760], sa_mask[0]=11111111011111111101111111111110, sa_flags=SA_RESTART|SA_SIGINFO
SIGBUS: [libjvm.so+0xb3f760], sa_mask[0]=11111111011111111101111111111110, sa_flags=SA_RESTART|SA_SIGINFO
SIGFPE: [libjvm.so+0x97e0c0], sa_mask[0]=11111111011111111101111111111110, sa_flags=SA_RESTART|SA_SIGINFO
SIGPIPE: [libjvm.so+0x97e0c0], sa_mask[0]=11111111011111111101111111111110, sa_flags=SA_RESTART|SA_SIGINFO
SIGXFSZ: [libjvm.so+0x97e0c0], sa_mask[0]=11111111011111111101111111111110, sa_flags=SA_RESTART|SA_SIGINFO
SIGILL: [libjvm.so+0x97e0c0], sa_mask[0]=11111111011111111101111111111110, sa_flags=SA_RESTART|SA_SIGINFO
SIGUSR1: SIG_DFL, sa_mask[0]=00000000000000000000000000000000, sa_flags=none
SIGUSR2: [libjvm.so+0x97e3f0], sa_mask[0]=00100000000000000000000000000000, sa_flags=SA_RESTART|SA_SIGINFO
SIGHUP: [libjvm.so+0x97e340], sa_mask[0]=11111111011111111101111111111110, sa_flags=SA_RESTART|SA_SIGINFO
SIGINT: [libjvm.so+0x97e340], sa_mask[0]=11111111011111111101111111111110, sa_flags=SA_RESTART|SA_SIGINFO
SIGTERM: [libjvm.so+0x97e340], sa_mask[0]=11111111011111111101111111111110, sa_flags=SA_RESTART|SA_SIGINFO
SIGQUIT: [libjvm.so+0x97e340], sa_mask[0]=11111111011111111101111111111110, sa_flags=SA_RESTART|SA_SIGINFO


---------------  S Y S T E M  ---------------

OS:DISTRIB_ID=LinuxMint
DISTRIB_RELEASE=21.3
DISTRIB_CODENAME=virginia
DISTRIB_DESCRIPTION="Linux Mint 21.3 Virginia"

uname:Linux 5.15.0-107-generic #117-Ubuntu SMP Fri Apr 26 12:26:49 UTC 2024 x86_64
libc:glibc 2.35 NPTL 2.35 
rlimit: STACK 8192k, CORE 0k, NPROC 62092, NOFILE 1048576, AS infinity
load average:0,39 0,55 0,70

/proc/meminfo:
MemTotal:       16039296 kB
MemFree:         8301648 kB
MemAvailable:   10029952 kB
Buffers:          163948 kB
Cached:          2674992 kB
SwapCached:       462908 kB
Active:          3909656 kB
Inactive:        2621096 kB
Active(anon):    2532124 kB
Inactive(anon):  2102944 kB
Active(file):    1377532 kB
Inactive(file):   518152 kB
Unevictable:      402680 kB
Mlocked:             272 kB
SwapTotal:      20971516 kB
SwapFree:       17483100 kB
Dirty:                64 kB
Writeback:             0 kB
AnonPages:       3993124 kB
Mapped:           723260 kB
Shmem:            943264 kB
KReclaimable:     177224 kB
Slab:             410308 kB
SReclaimable:     177224 kB
SUnreclaim:       233084 kB
KernelStack:       26788 kB
PageTables:        77216 kB
NFS_Unstable:          0 kB
Bounce:                0 kB
WritebackTmp:          0 kB
CommitLimit:    28991164 kB
Committed_AS:   24836312 kB
VmallocTotal:   34359738367 kB
VmallocUsed:       87732 kB
VmallocChunk:          0 kB
Percpu:            14912 kB
HardwareCorrupted:     0 kB
AnonHugePages:         0 kB
ShmemHugePages:   321536 kB
ShmemPmdMapped:        0 kB
FileHugePages:         0 kB
FilePmdMapped:         0 kB
HugePages_Total:       0
HugePages_Free:        0
HugePages_Rsvd:        0
HugePages_Surp:        0
Hugepagesize:       2048 kB
Hugetlb:               0 kB
DirectMap4k:     7503744 kB
DirectMap2M:     8939520 kB
DirectMap1G:           0 kB

container (cgroup) information:
container_type: cgroupv2
cpu_cpuset_cpus: failed
cpu_memory_nodes: failed
active_processor_count: 12
cpu_quota: -2
cpu_period: -2
cpu_shares: -2
memory_limit_in_bytes: -1
memory_and_swap_limit_in_bytes: -1
memory_soft_limit_in_bytes: 0
memory_usage_in_bytes: 6247505920
memory_max_usage_in_bytes: -2


CPU:total 12 (initial active 12) (12 cores per cpu, 1 threads per core) family 6 model 154 stepping 4, cmov, cx8, fxsr, mmx, sse, sse2, sse3, ssse3, sse4.1, sse4.2, popcnt, avx, avx2, aes, clmul, erms, 3dnowpref, lzcnt, tsc, tscinvbit, bmi1, bmi2, adx

/proc/cpuinfo:
processor	: 0
vendor_id	: GenuineIntel
cpu family	: 6
model		: 154
model name	: 12th Gen Intel(R) Core(TM) i7-1255U
stepping	: 4
microcode	: 0x430
cpu MHz		: 1700.000
cache size	: 12288 KB
physical id	: 0
siblings	: 12
core id		: 0
cpu cores	: 10
apicid		: 0
initial apicid	: 0
fpu		: yes
fpu_exception	: yes
cpuid level	: 32
wp		: yes
flags		: fpu vme de pse tsc msr pae mce cx8 apic sep mtrr pge mca cmov pat pse36 clflush dts acpi mmx fxsr sse sse2 ss ht tm pbe syscall nx pdpe1gb rdtscp lm constant_tsc art arch_perfmon pebs bts rep_good nopl xtopology nonstop_tsc cpuid aperfmperf tsc_known_freq pni pclmulqdq dtes64 monitor ds_cpl vmx smx est tm2 ssse3 sdbg fma cx16 xtpr pdcm sse4_1 sse4_2 x2apic movbe popcnt tsc_deadline_timer aes xsave avx f16c rdrand lahf_lm abm 3dnowprefetch cpuid_fault epb ssbd ibrs ibpb stibp ibrs_enhanced tpr_shadow vnmi flexpriority ept vpid ept_ad fsgsbase tsc_adjust bmi1 avx2 smep bmi2 erms invpcid rdseed adx smap clflushopt clwb intel_pt sha_ni xsaveopt xsavec xgetbv1 xsaves split_lock_detect avx_vnni dtherm ida arat pln pts hwp hwp_notify hwp_act_window hwp_epp hwp_pkg_req umip pku ospke waitpkg gfni vaes vpclmulqdq rdpid movdiri movdir64b fsrm md_clear serialize arch_lbr flush_l1d arch_capabilities
vmx flags	: vnmi preemption_timer posted_intr invvpid ept_x_only ept_ad ept_1gb flexpriority apicv tsc_offset vtpr mtf vapic ept vpid unrestricted_guest vapic_reg vid ple shadow_vmcs ept_mode_based_exec tsc_scaling usr_wait_pause
bugs		: coma tlb_mmatch spectre_v1 spectre_v2 spec_store_bypass swapgs eibrs_pbrsb bhi
bogomips	: 5222.40
clflush size	: 64
cache_alignment	: 64
address sizes	: 39 bits physical, 48 bits virtual
power management:

processor	: 1
vendor_id	: GenuineIntel
cpu family	: 6
model		: 154
model name	: 12th Gen Intel(R) Core(TM) i7-1255U
stepping	: 4
microcode	: 0x430
cpu MHz		: 2600.000
cache size	: 12288 KB
physical id	: 0
siblings	: 12
core id		: 0
cpu cores	: 10
apicid		: 1
initial apicid	: 1
fpu		: yes
fpu_exception	: yes
cpuid level	: 32
wp		: yes
flags		: fpu vme de pse tsc msr pae mce cx8 apic sep mtrr pge mca cmov pat pse36 clflush dts acpi mmx fxsr sse sse2 ss ht tm pbe syscall nx pdpe1gb rdtscp lm constant_tsc art arch_perfmon pebs bts rep_good nopl xtopology nonstop_tsc cpuid aperfmperf tsc_known_freq pni pclmulqdq dtes64 monitor ds_cpl vmx smx est tm2 ssse3 sdbg fma cx16 xtpr pdcm sse4_1 sse4_2 x2apic movbe popcnt tsc_deadline_timer aes xsave avx f16c rdrand lahf_lm abm 3dnowprefetch cpuid_fault epb ssbd ibrs ibpb stibp ibrs_enhanced tpr_shadow vnmi flexpriority ept vpid ept_ad fsgsbase tsc_adjust bmi1 avx2 smep bmi2 erms invpcid rdseed adx smap clflushopt clwb intel_pt sha_ni xsaveopt xsavec xgetbv1 xsaves split_lock_detect avx_vnni dtherm ida arat pln pts hwp hwp_notify hwp_act_window hwp_epp hwp_pkg_req umip pku ospke waitpkg gfni vaes vpclmulqdq rdpid movdiri movdir64b fsrm md_clear serialize arch_lbr flush_l1d arch_capabilities
vmx flags	: vnmi preemption_timer posted_intr invvpid ept_x_only ept_ad ept_1gb flexpriority apicv tsc_offset vtpr mtf vapic ept vpid unrestricted_guest vapic_reg vid ple shadow_vmcs ept_mode_based_exec tsc_scaling usr_wait_pause
bugs		: coma tlb_mmatch spectre_v1 spectre_v2 spec_store_bypass swapgs eibrs_pbrsb bhi
bogomips	: 5222.40
clflush size	: 64
cache_alignment	: 64
address sizes	: 39 bits physical, 48 bits virtual
power management:

processor	: 2
vendor_id	: GenuineIntel
cpu family	: 6
model		: 154
model name	: 12th Gen Intel(R) Core(TM) i7-1255U
stepping	: 4
microcode	: 0x430
cpu MHz		: 2600.000
cache size	: 12288 KB
physical id	: 0
siblings	: 12
core id		: 4
cpu cores	: 10
apicid		: 8
initial apicid	: 8
fpu		: yes
fpu_exception	: yes
cpuid level	: 32
wp		: yes
flags		: fpu vme de pse tsc msr pae mce cx8 apic sep mtrr pge mca cmov pat pse36 clflush dts acpi mmx fxsr sse sse2 ss ht tm pbe syscall nx pdpe1gb rdtscp lm constant_tsc art arch_perfmon pebs bts rep_good nopl xtopology nonstop_tsc cpuid aperfmperf tsc_known_freq pni pclmulqdq dtes64 monitor ds_cpl vmx smx est tm2 ssse3 sdbg fma cx16 xtpr pdcm sse4_1 sse4_2 x2apic movbe popcnt tsc_deadline_timer aes xsave avx f16c rdrand lahf_lm abm 3dnowprefetch cpuid_fault epb ssbd ibrs ibpb stibp ibrs_enhanced tpr_shadow vnmi flexpriority ept vpid ept_ad fsgsbase tsc_adjust bmi1 avx2 smep bmi2 erms invpcid rdseed adx smap clflushopt clwb intel_pt sha_ni xsaveopt xsavec xgetbv1 xsaves split_lock_detect avx_vnni dtherm ida arat pln pts hwp hwp_notify hwp_act_window hwp_epp hwp_pkg_req umip pku ospke waitpkg gfni vaes vpclmulqdq rdpid movdiri movdir64b fsrm md_clear serialize arch_lbr flush_l1d arch_capabilities
vmx flags	: vnmi preemption_timer posted_intr invvpid ept_x_only ept_ad ept_1gb flexpriority apicv tsc_offset vtpr mtf vapic ept vpid unrestricted_guest vapic_reg vid ple shadow_vmcs ept_mode_based_exec tsc_scaling usr_wait_pause
bugs		: coma tlb_mmatch spectre_v1 spectre_v2 spec_store_bypass swapgs eibrs_pbrsb bhi
bogomips	: 5222.40
clflush size	: 64
cache_alignment	: 64
address sizes	: 39 bits physical, 48 bits virtual
power management:

processor	: 3
vendor_id	: GenuineIntel
cpu family	: 6
model		: 154
model name	: 12th Gen Intel(R) Core(TM) i7-1255U
stepping	: 4
microcode	: 0x430
cpu MHz		: 1592.418
cache size	: 12288 KB
physical id	: 0
siblings	: 12
core id		: 4
cpu cores	: 10
apicid		: 9
initial apicid	: 9
fpu		: yes
fpu_exception	: yes
cpuid level	: 32
wp		: yes
flags		: fpu vme de pse tsc msr pae mce cx8 apic sep mtrr pge mca cmov pat pse36 clflush dts acpi mmx fxsr sse sse2 ss ht tm pbe syscall nx pdpe1gb rdtscp lm constant_tsc art arch_perfmon pebs bts rep_good nopl xtopology nonstop_tsc cpuid aperfmperf tsc_known_freq pni pclmulqdq dtes64 monitor ds_cpl vmx smx est tm2 ssse3 sdbg fma cx16 xtpr pdcm sse4_1 sse4_2 x2apic movbe popcnt tsc_deadline_timer aes xsave avx f16c rdrand lahf_lm abm 3dnowprefetch cpuid_fault epb ssbd ibrs ibpb stibp ibrs_enhanced tpr_shadow vnmi flexpriority ept vpid ept_ad fsgsbase tsc_adjust bmi1 avx2 smep bmi2 erms invpcid rdseed adx smap clflushopt clwb intel_pt sha_ni xsaveopt xsavec xgetbv1 xsaves split_lock_detect avx_vnni dtherm ida arat pln pts hwp hwp_notify hwp_act_window hwp_epp hwp_pkg_req umip pku ospke waitpkg gfni vaes vpclmulqdq rdpid movdiri movdir64b fsrm md_clear serialize arch_lbr flush_l1d arch_capabilities
vmx flags	: vnmi preemption_timer posted_intr invvpid ept_x_only ept_ad ept_1gb flexpriority apicv tsc_offset vtpr mtf vapic ept vpid unrestricted_guest vapic_reg vid ple shadow_vmcs ept_mode_based_exec tsc_scaling usr_wait_pause
bugs		: coma tlb_mmatch spectre_v1 spectre_v2 spec_store_bypass swapgs eibrs_pbrsb bhi
bogomips	: 5222.40
clflush size	: 64
cache_alignment	: 64
address sizes	: 39 bits physical, 48 bits virtual
power management:

processor	: 4
vendor_id	: GenuineIntel
cpu family	: 6
model		: 154
model name	: 12th Gen Intel(R) Core(TM) i7-1255U
stepping	: 4
microcode	: 0x430
cpu MHz		: 2600.000
cache size	: 12288 KB
physical id	: 0
siblings	: 12
core id		: 8
cpu cores	: 10
apicid		: 16
initial apicid	: 16
fpu		: yes
fpu_exception	: yes
cpuid level	: 32
wp		: yes
flags		: fpu vme de pse tsc msr pae mce cx8 apic sep mtrr pge mca cmov pat pse36 clflush dts acpi mmx fxsr sse sse2 ss ht tm pbe syscall nx pdpe1gb rdtscp lm constant_tsc art arch_perfmon pebs bts rep_good nopl xtopology nonstop_tsc cpuid aperfmperf tsc_known_freq pni pclmulqdq dtes64 monitor ds_cpl vmx smx est tm2 ssse3 sdbg fma cx16 xtpr pdcm sse4_1 sse4_2 x2apic movbe popcnt tsc_deadline_timer aes xsave avx f16c rdrand lahf_lm abm 3dnowprefetch cpuid_fault epb ssbd ibrs ibpb stibp ibrs_enhanced tpr_shadow vnmi flexpriority ept vpid ept_ad fsgsbase tsc_adjust bmi1 avx2 smep bmi2 erms invpcid rdseed adx smap clflushopt clwb intel_pt sha_ni xsaveopt xsavec xgetbv1 xsaves split_lock_detect avx_vnni dtherm ida arat pln pts hwp hwp_notify hwp_act_window hwp_epp hwp_pkg_req umip pku ospke waitpkg gfni vaes vpclmulqdq rdpid movdiri movdir64b fsrm md_clear serialize arch_lbr flush_l1d arch_capabilities
vmx flags	: vnmi preemption_timer posted_intr invvpid ept_x_only ept_ad ept_1gb flexpriority apicv tsc_offset vtpr mtf vapic ept vpid unrestricted_guest vapic_reg vid ple shadow_vmcs ept_mode_based_exec tsc_scaling usr_wait_pause
bugs		: coma tlb_mmatch spectre_v1 spectre_v2 spec_store_bypass swapgs eibrs_pbrsb bhi
bogomips	: 5222.40
clflush size	: 64
cache_alignment	: 64
address sizes	: 39 bits physical, 48 bits virtual
power management:

processor	: 5
vendor_id	: GenuineIntel
cpu family	: 6
model		: 154
model name	: 12th Gen Intel(R) Core(TM) i7-1255U
stepping	: 4
microcode	: 0x430
cpu MHz		: 2600.000
cache size	: 12288 KB
physical id	: 0
siblings	: 12
core id		: 9
cpu cores	: 10
apicid		: 18
initial apicid	: 18
fpu		: yes
fpu_exception	: yes
cpuid level	: 32
wp		: yes
flags		: fpu vme de pse tsc msr pae mce cx8 apic sep mtrr pge mca cmov pat pse36 clflush dts acpi mmx fxsr sse sse2 ss ht tm pbe syscall nx pdpe1gb rdtscp lm constant_tsc art arch_perfmon pebs bts rep_good nopl xtopology nonstop_tsc cpuid aperfmperf tsc_known_freq pni pclmulqdq dtes64 monitor ds_cpl vmx smx est tm2 ssse3 sdbg fma cx16 xtpr pdcm sse4_1 sse4_2 x2apic movbe popcnt tsc_deadline_timer aes xsave avx f16c rdrand lahf_lm abm 3dnowprefetch cpuid_fault epb ssbd ibrs ibpb stibp ibrs_enhanced tpr_shadow vnmi flexpriority ept vpid ept_ad fsgsbase tsc_adjust bmi1 avx2 smep bmi2 erms invpcid rdseed adx smap clflushopt clwb intel_pt sha_ni xsaveopt xsavec xgetbv1 xsaves split_lock_detect avx_vnni dtherm ida arat pln pts hwp hwp_notify hwp_act_window hwp_epp hwp_pkg_req umip pku ospke waitpkg gfni vaes vpclmulqdq rdpid movdiri movdir64b fsrm md_clear serialize arch_lbr flush_l1d arch_capabilities
vmx flags	: vnmi preemption_timer posted_intr invvpid ept_x_only ept_ad ept_1gb flexpriority apicv tsc_offset vtpr mtf vapic ept vpid unrestricted_guest vapic_reg vid ple shadow_vmcs ept_mode_based_exec tsc_scaling usr_wait_pause
bugs		: coma tlb_mmatch spectre_v1 spectre_v2 spec_store_bypass swapgs eibrs_pbrsb bhi
bogomips	: 5222.40
clflush size	: 64
cache_alignment	: 64
address sizes	: 39 bits physical, 48 bits virtual
power management:

processor	: 6
vendor_id	: GenuineIntel
cpu family	: 6
model		: 154
model name	: 12th Gen Intel(R) Core(TM) i7-1255U
stepping	: 4
microcode	: 0x430
cpu MHz		: 2600.000
cache size	: 12288 KB
physical id	: 0
siblings	: 12
core id		: 10
cpu cores	: 10
apicid		: 20
initial apicid	: 20
fpu		: yes
fpu_exception	: yes
cpuid level	: 32
wp		: yes
flags		: fpu vme de pse tsc msr pae mce cx8 apic sep mtrr pge mca cmov pat pse36 clflush dts acpi mmx fxsr sse sse2 ss ht tm pbe syscall nx pdpe1gb rdtscp lm constant_tsc art arch_perfmon pebs bts rep_good nopl xtopology nonstop_tsc cpuid aperfmperf tsc_known_freq pni pclmulqdq dtes64 monitor ds_cpl vmx smx est tm2 ssse3 sdbg fma cx16 xtpr pdcm sse4_1 sse4_2 x2apic movbe popcnt tsc_deadline_timer aes xsave avx f16c rdrand lahf_lm abm 3dnowprefetch cpuid_fault epb ssbd ibrs ibpb stibp ibrs_enhanced tpr_shadow vnmi flexpriority ept vpid ept_ad fsgsbase tsc_adjust bmi1 avx2 smep bmi2 erms invpcid rdseed adx smap clflushopt clwb intel_pt sha_ni xsaveopt xsavec xgetbv1 xsaves split_lock_detect avx_vnni dtherm ida arat pln pts hwp hwp_notify hwp_act_window hwp_epp hwp_pkg_req umip pku ospke waitpkg gfni vaes vpclmulqdq rdpid movdiri movdir64b fsrm md_clear serialize arch_lbr flush_l1d arch_capabilities
vmx flags	: vnmi preemption_timer posted_intr invvpid ept_x_only ept_ad ept_1gb flexpriority apicv tsc_offset vtpr mtf vapic ept vpid unrestricted_guest vapic_reg vid ple shadow_vmcs ept_mode_based_exec tsc_scaling usr_wait_pause
bugs		: coma tlb_mmatch spectre_v1 spectre_v2 spec_store_bypass swapgs eibrs_pbrsb bhi
bogomips	: 5222.40
clflush size	: 64
cache_alignment	: 64
address sizes	: 39 bits physical, 48 bits virtual
power management:

processor	: 7
vendor_id	: GenuineIntel
cpu family	: 6
model		: 154
model name	: 12th Gen Intel(R) Core(TM) i7-1255U
stepping	: 4
microcode	: 0x430
cpu MHz		: 1199.988
cache size	: 12288 KB
physical id	: 0
siblings	: 12
core id		: 11
cpu cores	: 10
apicid		: 22
initial apicid	: 22
fpu		: yes
fpu_exception	: yes
cpuid level	: 32
wp		: yes
flags		: fpu vme de pse tsc msr pae mce cx8 apic sep mtrr pge mca cmov pat pse36 clflush dts acpi mmx fxsr sse sse2 ss ht tm pbe syscall nx pdpe1gb rdtscp lm constant_tsc art arch_perfmon pebs bts rep_good nopl xtopology nonstop_tsc cpuid aperfmperf tsc_known_freq pni pclmulqdq dtes64 monitor ds_cpl vmx smx est tm2 ssse3 sdbg fma cx16 xtpr pdcm sse4_1 sse4_2 x2apic movbe popcnt tsc_deadline_timer aes xsave avx f16c rdrand lahf_lm abm 3dnowprefetch cpuid_fault epb ssbd ibrs ibpb stibp ibrs_enhanced tpr_shadow vnmi flexpriority ept vpid ept_ad fsgsbase tsc_adjust bmi1 avx2 smep bmi2 erms invpcid rdseed adx smap clflushopt clwb intel_pt sha_ni xsaveopt xsavec xgetbv1 xsaves split_lock_detect avx_vnni dtherm ida arat pln pts hwp hwp_notify hwp_act_window hwp_epp hwp_pkg_req umip pku ospke waitpkg gfni vaes vpclmulqdq rdpid movdiri movdir64b fsrm md_clear serialize arch_lbr flush_l1d arch_capabilities
vmx flags	: vnmi preemption_timer posted_intr invvpid ept_x_only ept_ad ept_1gb flexpriority apicv tsc_offset vtpr mtf vapic ept vpid unrestricted_guest vapic_reg vid ple shadow_vmcs ept_mode_based_exec tsc_scaling usr_wait_pause
bugs		: coma tlb_mmatch spectre_v1 spectre_v2 spec_store_bypass swapgs eibrs_pbrsb bhi
bogomips	: 5222.40
clflush size	: 64
cache_alignment	: 64
address sizes	: 39 bits physical, 48 bits virtual
power management:

processor	: 8
vendor_id	: GenuineIntel
cpu family	: 6
model		: 154
model name	: 12th Gen Intel(R) Core(TM) i7-1255U
stepping	: 4
microcode	: 0x430
cpu MHz		: 1181.716
cache size	: 12288 KB
physical id	: 0
siblings	: 12
core id		: 12
cpu cores	: 10
apicid		: 24
initial apicid	: 24
fpu		: yes
fpu_exception	: yes
cpuid level	: 32
wp		: yes
flags		: fpu vme de pse tsc msr pae mce cx8 apic sep mtrr pge mca cmov pat pse36 clflush dts acpi mmx fxsr sse sse2 ss ht tm pbe syscall nx pdpe1gb rdtscp lm constant_tsc art arch_perfmon pebs bts rep_good nopl xtopology nonstop_tsc cpuid aperfmperf tsc_known_freq pni pclmulqdq dtes64 monitor ds_cpl vmx smx est tm2 ssse3 sdbg fma cx16 xtpr pdcm sse4_1 sse4_2 x2apic movbe popcnt tsc_deadline_timer aes xsave avx f16c rdrand lahf_lm abm 3dnowprefetch cpuid_fault epb ssbd ibrs ibpb stibp ibrs_enhanced tpr_shadow vnmi flexpriority ept vpid ept_ad fsgsbase tsc_adjust bmi1 avx2 smep bmi2 erms invpcid rdseed adx smap clflushopt clwb intel_pt sha_ni xsaveopt xsavec xgetbv1 xsaves split_lock_detect avx_vnni dtherm ida arat pln pts hwp hwp_notify hwp_act_window hwp_epp hwp_pkg_req umip pku ospke waitpkg gfni vaes vpclmulqdq rdpid movdiri movdir64b fsrm md_clear serialize arch_lbr flush_l1d arch_capabilities
vmx flags	: vnmi preemption_timer posted_intr invvpid ept_x_only ept_ad ept_1gb flexpriority apicv tsc_offset vtpr mtf vapic ept vpid unrestricted_guest vapic_reg vid ple shadow_vmcs ept_mode_based_exec tsc_scaling usr_wait_pause
bugs		: coma tlb_mmatch spectre_v1 spectre_v2 spec_store_bypass swapgs eibrs_pbrsb bhi
bogomips	: 5222.40
clflush size	: 64
cache_alignment	: 64
address sizes	: 39 bits physical, 48 bits virtual
power management:

processor	: 9
vendor_id	: GenuineIntel
cpu family	: 6
model		: 154
model name	: 12th Gen Intel(R) Core(TM) i7-1255U
stepping	: 4
microcode	: 0x430
cpu MHz		: 2600.000
cache size	: 12288 KB
physical id	: 0
siblings	: 12
core id		: 13
cpu cores	: 10
apicid		: 26
initial apicid	: 26
fpu		: yes
fpu_exception	: yes
cpuid level	: 32
wp		: yes
flags		: fpu vme de pse tsc msr pae mce cx8 apic sep mtrr pge mca cmov pat pse36 clflush dts acpi mmx fxsr sse sse2 ss ht tm pbe syscall nx pdpe1gb rdtscp lm constant_tsc art arch_perfmon pebs bts rep_good nopl xtopology nonstop_tsc cpuid aperfmperf tsc_known_freq pni pclmulqdq dtes64 monitor ds_cpl vmx smx est tm2 ssse3 sdbg fma cx16 xtpr pdcm sse4_1 sse4_2 x2apic movbe popcnt tsc_deadline_timer aes xsave avx f16c rdrand lahf_lm abm 3dnowprefetch cpuid_fault epb ssbd ibrs ibpb stibp ibrs_enhanced tpr_shadow vnmi flexpriority ept vpid ept_ad fsgsbase tsc_adjust bmi1 avx2 smep bmi2 erms invpcid rdseed adx smap clflushopt clwb intel_pt sha_ni xsaveopt xsavec xgetbv1 xsaves split_lock_detect avx_vnni dtherm ida arat pln pts hwp hwp_notify hwp_act_window hwp_epp hwp_pkg_req umip pku ospke waitpkg gfni vaes vpclmulqdq rdpid movdiri movdir64b fsrm md_clear serialize arch_lbr flush_l1d arch_capabilities
vmx flags	: vnmi preemption_timer posted_intr invvpid ept_x_only ept_ad ept_1gb flexpriority apicv tsc_offset vtpr mtf vapic ept vpid unrestricted_guest vapic_reg vid ple shadow_vmcs ept_mode_based_exec tsc_scaling usr_wait_pause
bugs		: coma tlb_mmatch spectre_v1 spectre_v2 spec_store_bypass swapgs eibrs_pbrsb bhi
bogomips	: 5222.40
clflush size	: 64
cache_alignment	: 64
address sizes	: 39 bits physical, 48 bits virtual
power management:

processor	: 10
vendor_id	: GenuineIntel
cpu family	: 6
model		: 154
model name	: 12th Gen Intel(R) Core(TM) i7-1255U
stepping	: 4
microcode	: 0x430
cpu MHz		: 2600.000
cache size	: 12288 KB
physical id	: 0
siblings	: 12
core id		: 14
cpu cores	: 10
apicid		: 28
initial apicid	: 28
fpu		: yes
fpu_exception	: yes
cpuid level	: 32
wp		: yes
flags		: fpu vme de pse tsc msr pae mce cx8 apic sep mtrr pge mca cmov pat pse36 clflush dts acpi mmx fxsr sse sse2 ss ht tm pbe syscall nx pdpe1gb rdtscp lm constant_tsc art arch_perfmon pebs bts rep_good nopl xtopology nonstop_tsc cpuid aperfmperf tsc_known_freq pni pclmulqdq dtes64 monitor ds_cpl vmx smx est tm2 ssse3 sdbg fma cx16 xtpr pdcm sse4_1 sse4_2 x2apic movbe popcnt tsc_deadline_timer aes xsave avx f16c rdrand lahf_lm abm 3dnowprefetch cpuid_fault epb ssbd ibrs ibpb stibp ibrs_enhanced tpr_shadow vnmi flexpriority ept vpid ept_ad fsgsbase tsc_adjust bmi1 avx2 smep bmi2 erms invpcid rdseed adx smap clflushopt clwb intel_pt sha_ni xsaveopt xsavec xgetbv1 xsaves split_lock_detect avx_vnni dtherm ida arat pln pts hwp hwp_notify hwp_act_window hwp_epp hwp_pkg_req umip pku ospke waitpkg gfni vaes vpclmulqdq rdpid movdiri movdir64b fsrm md_clear serialize arch_lbr flush_l1d arch_capabilities
vmx flags	: vnmi preemption_timer posted_intr invvpid ept_x_only ept_ad ept_1gb flexpriority apicv tsc_offset vtpr mtf vapic ept vpid unrestricted_guest vapic_reg vid ple shadow_vmcs ept_mode_based_exec tsc_scaling usr_wait_pause
bugs		: coma tlb_mmatch spectre_v1 spectre_v2 spec_store_bypass swapgs eibrs_pbrsb bhi
bogomips	: 5222.40
clflush size	: 64
cache_alignment	: 64
address sizes	: 39 bits physical, 48 bits virtual
power management:

processor	: 11
vendor_id	: GenuineIntel
cpu family	: 6
model		: 154
model name	: 12th Gen Intel(R) Core(TM) i7-1255U
stepping	: 4
microcode	: 0x430
cpu MHz		: 2600.000
cache size	: 12288 KB
physical id	: 0
siblings	: 12
core id		: 15
cpu cores	: 10
apicid		: 30
initial apicid	: 30
fpu		: yes
fpu_exception	: yes
cpuid level	: 32
wp		: yes
flags		: fpu vme de pse tsc msr pae mce cx8 apic sep mtrr pge mca cmov pat pse36 clflush dts acpi mmx fxsr sse sse2 ss ht tm pbe syscall nx pdpe1gb rdtscp lm constant_tsc art arch_perfmon pebs bts rep_good nopl xtopology nonstop_tsc cpuid aperfmperf tsc_known_freq pni pclmulqdq dtes64 monitor ds_cpl vmx smx est tm2 ssse3 sdbg fma cx16 xtpr pdcm sse4_1 sse4_2 x2apic movbe popcnt tsc_deadline_timer aes xsave avx f16c rdrand lahf_lm abm 3dnowprefetch cpuid_fault epb ssbd ibrs ibpb stibp ibrs_enhanced tpr_shadow vnmi flexpriority ept vpid ept_ad fsgsbase tsc_adjust bmi1 avx2 smep bmi2 erms invpcid rdseed adx smap clflushopt clwb intel_pt sha_ni xsaveopt xsavec xgetbv1 xsaves split_lock_detect avx_vnni dtherm ida arat pln pts hwp hwp_notify hwp_act_window hwp_epp hwp_pkg_req umip pku ospke waitpkg gfni vaes vpclmulqdq rdpid movdiri movdir64b fsrm md_clear serialize arch_lbr flush_l1d arch_capabilities
vmx flags	: vnmi preemption_timer posted_intr invvpid ept_x_only ept_ad ept_1gb flexpriority apicv tsc_offset vtpr mtf vapic ept vpid unrestricted_guest vapic_reg vid ple shadow_vmcs ept_mode_based_exec tsc_scaling usr_wait_pause
bugs		: coma tlb_mmatch spectre_v1 spectre_v2 spec_store_bypass swapgs eibrs_pbrsb bhi
bogomips	: 5222.40
clflush size	: 64
cache_alignment	: 64
address sizes	: 39 bits physical, 48 bits virtual
power management:



Memory: 4k page, physical 16039296k(8301648k free), swap 20971516k(17483100k free)

vm_info: OpenJDK 64-Bit Server VM (25.402-b06) for linux-amd64 JRE (1.8.0_402-8u402-ga-2ubuntu1~22.04-b06), built on Feb 27 2024 07:25:38 by "buildd" with gcc 11.4.0

time: Sun May 26 18:47:06 2024
timezone: CEST
elapsed time: 0.811519 seconds (0d 0h 0m 0s)

