#
# A fatal error has been detected by the Java Runtime Environment:
#
#  SIGSEGV (0xb) at pc=0x00007f863dc93a37, pid=2977362, tid=0x00007f866baa4640
#
# JRE version: OpenJDK Runtime Environment (8.0_402-b06) (build 1.8.0_402-8u402-ga-2ubuntu1~22.04-b06)
# Java VM: OpenJDK 64-Bit Server VM (25.402-b06 mixed mode linux-amd64 compressed oops)
# Problematic frame:
# C  [libtesseract.so.4.0.1+0x9da37]  tesseract::Tesseract::recog_all_words(PAGE_RES*, ETEXT_DESC*, TBOX const*, char const*, int)+0x347
#
# Failed to write core dump. Core dumps have been disabled. To enable core dumping, try "ulimit -c unlimited" before starting Java again
#
# If you would like to submit a bug report, please visit:
#   http://bugreport.java.com/bugreport/crash.jsp
# The crash happened outside the Java Virtual Machine in native code.
# See problematic frame for where to report the bug.
#

---------------  T H R E A D  ---------------

Current thread (0x00007f866400a800):  JavaThread "main" [_thread_in_native, id=2977368, stack(0x00007f866b9a5000,0x00007f866baa5000)]

siginfo: si_signo: 11 (SIGSEGV), si_code: 1 (SEGV_MAPERR), si_addr: 0x000000000000000c

Registers:
RAX=0x0000000000000000, RBX=0x00007f86643f96a0, RCX=0x00007f866441b028, RDX=0x0000000000000000
RSP=0x00007f866baa2700, RBP=0x00007f866baa2750, RSI=0x0000000000000000, RDI=0x00007f866baa2800
R8 =0x00007f86643a0940, R9 =0x0000000000000000, R10=0x0000000000000010, R11=0x00007f8664000090
R12=0x00007f86649165a0, R13=0x0000000000000000, R14=0x0000000000000000, R15=0x00007f86649165a0
RIP=0x00007f863dc93a37, EFLAGS=0x0000000000010246, CSGSFS=0x002b000000000033, ERR=0x0000000000000004
  TRAPNO=0x000000000000000e

Top of Stack: (sp=0x00007f866baa2700)
0x00007f866baa2700:   0000000000000000 0000000000000000
0x00007f866baa2710:   00007f86643a12f0 00007f8664010000
0x00007f866baa2720:   00007f8664354a18 cb0d9fe1ee6d1b00
0x00007f866baa2730:   00007f86643f96c8 0000000000000001
0x00007f866baa2740:   00007f8664932eb0 00007f86648ffd78
0x00007f866baa2750:   00007f86649165a0 0000000000000000
0x00007f866baa2760:   0000000000000000 0000000000000000
0x00007f866baa2770:   00007f86643a0940 00007f866433f600
0x00007f866baa2780:   00007f86648ffd50 00007f866439fe70
0x00007f866baa2790:   00007f8664932eb0 00007f86648ffd50
0x00007f866baa27a0:   00007f86649165a8 00007f86648ffd50
0x00007f866baa27b0:   00007f86648ffd50 00007f86648ffd50
0x00007f866baa27c0:   00007f86648ffd50 0000000000000000
0x00007f866baa27d0:   00007f86648ffd78 00007f866433f600
0x00007f866baa27e0:   00007f8664932eb0 00007f866433f600
0x00007f866baa27f0:   00007f866433f600 00007f8664010000
0x00007f866baa2800:   00007f8664932ed0 00007f866439fe70
0x00007f866baa2810:   00007f866439fc60 00007f86643a02a0
0x00007f866baa2820:   00007f866439fe70 00007f8664010000
0x00007f866baa2830:   00007f866433f620 00007f8664386c80
0x00007f866baa2840:   00007f86643a0940 00007f8664386c80
0x00007f866baa2850:   00007f86643a0940 cb0d9fe1ee000000
0x00007f866baa2860:   00007f8664932ed0 00007f86643f4680
0x00007f866baa2870:   00007f866439fe70 00007f866439fc60
0x00007f866baa2880:   00007f866439fe70 00007f866b000000
0x00007f866baa2890:   00007f863de441a2 cb0d9fe1ee6d1b00
0x00007f866baa28a0:   00007f86643d0fe0 00007f86643d0fe0
0x00007f866baa28b0:   00007f866baa2940 0000000000000001
0x00007f866baa28c0:   0000000000000000 0000000000000000
0x00007f866baa28d0:   00007f86649165a0 00007f863dc77c3b
0x00007f866baa28e0:   00007f866baa2960 00007f8655007d80
0x00007f866baa28f0:   00007f86643f96a0 00007f86643d0fe0 

Instructions: (pc=0x00007f863dc93a37)
0x00007f863dc93a17:   00 31 f6 48 89 ef e8 ce 1f 17 00 8b 83 08 14 00
0x00007f863dc93a27:   00 85 c0 0f 8f c0 01 00 00 48 8b 83 b0 09 00 00
0x00007f863dc93a37:   80 78 0c 00 0f 85 d8 02 00 00 8b 83 d8 44 02 00
0x00007f863dc93a47:   45 31 ff 85 c0 7f 20 eb 47 48 8b 87 b0 09 00 00 

Register to memory mapping:

RAX=0x0000000000000000 is an unknown value
RBX=0x00007f86643f96a0 is an unknown value
RCX=0x00007f866441b028 is an unknown value
RDX=0x0000000000000000 is an unknown value
RSP=0x00007f866baa2700 is pointing into the stack for thread: 0x00007f866400a800
RBP=0x00007f866baa2750 is pointing into the stack for thread: 0x00007f866400a800
RSI=0x0000000000000000 is an unknown value
RDI=0x00007f866baa2800 is pointing into the stack for thread: 0x00007f866400a800
R8 =0x00007f86643a0940 is an unknown value
R9 =0x0000000000000000 is an unknown value
R10=0x0000000000000010 is an unknown value
R11=0x00007f8664000090 is an unknown value
R12=0x00007f86649165a0 is an unknown value
R13=0x0000000000000000 is an unknown value
R14=0x0000000000000000 is an unknown value
R15=0x00007f86649165a0 is an unknown value


Stack: [0x00007f866b9a5000,0x00007f866baa5000],  sp=0x00007f866baa2700,  free space=1013k
Native frames: (J=compiled Java code, j=interpreted, Vv=VM code, C=native code)
C  [libtesseract.so.4.0.1+0x9da37]  tesseract::Tesseract::recog_all_words(PAGE_RES*, ETEXT_DESC*, TBOX const*, char const*, int)+0x347
C  0x0000000000000000

Java frames: (J=compiled Java code, j=interpreted, Vv=VM code)
j  com.sun.jna.Native.invokeInt(JI[Ljava/lang/Object;)I+0
j  com.sun.jna.Function.invoke([Ljava/lang/Object;Ljava/lang/Class;Z)Ljava/lang/Object;+225
j  com.sun.jna.Function.invoke(Ljava/lang/Class;[Ljava/lang/Object;Ljava/util/Map;)Ljava/lang/Object;+262
j  com.sun.jna.Library$Handler.invoke(Ljava/lang/Object;Ljava/lang/reflect/Method;[Ljava/lang/Object;)Ljava/lang/Object;+316
j  com.sun.proxy.$Proxy0.TessBaseAPIRecognize(Lnet/sourceforge/tess4j/ITessAPI$TessBaseAPI;Lnet/sourceforge/tess4j/ITessAPI$ETEXT_DESC;)I+20
j  net.sourceforge.tess4j.Tesseract.getWords(Ljava/awt/image/BufferedImage;I)Ljava/util/List;+31
j  correctorExamenes.OCRespuesta.buscar()V+64
j  correctorExamenes.OCRespuesta.main([Ljava/lang/String;)V+0
v  ~StubRoutines::call_stub

---------------  P R O C E S S  ---------------

Java Threads: ( => current thread )
  0x00007f8664326800 JavaThread "Java2D Disposer" daemon [_thread_blocked, id=2977389, stack(0x00007f863e211000,0x00007f863e311000)]
  0x00007f86640ec800 JavaThread "Service Thread" daemon [_thread_blocked, id=2977387, stack(0x00007f863e7f3000,0x00007f863e8f3000)]
  0x00007f86640d1800 JavaThread "C1 CompilerThread3" daemon [_thread_blocked, id=2977386, stack(0x00007f863e8f4000,0x00007f863e9f4000)]
  0x00007f86640cf000 JavaThread "C2 CompilerThread2" daemon [_thread_blocked, id=2977385, stack(0x00007f863e9f5000,0x00007f863eaf5000)]
  0x00007f86640cd800 JavaThread "C2 CompilerThread1" daemon [_thread_blocked, id=2977384, stack(0x00007f863eaf6000,0x00007f863ebf6000)]
  0x00007f86640ca800 JavaThread "C2 CompilerThread0" daemon [_thread_blocked, id=2977383, stack(0x00007f863ebf7000,0x00007f863ecf7000)]
  0x00007f86640c3000 JavaThread "Signal Dispatcher" daemon [_thread_blocked, id=2977382, stack(0x00007f863ecf7000,0x00007f863edf7000)]
  0x00007f8664095000 JavaThread "Finalizer" daemon [_thread_blocked, id=2977381, stack(0x00007f863f5f8000,0x00007f863f6f8000)]
  0x00007f8664090000 JavaThread "Reference Handler" daemon [_thread_blocked, id=2977380, stack(0x00007f863f6f8000,0x00007f863f7f8000)]
=>0x00007f866400a800 JavaThread "main" [_thread_in_native, id=2977368, stack(0x00007f866b9a5000,0x00007f866baa5000)]

Other Threads:
  0x00007f8664086800 VMThread [stack: 0x00007f863f7f9000,0x00007f863f8f9000] [id=2977379]
  0x00007f86640ef000 WatcherThread [stack: 0x00007f863e6f3000,0x00007f863e7f3000] [id=2977388]

VM state:not at safepoint (normal execution)

VM Mutex/Monitor currently owned by a thread: None

heap address: 0x00000006cb400000, size: 3916 MB, Compressed Oops mode: Zero based, Oop shift amount: 3
Narrow klass base: 0x0000000000000000, Narrow klass shift: 3
Compressed class space size: 1073741824 Address: 0x00000007c0000000

Heap:
 PSYoungGen      total 73728K, used 26942K [0x000000076e700000, 0x0000000777700000, 0x00000007c0000000)
  eden space 63488K, 26% used [0x000000076e700000,0x000000076f7502e8,0x0000000772500000)
  from space 10240K, 99% used [0x0000000772500000,0x0000000772eff698,0x0000000772f00000)
  to   space 10240K, 0% used [0x0000000776d00000,0x0000000776d00000,0x0000000777700000)
 ParOldGen       total 167936K, used 40830K [0x00000006cb400000, 0x00000006d5800000, 0x000000076e700000)
  object space 167936K, 24% used [0x00000006cb400000,0x00000006cdbdf8c0,0x00000006d5800000)
 Metaspace       used 8405K, capacity 8570K, committed 8832K, reserved 1056768K
  class space    used 979K, capacity 1051K, committed 1152K, reserved 1048576K

Card table byte_map: [0x00007f866adfd000,0x00007f866b5a4000] byte_map_base: 0x00007f86677a3000

Marking Bits: (ParMarkBitMap*) 0x00007f866cbbf720
 Begin Bits: [0x00007f86305a0000, 0x00007f86342d0000)
 End Bits:   [0x00007f86342d0000, 0x00007f8638000000)

Polling page: 0x00007f866ce8f000

CodeCache: size=245760Kb used=2767Kb max_used=2768Kb free=242992Kb
 bounds [0x00007f8655000000, 0x00007f86552c0000, 0x00007f8664000000]
 total_blobs=1020 nmethods=665 adapters=269
 compilation: enabled

Compilation events (10 events):
Event: 0,393 Thread 0x00007f86640d1800  661       3       java.lang.ClassLoader::checkPackageAccess (111 bytes)
Event: 0,393 Thread 0x00007f86640d1800 nmethod 661 0x00007f86552b3490 code [0x00007f86552b36c0, 0x00007f86552b41d8]
Event: 0,397 Thread 0x00007f86640d1800  663       3       java.lang.Integer::stringSize (21 bytes)
Event: 0,397 Thread 0x00007f86640d1800 nmethod 663 0x00007f86552b1fd0 code [0x00007f86552b2140, 0x00007f86552b2350]
Event: 0,397 Thread 0x00007f86640d1800  662       3       java.lang.Class::reflectionData (49 bytes)
Event: 0,397 Thread 0x00007f86640d1800 nmethod 662 0x00007f86552b7550 code [0x00007f86552b76e0, 0x00007f86552b7be8]
Event: 0,398 Thread 0x00007f86640d1800  664       3       sun.reflect.ClassFileAssembler::emitByte (11 bytes)
Event: 0,398 Thread 0x00007f86640d1800 nmethod 664 0x00007f86552b1ad0 code [0x00007f86552b1c40, 0x00007f86552b1e08]
Event: 0,398 Thread 0x00007f86640d1800  665       3       sun.reflect.ByteVectorImpl::add (38 bytes)
Event: 0,398 Thread 0x00007f86640d1800 nmethod 665 0x00007f86552b7090 code [0x00007f86552b7200, 0x00007f86552b7428]

GC Heap History (2 events):
Event: 0,371 GC heap before
{Heap before GC invocations=1 (full 0):
 PSYoungGen      total 73728K, used 60309K [0x000000076e700000, 0x0000000773900000, 0x00000007c0000000)
  eden space 63488K, 94% used [0x000000076e700000,0x00000007721e57c0,0x0000000772500000)
  from space 10240K, 0% used [0x0000000772f00000,0x0000000772f00000,0x0000000773900000)
  to   space 10240K, 0% used [0x0000000772500000,0x0000000772500000,0x0000000772f00000)
 ParOldGen       total 167936K, used 0K [0x00000006cb400000, 0x00000006d5800000, 0x000000076e700000)
  object space 167936K, 0% used [0x00000006cb400000,0x00000006cb400000,0x00000006d5800000)
 Metaspace       used 8295K, capacity 8468K, committed 8704K, reserved 1056768K
  class space    used 969K, capacity 1018K, committed 1024K, reserved 1048576K
Event: 0,380 GC heap after
Heap after GC invocations=1 (full 0):
 PSYoungGen      total 73728K, used 10237K [0x000000076e700000, 0x0000000777700000, 0x00000007c0000000)
  eden space 63488K, 0% used [0x000000076e700000,0x000000076e700000,0x0000000772500000)
  from space 10240K, 99% used [0x0000000772500000,0x0000000772eff698,0x0000000772f00000)
  to   space 10240K, 0% used [0x0000000776d00000,0x0000000776d00000,0x0000000777700000)
 ParOldGen       total 167936K, used 40830K [0x00000006cb400000, 0x00000006d5800000, 0x000000076e700000)
  object space 167936K, 24% used [0x00000006cb400000,0x00000006cdbdf8c0,0x00000006d5800000)
 Metaspace       used 8295K, capacity 8468K, committed 8704K, reserved 1056768K
  class space    used 969K, capacity 1018K, committed 1024K, reserved 1048576K
}

Deoptimization events (10 events):
Event: 0,153 Thread 0x00007f866400a800 Uncommon trap: reason=loop_limit_check action=maybe_recompile pc=0x00007f8655196d20 method=java.lang.String.indexOf([CII[CIII)I @ 79
Event: 0,252 Thread 0x00007f866400a800 Uncommon trap: reason=unstable_if action=reinterpret pc=0x00007f86551e3fc0 method=java.util.HashMap.getNode(ILjava/lang/Object;)Ljava/util/HashMap$Node; @ 116
Event: 0,253 Thread 0x00007f866400a800 Uncommon trap: reason=unstable_if action=reinterpret pc=0x00007f86551cb944 method=java.util.HashMap.getNode(ILjava/lang/Object;)Ljava/util/HashMap$Node; @ 62
Event: 0,279 Thread 0x00007f866400a800 Uncommon trap: reason=loop_limit_check action=maybe_recompile pc=0x00007f865517c05c method=java.lang.String.equals(Ljava/lang/Object;)Z @ 56
Event: 0,280 Thread 0x00007f866400a800 Uncommon trap: reason=bimorphic action=maybe_recompile pc=0x00007f86551ffb04 method=java.lang.ThreadLocal.get()Ljava/lang/Object; @ 6
Event: 0,280 Thread 0x00007f866400a800 Uncommon trap: reason=bimorphic action=maybe_recompile pc=0x00007f86551ffb04 method=java.lang.ThreadLocal.get()Ljava/lang/Object; @ 6
Event: 0,280 Thread 0x00007f866400a800 Uncommon trap: reason=bimorphic action=maybe_recompile pc=0x00007f86551ffb04 method=java.lang.ThreadLocal.get()Ljava/lang/Object; @ 6
Event: 0,280 Thread 0x00007f866400a800 Uncommon trap: reason=bimorphic action=maybe_recompile pc=0x00007f86551ffb04 method=java.lang.ThreadLocal.get()Ljava/lang/Object; @ 6
Event: 0,392 Thread 0x00007f866400a800 Uncommon trap: reason=unstable_if action=reinterpret pc=0x00007f86552b48e8 method=java.lang.Math.min(JJ)J @ 3
Event: 0,396 Thread 0x00007f866400a800 Uncommon trap: reason=unstable_if action=reinterpret pc=0x00007f865520ae7c method=java.lang.ref.SoftReference.get()Ljava/lang/Object; @ 17

Classes redefined (0 events):
No events

Internal exceptions (10 events):
Event: 0,072 Thread 0x00007f866400a800 Exception <a 'java/security/PrivilegedActionException'> (0x000000076e99ab20) thrown at [./src/hotspot/src/share/vm/prims/jvm.cpp, line 1512]
Event: 0,072 Thread 0x00007f866400a800 Exception <a 'java/security/PrivilegedActionException'> (0x000000076e99ad30) thrown at [./src/hotspot/src/share/vm/prims/jvm.cpp, line 1512]
Event: 0,072 Thread 0x00007f866400a800 Exception <a 'java/security/PrivilegedActionException'> (0x000000076e99d450) thrown at [./src/hotspot/src/share/vm/prims/jvm.cpp, line 1512]
Event: 0,072 Thread 0x00007f866400a800 Exception <a 'java/security/PrivilegedActionException'> (0x000000076e99d660) thrown at [./src/hotspot/src/share/vm/prims/jvm.cpp, line 1512]
Event: 0,073 Thread 0x00007f866400a800 Exception <a 'java/lang/NoClassDefFoundError': org/slf4j/impl/StaticLoggerBinder> (0x000000076e9ab898) thrown at [./src/hotspot/src/share/vm/classfile/systemDictionary.cpp, line 206]
Event: 0,110 Thread 0x00007f866400a800 Exception <a 'java/lang/NoSuchFieldError': method resolution failed> (0x000000076eaa03f0) thrown at [./src/hotspot/src/share/vm/prims/methodHandles.cpp, line 1194]
Event: 0,111 Thread 0x00007f866400a800 Exception <a 'java/lang/NoSuchFieldError': method resolution failed> (0x000000076eaadbf0) thrown at [./src/hotspot/src/share/vm/prims/methodHandles.cpp, line 1194]
Event: 0,125 Thread 0x00007f866400a800 Exception <a 'java/io/FileNotFoundException'> (0x000000076eb27710) thrown at [./src/hotspot/src/share/vm/prims/jni.cpp, line 709]
Event: 0,235 Thread 0x00007f866400a800 Exception <a 'java/lang/UnsatisfiedLinkError': libtesseract.so: no se puede abrir el archivo del objeto compartido: No existe el archivo o el directorio> (0x000000076fc40d98) thrown at [./src/hotspot/src/share/vm/prims/jni.cpp, line 736]
Event: 0,235 Thread 0x00007f866400a800 Exception <a 'java/lang/UnsatisfiedLinkError': libtesseract.so: no se puede abrir el archivo del objeto compartido: No existe el archivo o el directorio> (0x000000076fc42268) thrown at [./src/hotspot/src/share/vm/prims/jni.cpp, line 736]

Events (10 events):
Event: 0,398 loading class sun/reflect/Label
Event: 0,398 loading class sun/reflect/Label done
Event: 0,398 loading class sun/reflect/Label$PatchInfo
Event: 0,398 loading class sun/reflect/Label$PatchInfo done
Event: 0,398 loading class sun/reflect/MethodAccessorGenerator$1
Event: 0,398 loading class sun/reflect/MethodAccessorGenerator$1 done
Event: 0,398 loading class sun/reflect/ClassDefiner
Event: 0,398 loading class sun/reflect/ClassDefiner done
Event: 0,398 loading class sun/reflect/ClassDefiner$1
Event: 0,398 loading class sun/reflect/ClassDefiner$1 done


Dynamic libraries:
6cb400000-6d5800000 rw-p 00000000 00:00 0 
6d5800000-76e700000 ---p 00000000 00:00 0 
76e700000-777700000 rw-p 00000000 00:00 0 
777700000-7c0000000 ---p 00000000 00:00 0 
7c0000000-7c0120000 rw-p 00000000 00:00 0 
7c0120000-800000000 ---p 00000000 00:00 0 
557fcdfbd000-557fcdfbe000 r--p 00000000 103:02 7864499                   /usr/lib/jvm/java-8-openjdk-amd64/jre/bin/java
557fcdfbe000-557fcdfbf000 r-xp 00001000 103:02 7864499                   /usr/lib/jvm/java-8-openjdk-amd64/jre/bin/java
557fcdfbf000-557fcdfc0000 r--p 00002000 103:02 7864499                   /usr/lib/jvm/java-8-openjdk-amd64/jre/bin/java
557fcdfc0000-557fcdfc1000 r--p 00002000 103:02 7864499                   /usr/lib/jvm/java-8-openjdk-amd64/jre/bin/java
557fcdfc1000-557fcdfc2000 rw-p 00003000 103:02 7864499                   /usr/lib/jvm/java-8-openjdk-amd64/jre/bin/java
557fcf59d000-557fcf5be000 rw-p 00000000 00:00 0                          [heap]
7f85ec000000-7f85ec021000 rw-p 00000000 00:00 0 
7f85ec021000-7f85f0000000 ---p 00000000 00:00 0 
7f85f0000000-7f85f0021000 rw-p 00000000 00:00 0 
7f85f0021000-7f85f4000000 ---p 00000000 00:00 0 
7f85f4000000-7f85f4421000 rw-p 00000000 00:00 0 
7f85f4421000-7f85f8000000 ---p 00000000 00:00 0 
7f85f8000000-7f85f8021000 rw-p 00000000 00:00 0 
7f85f8021000-7f85fc000000 ---p 00000000 00:00 0 
7f85fc000000-7f85fc1ca000 rw-p 00000000 00:00 0 
7f85fc1ca000-7f8600000000 ---p 00000000 00:00 0 
7f8600000000-7f8600129000 rw-p 00000000 00:00 0 
7f8600129000-7f8604000000 ---p 00000000 00:00 0 
7f8604000000-7f8604021000 rw-p 00000000 00:00 0 
7f8604021000-7f8608000000 ---p 00000000 00:00 0 
7f8608000000-7f860815a000 rw-p 00000000 00:00 0 
7f860815a000-7f860c000000 ---p 00000000 00:00 0 
7f860c000000-7f860c021000 rw-p 00000000 00:00 0 
7f860c021000-7f8610000000 ---p 00000000 00:00 0 
7f8610000000-7f8610021000 rw-p 00000000 00:00 0 
7f8610021000-7f8614000000 ---p 00000000 00:00 0 
7f8614000000-7f8614021000 rw-p 00000000 00:00 0 
7f8614021000-7f8618000000 ---p 00000000 00:00 0 
7f8618000000-7f8618021000 rw-p 00000000 00:00 0 
7f8618021000-7f861c000000 ---p 00000000 00:00 0 
7f861c000000-7f861c021000 rw-p 00000000 00:00 0 
7f861c021000-7f8620000000 ---p 00000000 00:00 0 
7f8624000000-7f8624021000 rw-p 00000000 00:00 0 
7f8624021000-7f8628000000 ---p 00000000 00:00 0 
7f8629b4a000-7f862a3e2000 rw-p 00000000 00:00 0 
7f862a3e2000-7f862a3e3000 r--p 00000000 103:02 5931043                   /usr/lib/x86_64-linux-gnu/libicudata.so.70.1
7f862a3e3000-7f862a3e4000 r-xp 00001000 103:02 5931043                   /usr/lib/x86_64-linux-gnu/libicudata.so.70.1
7f862a3e4000-7f862bffe000 r--p 00002000 103:02 5931043                   /usr/lib/x86_64-linux-gnu/libicudata.so.70.1
7f862bffe000-7f862bfff000 r--p 01c1b000 103:02 5931043                   /usr/lib/x86_64-linux-gnu/libicudata.so.70.1
7f862bfff000-7f862c000000 rw-p 01c1c000 103:02 5931043                   /usr/lib/x86_64-linux-gnu/libicudata.so.70.1
7f862c000000-7f862c021000 rw-p 00000000 00:00 0 
7f862c021000-7f8630000000 ---p 00000000 00:00 0 
7f86305a0000-7f8638000000 rw-p 00000000 00:00 0 
7f8638000000-7f8638021000 rw-p 00000000 00:00 0 
7f8638021000-7f863c000000 ---p 00000000 00:00 0 
7f863cb3b000-7f863d1ad000 rw-p 00000000 00:00 0 
7f863d1ad000-7f863d1ae000 r--p 00000000 103:02 5930618                   /usr/lib/x86_64-linux-gnu/libdeflate.so.0
7f863d1ae000-7f863d1ca000 r-xp 00001000 103:02 5930618                   /usr/lib/x86_64-linux-gnu/libdeflate.so.0
7f863d1ca000-7f863d1ce000 r--p 0001d000 103:02 5930618                   /usr/lib/x86_64-linux-gnu/libdeflate.so.0
7f863d1ce000-7f863d1cf000 ---p 00021000 103:02 5930618                   /usr/lib/x86_64-linux-gnu/libdeflate.so.0
7f863d1cf000-7f863d1d0000 r--p 00021000 103:02 5930618                   /usr/lib/x86_64-linux-gnu/libdeflate.so.0
7f863d1d0000-7f863d1d1000 rw-p 00022000 103:02 5930618                   /usr/lib/x86_64-linux-gnu/libdeflate.so.0
7f863d1d1000-7f863d1d3000 r--p 00000000 103:02 5931104                   /usr/lib/x86_64-linux-gnu/libjbig.so.0
7f863d1d3000-7f863d1dc000 r-xp 00002000 103:02 5931104                   /usr/lib/x86_64-linux-gnu/libjbig.so.0
7f863d1dc000-7f863d1de000 r--p 0000b000 103:02 5931104                   /usr/lib/x86_64-linux-gnu/libjbig.so.0
7f863d1de000-7f863d1df000 r--p 0000c000 103:02 5931104                   /usr/lib/x86_64-linux-gnu/libjbig.so.0
7f863d1df000-7f863d1e2000 rw-p 0000d000 103:02 5931104                   /usr/lib/x86_64-linux-gnu/libjbig.so.0
7f863d1e2000-7f863d248000 r--p 00000000 103:02 5931053                   /usr/lib/x86_64-linux-gnu/libicuuc.so.70.1
7f863d248000-7f863d33b000 r-xp 00066000 103:02 5931053                   /usr/lib/x86_64-linux-gnu/libicuuc.so.70.1
7f863d33b000-7f863d3c7000 r--p 00159000 103:02 5931053                   /usr/lib/x86_64-linux-gnu/libicuuc.so.70.1
7f863d3c7000-7f863d3da000 r--p 001e4000 103:02 5931053                   /usr/lib/x86_64-linux-gnu/libicuuc.so.70.1
7f863d3da000-7f863d3db000 rw-p 001f7000 103:02 5931053                   /usr/lib/x86_64-linux-gnu/libicuuc.so.70.1
7f863d3db000-7f863d3dd000 rw-p 00000000 00:00 0 
7f863d3dd000-7f863d3e0000 r--p 00000000 103:02 5931350                   /usr/lib/x86_64-linux-gnu/libopenjp2.so.2.4.0
7f863d3e0000-7f863d423000 r-xp 00003000 103:02 5931350                   /usr/lib/x86_64-linux-gnu/libopenjp2.so.2.4.0
7f863d423000-7f863d432000 r--p 00046000 103:02 5931350                   /usr/lib/x86_64-linux-gnu/libopenjp2.so.2.4.0
7f863d432000-7f863d433000 ---p 00055000 103:02 5931350                   /usr/lib/x86_64-linux-gnu/libopenjp2.so.2.4.0
7f863d433000-7f863d434000 r--p 00055000 103:02 5931350                   /usr/lib/x86_64-linux-gnu/libopenjp2.so.2.4.0
7f863d434000-7f863d435000 rw-p 00056000 103:02 5931350                   /usr/lib/x86_64-linux-gnu/libopenjp2.so.2.4.0
7f863d435000-7f863d437000 r--p 00000000 103:02 5898914                   /usr/lib/x86_64-linux-gnu/libwebp.so.7.1.3
7f863d437000-7f863d48d000 r-xp 00002000 103:02 5898914                   /usr/lib/x86_64-linux-gnu/libwebp.so.7.1.3
7f863d48d000-7f863d49e000 r--p 00058000 103:02 5898914                   /usr/lib/x86_64-linux-gnu/libwebp.so.7.1.3
7f863d49e000-7f863d49f000 r--p 00068000 103:02 5898914                   /usr/lib/x86_64-linux-gnu/libwebp.so.7.1.3
7f863d49f000-7f863d4a0000 rw-p 00069000 103:02 5898914                   /usr/lib/x86_64-linux-gnu/libwebp.so.7.1.3
7f863d4a0000-7f863d4a2000 rw-p 00000000 00:00 0 
7f863d4a2000-7f863d4a4000 r--p 00000000 103:02 5906906                   /usr/lib/x86_64-linux-gnu/libwebpmux.so.3.0.8
7f863d4a4000-7f863d4ab000 r-xp 00002000 103:02 5906906                   /usr/lib/x86_64-linux-gnu/libwebpmux.so.3.0.8
7f863d4ab000-7f863d4ad000 r--p 00009000 103:02 5906906                   /usr/lib/x86_64-linux-gnu/libwebpmux.so.3.0.8
7f863d4ad000-7f863d4ae000 r--p 0000a000 103:02 5906906                   /usr/lib/x86_64-linux-gnu/libwebpmux.so.3.0.8
7f863d4ae000-7f863d4af000 rw-p 0000b000 103:02 5906906                   /usr/lib/x86_64-linux-gnu/libwebpmux.so.3.0.8
7f863d4af000-7f863d4b8000 r--p 00000000 103:02 5907932                   /usr/lib/x86_64-linux-gnu/libtiff.so.5.7.0
7f863d4b8000-7f863d500000 r-xp 00009000 103:02 5907932                   /usr/lib/x86_64-linux-gnu/libtiff.so.5.7.0
7f863d500000-7f863d531000 r--p 00051000 103:02 5907932                   /usr/lib/x86_64-linux-gnu/libtiff.so.5.7.0
7f863d531000-7f863d536000 r--p 00081000 103:02 5907932                   /usr/lib/x86_64-linux-gnu/libtiff.so.5.7.0
7f863d536000-7f863d537000 rw-p 00086000 103:02 5907932                   /usr/lib/x86_64-linux-gnu/libtiff.so.5.7.0
7f863d537000-7f863d53c000 r--p 00000000 103:02 5931453                   /usr/lib/x86_64-linux-gnu/libpng16.so.16.37.0
7f863d53c000-7f863d565000 r-xp 00005000 103:02 5931453                   /usr/lib/x86_64-linux-gnu/libpng16.so.16.37.0
7f863d565000-7f863d570000 r--p 0002e000 103:02 5931453                   /usr/lib/x86_64-linux-gnu/libpng16.so.16.37.0
7f863d570000-7f863d571000 r--p 00038000 103:02 5931453                   /usr/lib/x86_64-linux-gnu/libpng16.so.16.37.0
7f863d571000-7f863d572000 rw-p 00039000 103:02 5931453                   /usr/lib/x86_64-linux-gnu/libpng16.so.16.37.0
7f863d572000-7f863d5a1000 r--p 00000000 103:02 5900611                   /usr/lib/x86_64-linux-gnu/libxml2.so.2.9.13
7f863d5a1000-7f863d6f4000 r-xp 0002f000 103:02 5900611                   /usr/lib/x86_64-linux-gnu/libxml2.so.2.9.13
7f863d6f4000-7f863d748000 r--p 00182000 103:02 5900611                   /usr/lib/x86_64-linux-gnu/libxml2.so.2.9.13
7f863d748000-7f863d749000 ---p 001d6000 103:02 5900611                   /usr/lib/x86_64-linux-gnu/libxml2.so.2.9.13
7f863d749000-7f863d752000 r--p 001d6000 103:02 5900611                   /usr/lib/x86_64-linux-gnu/libxml2.so.2.9.13
7f863d752000-7f863d753000 rw-p 001df000 103:02 5900611                   /usr/lib/x86_64-linux-gnu/libxml2.so.2.9.13
7f863d753000-7f863d754000 rw-p 00000000 00:00 0 
7f863d754000-7f863d756000 r--p 00000000 103:02 5930463                   /usr/lib/x86_64-linux-gnu/libbz2.so.1.0.4
7f863d756000-7f863d763000 r-xp 00002000 103:02 5930463                   /usr/lib/x86_64-linux-gnu/libbz2.so.1.0.4
7f863d763000-7f863d765000 r--p 0000f000 103:02 5930463                   /usr/lib/x86_64-linux-gnu/libbz2.so.1.0.4
7f863d765000-7f863d766000 r--p 00010000 103:02 5930463                   /usr/lib/x86_64-linux-gnu/libbz2.so.1.0.4
7f863d766000-7f863d767000 rw-p 00011000 103:02 5930463                   /usr/lib/x86_64-linux-gnu/libbz2.so.1.0.4
7f863d767000-7f863d769000 r--p 00000000 103:02 5931166                   /usr/lib/x86_64-linux-gnu/liblz4.so.1.9.3
7f863d769000-7f863d782000 r-xp 00002000 103:02 5931166                   /usr/lib/x86_64-linux-gnu/liblz4.so.1.9.3
7f863d782000-7f863d784000 r--p 0001b000 103:02 5931166                   /usr/lib/x86_64-linux-gnu/liblz4.so.1.9.3
7f863d784000-7f863d785000 ---p 0001d000 103:02 5931166                   /usr/lib/x86_64-linux-gnu/liblz4.so.1.9.3
7f863d785000-7f863d786000 r--p 0001d000 103:02 5931166                   /usr/lib/x86_64-linux-gnu/liblz4.so.1.9.3
7f863d786000-7f863d787000 rw-p 0001e000 103:02 5931166                   /usr/lib/x86_64-linux-gnu/liblz4.so.1.9.3
7f863d787000-7f863d791000 r--p 00000000 103:02 5931967                   /usr/lib/x86_64-linux-gnu/libzstd.so.1.4.8
7f863d791000-7f863d843000 r-xp 0000a000 103:02 5931967                   /usr/lib/x86_64-linux-gnu/libzstd.so.1.4.8
7f863d843000-7f863d854000 r--p 000bc000 103:02 5931967                   /usr/lib/x86_64-linux-gnu/libzstd.so.1.4.8
7f863d854000-7f863d855000 r--p 000cc000 103:02 5931967                   /usr/lib/x86_64-linux-gnu/libzstd.so.1.4.8
7f863d855000-7f863d856000 rw-p 000cd000 103:02 5931967                   /usr/lib/x86_64-linux-gnu/libzstd.so.1.4.8
7f863d856000-7f863d859000 r--p 00000000 103:02 5931168                   /usr/lib/x86_64-linux-gnu/liblzma.so.5.2.5
7f863d859000-7f863d874000 r-xp 00003000 103:02 5931168                   /usr/lib/x86_64-linux-gnu/liblzma.so.5.2.5
7f863d874000-7f863d87f000 r--p 0001e000 103:02 5931168                   /usr/lib/x86_64-linux-gnu/liblzma.so.5.2.5
7f863d87f000-7f863d880000 r--p 00028000 103:02 5931168                   /usr/lib/x86_64-linux-gnu/liblzma.so.5.2.5
7f863d880000-7f863d881000 rw-p 00029000 103:02 5931168                   /usr/lib/x86_64-linux-gnu/liblzma.so.5.2.5
7f863d881000-7f863d8a9000 r--p 00000000 103:02 5906910                   /usr/lib/x86_64-linux-gnu/liblept.so.5.0.4
7f863d8a9000-7f863da87000 r-xp 00028000 103:02 5906910                   /usr/lib/x86_64-linux-gnu/liblept.so.5.0.4
7f863da87000-7f863db25000 r--p 00206000 103:02 5906910                   /usr/lib/x86_64-linux-gnu/liblept.so.5.0.4
7f863db25000-7f863db26000 r--p 002a4000 103:02 5906910                   /usr/lib/x86_64-linux-gnu/liblept.so.5.0.4
7f863db26000-7f863db2c000 rw-p 002a5000 103:02 5906910                   /usr/lib/x86_64-linux-gnu/liblept.so.5.0.4
7f863db2c000-7f863db3e000 r--p 00000000 103:02 5930335                   /usr/lib/x86_64-linux-gnu/libarchive.so.13.6.0
7f863db3e000-7f863dbc8000 r-xp 00012000 103:02 5930335                   /usr/lib/x86_64-linux-gnu/libarchive.so.13.6.0
7f863dbc8000-7f863dbf1000 r--p 0009c000 103:02 5930335                   /usr/lib/x86_64-linux-gnu/libarchive.so.13.6.0
7f863dbf1000-7f863dbf5000 r--p 000c4000 103:02 5930335                   /usr/lib/x86_64-linux-gnu/libarchive.so.13.6.0
7f863dbf5000-7f863dbf6000 rw-p 000c8000 103:02 5930335                   /usr/lib/x86_64-linux-gnu/libarchive.so.13.6.0
7f863dbf6000-7f863dc5b000 r--p 00000000 103:02 5906914                   /usr/lib/x86_64-linux-gnu/libtesseract.so.4.0.1
7f863dc5b000-7f863de44000 r-xp 00065000 103:02 5906914                   /usr/lib/x86_64-linux-gnu/libtesseract.so.4.0.1
7f863de44000-7f863def7000 r--p 0024e000 103:02 5906914                   /usr/lib/x86_64-linux-gnu/libtesseract.so.4.0.1
7f863def7000-7f863defc000 r--p 00300000 103:02 5906914                   /usr/lib/x86_64-linux-gnu/libtesseract.so.4.0.1
7f863defc000-7f863defd000 rw-p 00305000 103:02 5906914                   /usr/lib/x86_64-linux-gnu/libtesseract.so.4.0.1
7f863defd000-7f863df00000 rw-p 00000000 00:00 0 
7f863df00000-7f863df17000 r-xp 00000000 103:02 8257876                   /tmp/jna--905840787/jna3032042170594316732.tmp (deleted)
7f863df17000-7f863e016000 ---p 00017000 103:02 8257876                   /tmp/jna--905840787/jna3032042170594316732.tmp (deleted)
7f863e016000-7f863e018000 rw-p 00016000 103:02 8257876                   /tmp/jna--905840787/jna3032042170594316732.tmp (deleted)
7f863e01f000-7f863e021000 r--p 00000000 103:02 5930863                   /usr/lib/x86_64-linux-gnu/libgif.so.7.1.0
7f863e021000-7f863e026000 r-xp 00002000 103:02 5930863                   /usr/lib/x86_64-linux-gnu/libgif.so.7.1.0
7f863e026000-7f863e028000 r--p 00007000 103:02 5930863                   /usr/lib/x86_64-linux-gnu/libgif.so.7.1.0
7f863e028000-7f863e029000 r--p 00008000 103:02 5930863                   /usr/lib/x86_64-linux-gnu/libgif.so.7.1.0
7f863e029000-7f863e02a000 rw-p 00009000 103:02 5930863                   /usr/lib/x86_64-linux-gnu/libgif.so.7.1.0
7f863e02a000-7f863e034000 r--p 00000000 103:02 5931290                   /usr/lib/x86_64-linux-gnu/libnettle.so.8.4
7f863e034000-7f863e057000 r-xp 0000a000 103:02 5931290                   /usr/lib/x86_64-linux-gnu/libnettle.so.8.4
7f863e057000-7f863e06d000 r--p 0002d000 103:02 5931290                   /usr/lib/x86_64-linux-gnu/libnettle.so.8.4
7f863e06d000-7f863e06f000 r--p 00042000 103:02 5931290                   /usr/lib/x86_64-linux-gnu/libnettle.so.8.4
7f863e06f000-7f863e070000 rw-p 00044000 103:02 5931290                   /usr/lib/x86_64-linux-gnu/libnettle.so.8.4
7f863e070000-7f863e07a000 r--p 00000000 103:02 5901898                   /usr/lib/x86_64-linux-gnu/libgomp.so.1.0.0
7f863e07a000-7f863e0ab000 r-xp 0000a000 103:02 5901898                   /usr/lib/x86_64-linux-gnu/libgomp.so.1.0.0
7f863e0ab000-7f863e0b8000 r--p 0003b000 103:02 5901898                   /usr/lib/x86_64-linux-gnu/libgomp.so.1.0.0
7f863e0b8000-7f863e0b9000 r--p 00047000 103:02 5901898                   /usr/lib/x86_64-linux-gnu/libgomp.so.1.0.0
7f863e0b9000-7f863e0ba000 rw-p 00048000 103:02 5901898                   /usr/lib/x86_64-linux-gnu/libgomp.so.1.0.0
7f863e0dc000-7f863e0e6000 r--p 00000000 103:02 5931139                   /usr/lib/x86_64-linux-gnu/liblcms2.so.2.0.12
7f863e0e6000-7f863e122000 r-xp 0000a000 103:02 5931139                   /usr/lib/x86_64-linux-gnu/liblcms2.so.2.0.12
7f863e122000-7f863e136000 r--p 00046000 103:02 5931139                   /usr/lib/x86_64-linux-gnu/liblcms2.so.2.0.12
7f863e136000-7f863e137000 ---p 0005a000 103:02 5931139                   /usr/lib/x86_64-linux-gnu/liblcms2.so.2.0.12
7f863e137000-7f863e139000 r--p 0005a000 103:02 5931139                   /usr/lib/x86_64-linux-gnu/liblcms2.so.2.0.12
7f863e139000-7f863e13c000 rw-p 0005c000 103:02 5931139                   /usr/lib/x86_64-linux-gnu/liblcms2.so.2.0.12
7f863e13c000-7f863e13e000 rw-p 00000000 00:00 0 
7f863e145000-7f863e147000 r--p 00000000 103:02 5930315                   /usr/lib/x86_64-linux-gnu/libacl.so.1.1.2301
7f863e147000-7f863e14b000 r-xp 00002000 103:02 5930315                   /usr/lib/x86_64-linux-gnu/libacl.so.1.1.2301
7f863e14b000-7f863e14c000 r--p 00006000 103:02 5930315                   /usr/lib/x86_64-linux-gnu/libacl.so.1.1.2301
7f863e14c000-7f863e14d000 ---p 00007000 103:02 5930315                   /usr/lib/x86_64-linux-gnu/libacl.so.1.1.2301
7f863e14d000-7f863e14e000 r--p 00007000 103:02 5930315                   /usr/lib/x86_64-linux-gnu/libacl.so.1.1.2301
7f863e14e000-7f863e14f000 rw-p 00008000 103:02 5930315                   /usr/lib/x86_64-linux-gnu/libacl.so.1.1.2301
7f863e14f000-7f863e160000 r--s 001c5000 103:02 7864577                   /usr/lib/jvm/java-8-openjdk-amd64/jre/lib/jsse.jar
7f863e160000-7f863e164000 r--p 00000000 103:02 5931110                   /usr/lib/x86_64-linux-gnu/libjpeg.so.8.2.2
7f863e164000-7f863e1ad000 r-xp 00004000 103:02 5931110                   /usr/lib/x86_64-linux-gnu/libjpeg.so.8.2.2
7f863e1ad000-7f863e1df000 r--p 0004d000 103:02 5931110                   /usr/lib/x86_64-linux-gnu/libjpeg.so.8.2.2
7f863e1df000-7f863e1e0000 r--p 0007e000 103:02 5931110                   /usr/lib/x86_64-linux-gnu/libjpeg.so.8.2.2
7f863e1e0000-7f863e1e1000 rw-p 0007f000 103:02 5931110                   /usr/lib/x86_64-linux-gnu/libjpeg.so.8.2.2
7f863e1ea000-7f863e1ec000 r--p 00000000 103:02 7864527                   /usr/lib/jvm/java-8-openjdk-amd64/jre/lib/amd64/libjavalcms.so
7f863e1ec000-7f863e1ee000 r-xp 00002000 103:02 7864527                   /usr/lib/jvm/java-8-openjdk-amd64/jre/lib/amd64/libjavalcms.so
7f863e1ee000-7f863e1ef000 r--p 00004000 103:02 7864527                   /usr/lib/jvm/java-8-openjdk-amd64/jre/lib/amd64/libjavalcms.so
7f863e1ef000-7f863e1f0000 r--p 00004000 103:02 7864527                   /usr/lib/jvm/java-8-openjdk-amd64/jre/lib/amd64/libjavalcms.so
7f863e1f0000-7f863e1f1000 rw-p 00005000 103:02 7864527                   /usr/lib/jvm/java-8-openjdk-amd64/jre/lib/amd64/libjavalcms.so
7f863e1f1000-7f863e203000 r--s 0034c000 103:02 7864581                   /usr/lib/jvm/java-8-openjdk-amd64/jre/lib/resources.jar
7f863e203000-7f863e205000 r--p 00000000 103:02 7864526                   /usr/lib/jvm/java-8-openjdk-amd64/jre/lib/amd64/libjavajpeg.so
7f863e205000-7f863e20d000 r-xp 00002000 103:02 7864526                   /usr/lib/jvm/java-8-openjdk-amd64/jre/lib/amd64/libjavajpeg.so
7f863e20d000-7f863e20e000 r--p 0000a000 103:02 7864526                   /usr/lib/jvm/java-8-openjdk-amd64/jre/lib/amd64/libjavajpeg.so
7f863e20e000-7f863e20f000 ---p 0000b000 103:02 7864526                   /usr/lib/jvm/java-8-openjdk-amd64/jre/lib/amd64/libjavajpeg.so
7f863e20f000-7f863e210000 r--p 0000b000 103:02 7864526                   /usr/lib/jvm/java-8-openjdk-amd64/jre/lib/amd64/libjavajpeg.so
7f863e210000-7f863e211000 rw-p 0000c000 103:02 7864526                   /usr/lib/jvm/java-8-openjdk-amd64/jre/lib/amd64/libjavajpeg.so
7f863e211000-7f863e214000 ---p 00000000 00:00 0 
7f863e214000-7f863e311000 rw-p 00000000 00:00 0 
7f863e311000-7f863e318000 r--s 00000000 103:02 5924921                   /usr/lib/x86_64-linux-gnu/gconv/gconv-modules.cache
7f863e318000-7f863e31a000 r--p 00000000 103:02 5931192                   /usr/lib/x86_64-linux-gnu/libmd.so.0.0.5
7f863e31a000-7f863e321000 r-xp 00002000 103:02 5931192                   /usr/lib/x86_64-linux-gnu/libmd.so.0.0.5
7f863e321000-7f863e323000 r--p 00009000 103:02 5931192                   /usr/lib/x86_64-linux-gnu/libmd.so.0.0.5
7f863e323000-7f863e324000 r--p 0000a000 103:02 5931192                   /usr/lib/x86_64-linux-gnu/libmd.so.0.0.5
7f863e324000-7f863e325000 rw-p 0000b000 103:02 5931192                   /usr/lib/x86_64-linux-gnu/libmd.so.0.0.5
7f863e325000-7f863e329000 r--p 00000000 103:02 5930458                   /usr/lib/x86_64-linux-gnu/libbsd.so.0.11.5
7f863e329000-7f863e336000 r-xp 00004000 103:02 5930458                   /usr/lib/x86_64-linux-gnu/libbsd.so.0.11.5
7f863e336000-7f863e339000 r--p 00011000 103:02 5930458                   /usr/lib/x86_64-linux-gnu/libbsd.so.0.11.5
7f863e339000-7f863e33a000 ---p 00014000 103:02 5930458                   /usr/lib/x86_64-linux-gnu/libbsd.so.0.11.5
7f863e33a000-7f863e33b000 r--p 00014000 103:02 5930458                   /usr/lib/x86_64-linux-gnu/libbsd.so.0.11.5
7f863e33b000-7f863e33c000 rw-p 00015000 103:02 5930458                   /usr/lib/x86_64-linux-gnu/libbsd.so.0.11.5
7f863e33c000-7f863e33d000 rw-p 00000000 00:00 0 
7f863e33d000-7f863e33f000 r--p 00000000 103:02 5930147                   /usr/lib/x86_64-linux-gnu/libXdmcp.so.6.0.0
7f863e33f000-7f863e341000 r-xp 00002000 103:02 5930147                   /usr/lib/x86_64-linux-gnu/libXdmcp.so.6.0.0
7f863e341000-7f863e343000 r--p 00004000 103:02 5930147                   /usr/lib/x86_64-linux-gnu/libXdmcp.so.6.0.0
7f863e343000-7f863e344000 r--p 00005000 103:02 5930147                   /usr/lib/x86_64-linux-gnu/libXdmcp.so.6.0.0
7f863e344000-7f863e345000 rw-p 00006000 103:02 5930147                   /usr/lib/x86_64-linux-gnu/libXdmcp.so.6.0.0
7f863e345000-7f863e346000 r--p 00000000 103:02 5930136                   /usr/lib/x86_64-linux-gnu/libXau.so.6.0.0
7f863e346000-7f863e348000 r-xp 00001000 103:02 5930136                   /usr/lib/x86_64-linux-gnu/libXau.so.6.0.0
7f863e348000-7f863e349000 r--p 00003000 103:02 5930136                   /usr/lib/x86_64-linux-gnu/libXau.so.6.0.0
7f863e349000-7f863e34a000 r--p 00003000 103:02 5930136                   /usr/lib/x86_64-linux-gnu/libXau.so.6.0.0
7f863e34a000-7f863e34b000 rw-p 00004000 103:02 5930136                   /usr/lib/x86_64-linux-gnu/libXau.so.6.0.0
7f863e34b000-7f863e356000 r--p 00000000 103:02 5931910                   /usr/lib/x86_64-linux-gnu/libxcb.so.1.1.0
7f863e356000-7f863e36a000 r-xp 0000b000 103:02 5931910                   /usr/lib/x86_64-linux-gnu/libxcb.so.1.1.0
7f863e36a000-7f863e373000 r--p 0001f000 103:02 5931910                   /usr/lib/x86_64-linux-gnu/libxcb.so.1.1.0
7f863e373000-7f863e374000 r--p 00027000 103:02 5931910                   /usr/lib/x86_64-linux-gnu/libxcb.so.1.1.0
7f863e374000-7f863e375000 rw-p 00028000 103:02 5931910                   /usr/lib/x86_64-linux-gnu/libxcb.so.1.1.0
7f863e375000-7f863e378000 r--p 00000000 103:02 5930157                   /usr/lib/x86_64-linux-gnu/libXi.so.6.1.0
7f863e378000-7f863e384000 r-xp 00003000 103:02 5930157                   /usr/lib/x86_64-linux-gnu/libXi.so.6.1.0
7f863e384000-7f863e387000 r--p 0000f000 103:02 5930157                   /usr/lib/x86_64-linux-gnu/libXi.so.6.1.0
7f863e387000-7f863e388000 r--p 00011000 103:02 5930157                   /usr/lib/x86_64-linux-gnu/libXi.so.6.1.0
7f863e388000-7f863e389000 rw-p 00012000 103:02 5930157                   /usr/lib/x86_64-linux-gnu/libXi.so.6.1.0
7f863e389000-7f863e38b000 r--p 00000000 103:02 5930177                   /usr/lib/x86_64-linux-gnu/libXtst.so.6.1.0
7f863e38b000-7f863e38e000 r-xp 00002000 103:02 5930177                   /usr/lib/x86_64-linux-gnu/libXtst.so.6.1.0
7f863e38e000-7f863e38f000 r--p 00005000 103:02 5930177                   /usr/lib/x86_64-linux-gnu/libXtst.so.6.1.0
7f863e38f000-7f863e390000 r--p 00005000 103:02 5930177                   /usr/lib/x86_64-linux-gnu/libXtst.so.6.1.0
7f863e390000-7f863e391000 rw-p 00006000 103:02 5930177                   /usr/lib/x86_64-linux-gnu/libXtst.so.6.1.0
7f863e391000-7f863e393000 r--p 00000000 103:02 5930171                   /usr/lib/x86_64-linux-gnu/libXrender.so.1.3.0
7f863e393000-7f863e39a000 r-xp 00002000 103:02 5930171                   /usr/lib/x86_64-linux-gnu/libXrender.so.1.3.0
7f863e39a000-7f863e39c000 r--p 00009000 103:02 5930171                   /usr/lib/x86_64-linux-gnu/libXrender.so.1.3.0
7f863e39c000-7f863e39d000 r--p 0000a000 103:02 5930171                   /usr/lib/x86_64-linux-gnu/libXrender.so.1.3.0
7f863e39d000-7f863e39e000 rw-p 0000b000 103:02 5930171                   /usr/lib/x86_64-linux-gnu/libXrender.so.1.3.0
7f863e39e000-7f863e3b7000 r--p 00000000 103:02 5898922                   /usr/lib/x86_64-linux-gnu/libX11.so.6.4.0
7f863e3b7000-7f863e443000 r-xp 00019000 103:02 5898922                   /usr/lib/x86_64-linux-gnu/libX11.so.6.4.0
7f863e443000-7f863e4d8000 r--p 000a5000 103:02 5898922                   /usr/lib/x86_64-linux-gnu/libX11.so.6.4.0
7f863e4d8000-7f863e4d9000 ---p 0013a000 103:02 5898922                   /usr/lib/x86_64-linux-gnu/libX11.so.6.4.0
7f863e4d9000-7f863e4da000 r--p 0013a000 103:02 5898922                   /usr/lib/x86_64-linux-gnu/libX11.so.6.4.0
7f863e4da000-7f863e4de000 rw-p 0013b000 103:02 5898922                   /usr/lib/x86_64-linux-gnu/libX11.so.6.4.0
7f863e4de000-7f863e4e2000 r--p 00000000 103:02 5930149                   /usr/lib/x86_64-linux-gnu/libXext.so.6.4.0
7f863e4e2000-7f863e4ed000 r-xp 00004000 103:02 5930149                   /usr/lib/x86_64-linux-gnu/libXext.so.6.4.0
7f863e4ed000-7f863e4f1000 r--p 0000f000 103:02 5930149                   /usr/lib/x86_64-linux-gnu/libXext.so.6.4.0
7f863e4f1000-7f863e4f2000 r--p 00012000 103:02 5930149                   /usr/lib/x86_64-linux-gnu/libXext.so.6.4.0
7f863e4f2000-7f863e4f3000 rw-p 00013000 103:02 5930149                   /usr/lib/x86_64-linux-gnu/libXext.so.6.4.0
7f863e4f3000-7f863e515000 r--p 00000000 103:02 6989126                   /usr/share/locale-langpack/es/LC_MESSAGES/libc.mo
7f863e515000-7f863e525000 r--p 00000000 103:02 7864515                   /usr/lib/jvm/java-8-openjdk-amd64/jre/lib/amd64/libawt_xawt.so
7f863e525000-7f863e564000 r-xp 00010000 103:02 7864515                   /usr/lib/jvm/java-8-openjdk-amd64/jre/lib/amd64/libawt_xawt.so
7f863e564000-7f863e575000 r--p 0004f000 103:02 7864515                   /usr/lib/jvm/java-8-openjdk-amd64/jre/lib/amd64/libawt_xawt.so
7f863e575000-7f863e576000 r--p 0005f000 103:02 7864515                   /usr/lib/jvm/java-8-openjdk-amd64/jre/lib/amd64/libawt_xawt.so
7f863e576000-7f863e579000 rw-p 00060000 103:02 7864515                   /usr/lib/jvm/java-8-openjdk-amd64/jre/lib/amd64/libawt_xawt.so
7f863e579000-7f863e57b000 rw-p 00000000 00:00 0 
7f863e57b000-7f863e5a8000 r--p 00000000 103:02 7864513                   /usr/lib/jvm/java-8-openjdk-amd64/jre/lib/amd64/libawt.so
7f863e5a8000-7f863e612000 r-xp 0002d000 103:02 7864513                   /usr/lib/jvm/java-8-openjdk-amd64/jre/lib/amd64/libawt.so
7f863e612000-7f863e61e000 r--p 00097000 103:02 7864513                   /usr/lib/jvm/java-8-openjdk-amd64/jre/lib/amd64/libawt.so
7f863e61e000-7f863e61f000 ---p 000a3000 103:02 7864513                   /usr/lib/jvm/java-8-openjdk-amd64/jre/lib/amd64/libawt.so
7f863e61f000-7f863e620000 r--p 000a3000 103:02 7864513                   /usr/lib/jvm/java-8-openjdk-amd64/jre/lib/amd64/libawt.so
7f863e620000-7f863e62b000 rw-p 000a4000 103:02 7864513                   /usr/lib/jvm/java-8-openjdk-amd64/jre/lib/amd64/libawt.so
7f863e62b000-7f863e650000 rw-p 00000000 00:00 0 
7f863e650000-7f863e658000 r--s 000bb000 103:03 1357321                   /home/sergio/code/work/eclipse-workspace/correctorExamenes/cosas/opencv-490.jar
7f863e658000-7f863e661000 r--s 0006f000 103:03 1357474                   /home/sergio/code/work/eclipse-workspace/correctorExamenes/cosas/log4j-1.2.17.jar
7f863e661000-7f863e665000 r--s 000dc000 103:03 1357473                   /home/sergio/code/work/eclipse-workspace/correctorExamenes/cosas/jna-4.1.0.jar
7f863e665000-7f863e667000 r--s 00009000 103:03 1357476                   /home/sergio/code/work/eclipse-workspace/correctorExamenes/cosas/slf4j-api-1.7.25.jar
7f863e667000-7f863e669000 r--s 00003000 103:03 1357478                   /home/sergio/code/work/eclipse-workspace/correctorExamenes/cosas/jcl-over-slf4j-1.7.25.jar
7f863e669000-7f863e66b000 r--s 00004000 103:03 1357479                   /home/sergio/code/work/eclipse-workspace/correctorExamenes/cosas/log4j-over-slf4j-1.7.25.jar
7f863e66b000-7f863e670000 r--s 00320000 103:03 1357475                   /home/sergio/code/work/eclipse-workspace/correctorExamenes/cosas/lept4j-1.9.3.jar
7f863e670000-7f863e672000 r--s 01274000 103:03 1357472                   /home/sergio/code/work/eclipse-workspace/correctorExamenes/cosas/tess4j-4.0.0.jar
7f863e672000-7f863e674000 r--s 00000000 103:03 1357477                   /home/sergio/code/work/eclipse-workspace/correctorExamenes/cosas/jul-to-slf4j-1.7.25.jar
7f863e674000-7f863e6a5000 rw-p 00000000 00:00 0 
7f863e6a5000-7f863e6aa000 r--p 00000000 103:02 7864535                   /usr/lib/jvm/java-8-openjdk-amd64/jre/lib/amd64/libnet.so
7f863e6aa000-7f863e6bb000 r-xp 00005000 103:02 7864535                   /usr/lib/jvm/java-8-openjdk-amd64/jre/lib/amd64/libnet.so
7f863e6bb000-7f863e6bf000 r--p 00016000 103:02 7864535                   /usr/lib/jvm/java-8-openjdk-amd64/jre/lib/amd64/libnet.so
7f863e6bf000-7f863e6c0000 r--p 00019000 103:02 7864535                   /usr/lib/jvm/java-8-openjdk-amd64/jre/lib/amd64/libnet.so
7f863e6c0000-7f863e6c1000 rw-p 0001a000 103:02 7864535                   /usr/lib/jvm/java-8-openjdk-amd64/jre/lib/amd64/libnet.so
7f863e6c1000-7f863e6c8000 r--p 00000000 103:02 7864536                   /usr/lib/jvm/java-8-openjdk-amd64/jre/lib/amd64/libnio.so
7f863e6c8000-7f863e6d1000 r-xp 00007000 103:02 7864536                   /usr/lib/jvm/java-8-openjdk-amd64/jre/lib/amd64/libnio.so
7f863e6d1000-7f863e6d4000 r--p 00010000 103:02 7864536                   /usr/lib/jvm/java-8-openjdk-amd64/jre/lib/amd64/libnio.so
7f863e6d4000-7f863e6d5000 r--p 00012000 103:02 7864536                   /usr/lib/jvm/java-8-openjdk-amd64/jre/lib/amd64/libnio.so
7f863e6d5000-7f863e6d6000 rw-p 00013000 103:02 7864536                   /usr/lib/jvm/java-8-openjdk-amd64/jre/lib/amd64/libnio.so
7f863e6d6000-7f863e6f2000 r--s 00394000 103:02 7864554                   /usr/lib/jvm/java-8-openjdk-amd64/jre/lib/ext/cldrdata.jar
7f863e6f2000-7f863e6f3000 ---p 00000000 00:00 0 
7f863e6f3000-7f863e7f3000 rw-p 00000000 00:00 0 
7f863e7f3000-7f863e7f6000 ---p 00000000 00:00 0 
7f863e7f6000-7f863e8f3000 rw-p 00000000 00:00 0 
7f863e8f3000-7f863e8f4000 ---p 00000000 00:00 0 
7f863e8f4000-7f863e8f7000 ---p 00000000 00:00 0 
7f863e8f7000-7f863e9f4000 rw-p 00000000 00:00 0 
7f863e9f4000-7f863e9f5000 ---p 00000000 00:00 0 
7f863e9f5000-7f863e9f8000 ---p 00000000 00:00 0 
7f863e9f8000-7f863eaf5000 rw-p 00000000 00:00 0 
7f863eaf5000-7f863eaf6000 ---p 00000000 00:00 0 
7f863eaf6000-7f863eaf9000 ---p 00000000 00:00 0 
7f863eaf9000-7f863ebf6000 rw-p 00000000 00:00 0 
7f863ebf6000-7f863ebf7000 ---p 00000000 00:00 0 
7f863ebf7000-7f863ebfa000 ---p 00000000 00:00 0 
7f863ebfa000-7f863ecf7000 rw-p 00000000 00:00 0 
7f863ecf7000-7f863ecfa000 ---p 00000000 00:00 0 
7f863ecfa000-7f863edf7000 rw-p 00000000 00:00 0 
7f863edf7000-7f863f5f8000 r--p 00000000 103:02 5899966                   /usr/lib/locale/locale-archive
7f863f5f8000-7f863f5fb000 ---p 00000000 00:00 0 
7f863f5fb000-7f863f6f8000 rw-p 00000000 00:00 0 
7f863f6f8000-7f863f6fb000 ---p 00000000 00:00 0 
7f863f6fb000-7f863f7f8000 rw-p 00000000 00:00 0 
7f863f7f8000-7f863f7f9000 ---p 00000000 00:00 0 
7f863f7f9000-7f8640000000 rw-p 00000000 00:00 0 
7f8640000000-7f8640021000 rw-p 00000000 00:00 0 
7f8640021000-7f8644000000 ---p 00000000 00:00 0 
7f8644000000-7f8644021000 rw-p 00000000 00:00 0 
7f8644021000-7f8648000000 ---p 00000000 00:00 0 
7f8648000000-7f8648021000 rw-p 00000000 00:00 0 
7f8648021000-7f864c000000 ---p 00000000 00:00 0 
7f864c000000-7f864c021000 rw-p 00000000 00:00 0 
7f864c021000-7f8650000000 ---p 00000000 00:00 0 
7f8650000000-7f8650021000 rw-p 00000000 00:00 0 
7f8650021000-7f8654000000 ---p 00000000 00:00 0 
7f8654000000-7f8654001000 r--s 0000b000 103:03 1334037                   /home/sergio/code/work/eclipse-workspace/correctorExamenes/cosas/org.json.jar
7f8654001000-7f865400c000 r--s 0008f000 103:03 1356431                   /home/sergio/code/work/eclipse-workspace/correctorExamenes/cosas/jai-imageio-core-1.4.0.jar
7f865400c000-7f865400e000 r--s 00001000 103:02 7864555                   /usr/lib/jvm/java-8-openjdk-amd64/jre/lib/ext/dnsns.jar
7f865400e000-7f8654010000 r--s 0000c000 103:02 6057136                   /usr/share/java/java-atk-wrapper.jar
7f8654010000-7f865402b000 r--s 001d6000 103:02 7864559                   /usr/lib/jvm/java-8-openjdk-amd64/jre/lib/ext/nashorn.jar
7f865402b000-7f8655000000 rw-p 00000000 00:00 0 
7f8655000000-7f86552c0000 rwxp 00000000 00:00 0 
7f86552c0000-7f8664000000 ---p 00000000 00:00 0 
7f8664000000-7f86649ac000 rw-p 00000000 00:00 0 
7f86649ac000-7f8668000000 ---p 00000000 00:00 0 
7f8668000000-7f8668001000 r--s 0000b000 103:03 158208                    /home/sergio/code/librerias/org.json.jar
7f8668001000-7f8668004000 r--s 00042000 103:02 7864562                   /usr/lib/jvm/java-8-openjdk-amd64/jre/lib/ext/sunpkcs11.jar
7f8668004000-7f866800a000 r--s 0003e000 103:02 7864561                   /usr/lib/jvm/java-8-openjdk-amd64/jre/lib/ext/sunjce_provider.jar
7f866800a000-7f8668014000 r--s 00117000 103:02 7864558                   /usr/lib/jvm/java-8-openjdk-amd64/jre/lib/ext/localedata.jar
7f8668014000-7f8668016000 r--s 00010000 103:02 7864563                   /usr/lib/jvm/java-8-openjdk-amd64/jre/lib/ext/zipfs.jar
7f8668016000-7f866801d000 r--s 000d3000 103:02 7864576                   /usr/lib/jvm/java-8-openjdk-amd64/jre/lib/jfr.jar
7f866801d000-7f8668c1b000 rw-p 00000000 00:00 0 
7f8668c1b000-7f8668ded000 r--s 03cc9000 103:02 7864582                   /usr/lib/jvm/java-8-openjdk-amd64/jre/lib/rt.jar
7f8668ded000-7f8669666000 rw-p 00000000 00:00 0 
7f8669666000-7f86696e6000 ---p 00000000 00:00 0 
7f86696e6000-7f8669ed9000 rw-p 00000000 00:00 0 
7f8669ed9000-7f8669eda000 ---p 00000000 00:00 0 
7f8669eda000-7f8669fda000 rw-p 00000000 00:00 0 
7f8669fda000-7f8669fdb000 ---p 00000000 00:00 0 
7f8669fdb000-7f866a0db000 rw-p 00000000 00:00 0 
7f866a0db000-7f866a0dc000 ---p 00000000 00:00 0 
7f866a0dc000-7f866a1dc000 rw-p 00000000 00:00 0 
7f866a1dc000-7f866a1dd000 ---p 00000000 00:00 0 
7f866a1dd000-7f866a2dd000 rw-p 00000000 00:00 0 
7f866a2dd000-7f866a2de000 ---p 00000000 00:00 0 
7f866a2de000-7f866a3de000 rw-p 00000000 00:00 0 
7f866a3de000-7f866a3df000 ---p 00000000 00:00 0 
7f866a3df000-7f866a4df000 rw-p 00000000 00:00 0 
7f866a4df000-7f866a4e0000 ---p 00000000 00:00 0 
7f866a4e0000-7f866a5e0000 rw-p 00000000 00:00 0 
7f866a5e0000-7f866a5e1000 ---p 00000000 00:00 0 
7f866a5e1000-7f866a6e1000 rw-p 00000000 00:00 0 
7f866a6e1000-7f866a6e2000 ---p 00000000 00:00 0 
7f866a6e2000-7f866a7e2000 rw-p 00000000 00:00 0 
7f866a7e2000-7f866a7e3000 ---p 00000000 00:00 0 
7f866a7e3000-7f866a935000 rw-p 00000000 00:00 0 
7f866a935000-7f866adfd000 ---p 00000000 00:00 0 
7f866adfd000-7f866ae4f000 rw-p 00000000 00:00 0 
7f866ae4f000-7f866b316000 ---p 00000000 00:00 0 
7f866b316000-7f866b35f000 rw-p 00000000 00:00 0 
7f866b35f000-7f866b5a3000 ---p 00000000 00:00 0 
7f866b5a3000-7f866b5af000 rw-p 00000000 00:00 0 
7f866b5af000-7f866b964000 ---p 00000000 00:00 0 
7f866b964000-7f866b967000 r--p 00000000 103:02 7864543                   /usr/lib/jvm/java-8-openjdk-amd64/jre/lib/amd64/libzip.so
7f866b967000-7f866b96c000 r-xp 00003000 103:02 7864543                   /usr/lib/jvm/java-8-openjdk-amd64/jre/lib/amd64/libzip.so
7f866b96c000-7f866b96e000 r--p 00008000 103:02 7864543                   /usr/lib/jvm/java-8-openjdk-amd64/jre/lib/amd64/libzip.so
7f866b96e000-7f866b96f000 r--p 00009000 103:02 7864543                   /usr/lib/jvm/java-8-openjdk-amd64/jre/lib/amd64/libzip.so
7f866b96f000-7f866b970000 rw-p 0000a000 103:02 7864543                   /usr/lib/jvm/java-8-openjdk-amd64/jre/lib/amd64/libzip.so
7f866b970000-7f866b97d000 r--p 00000000 103:02 7864524                   /usr/lib/jvm/java-8-openjdk-amd64/jre/lib/amd64/libjava.so
7f866b97d000-7f866b995000 r-xp 0000d000 103:02 7864524                   /usr/lib/jvm/java-8-openjdk-amd64/jre/lib/amd64/libjava.so
7f866b995000-7f866b99c000 r--p 00025000 103:02 7864524                   /usr/lib/jvm/java-8-openjdk-amd64/jre/lib/amd64/libjava.so
7f866b99c000-7f866b99d000 r--p 0002b000 103:02 7864524                   /usr/lib/jvm/java-8-openjdk-amd64/jre/lib/amd64/libjava.so
7f866b99d000-7f866b99f000 rw-p 0002c000 103:02 7864524                   /usr/lib/jvm/java-8-openjdk-amd64/jre/lib/amd64/libjava.so
7f866b99f000-7f866b9a0000 r--p 00000000 103:02 5901932                   /usr/lib/x86_64-linux-gnu/librt.so.1
7f866b9a0000-7f866b9a1000 r-xp 00001000 103:02 5901932                   /usr/lib/x86_64-linux-gnu/librt.so.1
7f866b9a1000-7f866b9a2000 r--p 00002000 103:02 5901932                   /usr/lib/x86_64-linux-gnu/librt.so.1
7f866b9a2000-7f866b9a3000 r--p 00002000 103:02 5901932                   /usr/lib/x86_64-linux-gnu/librt.so.1
7f866b9a3000-7f866b9a4000 rw-p 00003000 103:02 5901932                   /usr/lib/x86_64-linux-gnu/librt.so.1
7f866b9a4000-7f866b9a5000 ---p 00000000 00:00 0 
7f866b9a5000-7f866b9a8000 ---p 00000000 00:00 0 
7f866b9a8000-7f866baa5000 rw-p 00000000 00:00 0 
7f866baa5000-7f866baa8000 r--p 00000000 103:02 5901894                   /usr/lib/x86_64-linux-gnu/libgcc_s.so.1
7f866baa8000-7f866babf000 r-xp 00003000 103:02 5901894                   /usr/lib/x86_64-linux-gnu/libgcc_s.so.1
7f866babf000-7f866bac3000 r--p 0001a000 103:02 5901894                   /usr/lib/x86_64-linux-gnu/libgcc_s.so.1
7f866bac3000-7f866bac4000 r--p 0001d000 103:02 5901894                   /usr/lib/x86_64-linux-gnu/libgcc_s.so.1
7f866bac4000-7f866bac5000 rw-p 0001e000 103:02 5901894                   /usr/lib/x86_64-linux-gnu/libgcc_s.so.1
7f866bac5000-7f866bad3000 r--p 00000000 103:02 5900581                   /usr/lib/x86_64-linux-gnu/libm.so.6
7f866bad3000-7f866bb4f000 r-xp 0000e000 103:02 5900581                   /usr/lib/x86_64-linux-gnu/libm.so.6
7f866bb4f000-7f866bbaa000 r--p 0008a000 103:02 5900581                   /usr/lib/x86_64-linux-gnu/libm.so.6
7f866bbaa000-7f866bbab000 r--p 000e4000 103:02 5900581                   /usr/lib/x86_64-linux-gnu/libm.so.6
7f866bbab000-7f866bbac000 rw-p 000e5000 103:02 5900581                   /usr/lib/x86_64-linux-gnu/libm.so.6
7f866bbac000-7f866bc46000 r--p 00000000 103:02 5898793                   /usr/lib/x86_64-linux-gnu/libstdc++.so.6.0.30
7f866bc46000-7f866bd57000 r-xp 0009a000 103:02 5898793                   /usr/lib/x86_64-linux-gnu/libstdc++.so.6.0.30
7f866bd57000-7f866bdc6000 r--p 001ab000 103:02 5898793                   /usr/lib/x86_64-linux-gnu/libstdc++.so.6.0.30
7f866bdc6000-7f866bdc7000 ---p 0021a000 103:02 5898793                   /usr/lib/x86_64-linux-gnu/libstdc++.so.6.0.30
7f866bdc7000-7f866bdd2000 r--p 0021a000 103:02 5898793                   /usr/lib/x86_64-linux-gnu/libstdc++.so.6.0.30
7f866bdd2000-7f866bdd5000 rw-p 00225000 103:02 5898793                   /usr/lib/x86_64-linux-gnu/libstdc++.so.6.0.30
7f866bdd5000-7f866bdd8000 rw-p 00000000 00:00 0 
7f866bdd8000-7f866bfce000 r--p 00000000 103:02 7864545                   /usr/lib/jvm/java-8-openjdk-amd64/jre/lib/amd64/server/libjvm.so
7f866bfce000-7f866c93e000 r-xp 001f6000 103:02 7864545                   /usr/lib/jvm/java-8-openjdk-amd64/jre/lib/amd64/server/libjvm.so
7f866c93e000-7f866cae9000 r--p 00b66000 103:02 7864545                   /usr/lib/jvm/java-8-openjdk-amd64/jre/lib/amd64/server/libjvm.so
7f866cae9000-7f866caea000 ---p 00d11000 103:02 7864545                   /usr/lib/jvm/java-8-openjdk-amd64/jre/lib/amd64/server/libjvm.so
7f866caea000-7f866cb80000 r--p 00d11000 103:02 7864545                   /usr/lib/jvm/java-8-openjdk-amd64/jre/lib/amd64/server/libjvm.so
7f866cb80000-7f866cba9000 rw-p 00da7000 103:02 7864545                   /usr/lib/jvm/java-8-openjdk-amd64/jre/lib/amd64/server/libjvm.so
7f866cba9000-7f866cbde000 rw-p 00000000 00:00 0 
7f866cbde000-7f866cc06000 r--p 00000000 103:02 5900575                   /usr/lib/x86_64-linux-gnu/libc.so.6
7f866cc06000-7f866cd9b000 r-xp 00028000 103:02 5900575                   /usr/lib/x86_64-linux-gnu/libc.so.6
7f866cd9b000-7f866cdf3000 r--p 001bd000 103:02 5900575                   /usr/lib/x86_64-linux-gnu/libc.so.6
7f866cdf3000-7f866cdf4000 ---p 00215000 103:02 5900575                   /usr/lib/x86_64-linux-gnu/libc.so.6
7f866cdf4000-7f866cdf8000 r--p 00215000 103:02 5900575                   /usr/lib/x86_64-linux-gnu/libc.so.6
7f866cdf8000-7f866cdfa000 rw-p 00219000 103:02 5900575                   /usr/lib/x86_64-linux-gnu/libc.so.6
7f866cdfa000-7f866ce07000 rw-p 00000000 00:00 0 
7f866ce07000-7f866ce0a000 r--p 00000000 103:02 7864510                   /usr/lib/jvm/java-8-openjdk-amd64/jre/lib/amd64/jli/libjli.so
7f866ce0a000-7f866ce13000 r-xp 00003000 103:02 7864510                   /usr/lib/jvm/java-8-openjdk-amd64/jre/lib/amd64/jli/libjli.so
7f866ce13000-7f866ce16000 r--p 0000c000 103:02 7864510                   /usr/lib/jvm/java-8-openjdk-amd64/jre/lib/amd64/jli/libjli.so
7f866ce16000-7f866ce17000 r--p 0000e000 103:02 7864510                   /usr/lib/jvm/java-8-openjdk-amd64/jre/lib/amd64/jli/libjli.so
7f866ce17000-7f866ce18000 rw-p 0000f000 103:02 7864510                   /usr/lib/jvm/java-8-openjdk-amd64/jre/lib/amd64/jli/libjli.so
7f866ce18000-7f866ce1a000 r--p 00000000 103:02 5931953                   /usr/lib/x86_64-linux-gnu/libz.so.1.2.11
7f866ce1a000-7f866ce2b000 r-xp 00002000 103:02 5931953                   /usr/lib/x86_64-linux-gnu/libz.so.1.2.11
7f866ce2b000-7f866ce31000 r--p 00013000 103:02 5931953                   /usr/lib/x86_64-linux-gnu/libz.so.1.2.11
7f866ce31000-7f866ce32000 ---p 00019000 103:02 5931953                   /usr/lib/x86_64-linux-gnu/libz.so.1.2.11
7f866ce32000-7f866ce33000 r--p 00019000 103:02 5931953                   /usr/lib/x86_64-linux-gnu/libz.so.1.2.11
7f866ce33000-7f866ce34000 rw-p 0001a000 103:02 5931953                   /usr/lib/x86_64-linux-gnu/libz.so.1.2.11
7f866ce34000-7f866ce37000 r--s 0000f000 103:02 7864556                   /usr/lib/jvm/java-8-openjdk-amd64/jre/lib/ext/icedtea-sound.jar
7f866ce37000-7f866ce39000 r--s 00008000 103:02 7864560                   /usr/lib/jvm/java-8-openjdk-amd64/jre/lib/ext/sunec.jar
7f866ce39000-7f866ce3a000 r--s 0000a000 103:02 7864557                   /usr/lib/jvm/java-8-openjdk-amd64/jre/lib/ext/jaccess.jar
7f866ce3a000-7f866ce42000 rw-s 00000000 103:02 8257875                   /tmp/hsperfdata_sergio/2977362
7f866ce42000-7f866ce43000 rw-p 00000000 00:00 0 
7f866ce43000-7f866ce48000 r--p 00000000 103:02 7864542                   /usr/lib/jvm/java-8-openjdk-amd64/jre/lib/amd64/libverify.so
7f866ce48000-7f866ce51000 r-xp 00005000 103:02 7864542                   /usr/lib/jvm/java-8-openjdk-amd64/jre/lib/amd64/libverify.so
7f866ce51000-7f866ce53000 r--p 0000e000 103:02 7864542                   /usr/lib/jvm/java-8-openjdk-amd64/jre/lib/amd64/libverify.so
7f866ce53000-7f866ce55000 r--p 0000f000 103:02 7864542                   /usr/lib/jvm/java-8-openjdk-amd64/jre/lib/amd64/libverify.so
7f866ce55000-7f866ce56000 rw-p 00011000 103:02 7864542                   /usr/lib/jvm/java-8-openjdk-amd64/jre/lib/amd64/libverify.so
7f866ce56000-7f866ce58000 rw-p 00000000 00:00 0 
7f866ce58000-7f866ce5a000 r--p 00000000 103:02 5899842                   /usr/lib/x86_64-linux-gnu/ld-linux-x86-64.so.2
7f866ce5a000-7f866ce84000 r-xp 00002000 103:02 5899842                   /usr/lib/x86_64-linux-gnu/ld-linux-x86-64.so.2
7f866ce84000-7f866ce8f000 r--p 0002c000 103:02 5899842                   /usr/lib/x86_64-linux-gnu/ld-linux-x86-64.so.2
7f866ce8f000-7f866ce90000 r--p 00000000 00:00 0 
7f866ce90000-7f866ce92000 r--p 00037000 103:02 5899842                   /usr/lib/x86_64-linux-gnu/ld-linux-x86-64.so.2
7f866ce92000-7f866ce94000 rw-p 00039000 103:02 5899842                   /usr/lib/x86_64-linux-gnu/ld-linux-x86-64.so.2
7ffde3a1d000-7ffde3a3e000 rw-p 00000000 00:00 0                          [stack]
7ffde3b8e000-7ffde3b92000 r--p 00000000 00:00 0                          [vvar]
7ffde3b92000-7ffde3b94000 r-xp 00000000 00:00 0                          [vdso]
ffffffffff600000-ffffffffff601000 --xp 00000000 00:00 0                  [vsyscall]

VM Arguments:
jvm_args: -Djava.library.path=/home/sergio/code/work/eclipse-workspace/correctorExamenes/cosas -Dfile.encoding=UTF-8 -Dstdout.encoding=UTF-8 -Dstderr.encoding=UTF-8 
java_command: correctorExamenes.OCRespuesta
java_class_path (initial): /home/sergio/code/work/eclipse-workspace/correctorExamenes/bin:/home/sergio/code/librerias/org.json.jar:/home/sergio/code/work/eclipse-workspace/correctorExamenes/cosas/jai-imageio-core-1.4.0.jar:/home/sergio/code/work/eclipse-workspace/correctorExamenes/cosas/jul-to-slf4j-1.7.25.jar:/home/sergio/code/work/eclipse-workspace/correctorExamenes/cosas/org.json.jar:/home/sergio/code/work/eclipse-workspace/correctorExamenes/cosas/tess4j-4.0.0.jar:/home/sergio/code/work/eclipse-workspace/correctorExamenes/cosas/lept4j-1.9.3.jar:/home/sergio/code/work/eclipse-workspace/correctorExamenes/cosas/log4j-over-slf4j-1.7.25.jar:/home/sergio/code/work/eclipse-workspace/correctorExamenes/cosas/jcl-over-slf4j-1.7.25.jar:/home/sergio/code/work/eclipse-workspace/correctorExamenes/cosas/slf4j-api-1.7.25.jar:/home/sergio/code/work/eclipse-workspace/correctorExamenes/cosas/jna-4.1.0.jar:/home/sergio/code/work/eclipse-workspace/correctorExamenes/cosas/log4j-1.2.17.jar:/home/sergio/code/work/eclipse-workspace/correctorExamenes/cosas/opencv-490.jar
Launcher Type: SUN_STANDARD

Environment Variables:
PATH=/home/sergio/.local/bin:/usr/local/sbin:/usr/local/bin:/usr/sbin:/usr/bin:/sbin:/bin:/usr/games:/usr/local/games:/snap/bin
SHELL=/bin/bash
DISPLAY=:0

Signal Handlers:
SIGSEGV: [libjvm.so+0xb3f760], sa_mask[0]=11111111011111111101111111111110, sa_flags=SA_RESTART|SA_SIGINFO
SIGBUS: [libjvm.so+0xb3f760], sa_mask[0]=11111111011111111101111111111110, sa_flags=SA_RESTART|SA_SIGINFO
SIGFPE: [libjvm.so+0x97e0c0], sa_mask[0]=11111111011111111101111111111110, sa_flags=SA_RESTART|SA_SIGINFO
SIGPIPE: [libjvm.so+0x97e0c0], sa_mask[0]=11111111011111111101111111111110, sa_flags=SA_RESTART|SA_SIGINFO
SIGXFSZ: [libjvm.so+0x97e0c0], sa_mask[0]=11111111011111111101111111111110, sa_flags=SA_RESTART|SA_SIGINFO
SIGILL: [libjvm.so+0x97e0c0], sa_mask[0]=11111111011111111101111111111110, sa_flags=SA_RESTART|SA_SIGINFO
SIGUSR1: SIG_DFL, sa_mask[0]=00000000000000000000000000000000, sa_flags=none
SIGUSR2: [libjvm.so+0x97e3f0], sa_mask[0]=00100000000000000000000000000000, sa_flags=SA_RESTART|SA_SIGINFO
SIGHUP: [libjvm.so+0x97e340], sa_mask[0]=11111111011111111101111111111110, sa_flags=SA_RESTART|SA_SIGINFO
SIGINT: [libjvm.so+0x97e340], sa_mask[0]=11111111011111111101111111111110, sa_flags=SA_RESTART|SA_SIGINFO
SIGTERM: [libjvm.so+0x97e340], sa_mask[0]=11111111011111111101111111111110, sa_flags=SA_RESTART|SA_SIGINFO
SIGQUIT: [libjvm.so+0x97e340], sa_mask[0]=11111111011111111101111111111110, sa_flags=SA_RESTART|SA_SIGINFO


---------------  S Y S T E M  ---------------

OS:DISTRIB_ID=LinuxMint
DISTRIB_RELEASE=21.3
DISTRIB_CODENAME=virginia
DISTRIB_DESCRIPTION="Linux Mint 21.3 Virginia"

uname:Linux 5.15.0-107-generic #117-Ubuntu SMP Fri Apr 26 12:26:49 UTC 2024 x86_64
libc:glibc 2.35 NPTL 2.35 
rlimit: STACK 8192k, CORE 0k, NPROC 62092, NOFILE 1048576, AS infinity
load average:1,11 1,05 0,90

/proc/meminfo:
MemTotal:       16039296 kB
MemFree:         7907320 kB
MemAvailable:   10028976 kB
Buffers:          167784 kB
Cached:          3048204 kB
SwapCached:       445056 kB
Active:          4003388 kB
Inactive:        2912348 kB
Active(anon):    2531832 kB
Inactive(anon):  2102772 kB
Active(file):    1471556 kB
Inactive(file):   809576 kB
Unevictable:      394212 kB
Mlocked:             272 kB
SwapTotal:      20971516 kB
SwapFree:       17502556 kB
Dirty:              1716 kB
Writeback:             0 kB
AnonPages:       4010748 kB
Mapped:           725444 kB
Shmem:            934856 kB
KReclaimable:     185128 kB
Slab:             418296 kB
SReclaimable:     185128 kB
SUnreclaim:       233168 kB
KernelStack:       26720 kB
PageTables:        77152 kB
NFS_Unstable:          0 kB
Bounce:                0 kB
WritebackTmp:          0 kB
CommitLimit:    28991164 kB
Committed_AS:   24828688 kB
VmallocTotal:   34359738367 kB
VmallocUsed:       87604 kB
VmallocChunk:          0 kB
Percpu:            14912 kB
HardwareCorrupted:     0 kB
AnonHugePages:         0 kB
ShmemHugePages:   313344 kB
ShmemPmdMapped:        0 kB
FileHugePages:         0 kB
FilePmdMapped:         0 kB
HugePages_Total:       0
HugePages_Free:        0
HugePages_Rsvd:        0
HugePages_Surp:        0
Hugepagesize:       2048 kB
Hugetlb:               0 kB
DirectMap4k:     7546752 kB
DirectMap2M:     8896512 kB
DirectMap1G:           0 kB

container (cgroup) information:
container_type: cgroupv2
cpu_cpuset_cpus: failed
cpu_memory_nodes: failed
active_processor_count: 12
cpu_quota: -2
cpu_period: -2
cpu_shares: -2
memory_limit_in_bytes: -1
memory_and_swap_limit_in_bytes: -1
memory_soft_limit_in_bytes: 0
memory_usage_in_bytes: 6473129984
memory_max_usage_in_bytes: -2


CPU:total 12 (initial active 12) (6 cores per cpu, 2 threads per core) family 6 model 154 stepping 4, cmov, cx8, fxsr, mmx, sse, sse2, sse3, ssse3, sse4.1, sse4.2, popcnt, avx, avx2, aes, clmul, erms, 3dnowpref, lzcnt, ht, tsc, tscinvbit, bmi1, bmi2, adx

/proc/cpuinfo:
processor	: 0
vendor_id	: GenuineIntel
cpu family	: 6
model		: 154
model name	: 12th Gen Intel(R) Core(TM) i7-1255U
stepping	: 4
microcode	: 0x430
cpu MHz		: 2881.511
cache size	: 12288 KB
physical id	: 0
siblings	: 12
core id		: 0
cpu cores	: 10
apicid		: 0
initial apicid	: 0
fpu		: yes
fpu_exception	: yes
cpuid level	: 32
wp		: yes
flags		: fpu vme de pse tsc msr pae mce cx8 apic sep mtrr pge mca cmov pat pse36 clflush dts acpi mmx fxsr sse sse2 ss ht tm pbe syscall nx pdpe1gb rdtscp lm constant_tsc art arch_perfmon pebs bts rep_good nopl xtopology nonstop_tsc cpuid aperfmperf tsc_known_freq pni pclmulqdq dtes64 monitor ds_cpl vmx smx est tm2 ssse3 sdbg fma cx16 xtpr pdcm sse4_1 sse4_2 x2apic movbe popcnt tsc_deadline_timer aes xsave avx f16c rdrand lahf_lm abm 3dnowprefetch cpuid_fault epb ssbd ibrs ibpb stibp ibrs_enhanced tpr_shadow vnmi flexpriority ept vpid ept_ad fsgsbase tsc_adjust bmi1 avx2 smep bmi2 erms invpcid rdseed adx smap clflushopt clwb intel_pt sha_ni xsaveopt xsavec xgetbv1 xsaves split_lock_detect avx_vnni dtherm ida arat pln pts hwp hwp_notify hwp_act_window hwp_epp hwp_pkg_req umip pku ospke waitpkg gfni vaes vpclmulqdq rdpid movdiri movdir64b fsrm md_clear serialize arch_lbr flush_l1d arch_capabilities
vmx flags	: vnmi preemption_timer posted_intr invvpid ept_x_only ept_ad ept_1gb flexpriority apicv tsc_offset vtpr mtf vapic ept vpid unrestricted_guest vapic_reg vid ple shadow_vmcs ept_mode_based_exec tsc_scaling usr_wait_pause
bugs		: coma tlb_mmatch spectre_v1 spectre_v2 spec_store_bypass swapgs eibrs_pbrsb bhi
bogomips	: 5222.40
clflush size	: 64
cache_alignment	: 64
address sizes	: 39 bits physical, 48 bits virtual
power management:

processor	: 1
vendor_id	: GenuineIntel
cpu family	: 6
model		: 154
model name	: 12th Gen Intel(R) Core(TM) i7-1255U
stepping	: 4
microcode	: 0x430
cpu MHz		: 2600.000
cache size	: 12288 KB
physical id	: 0
siblings	: 12
core id		: 0
cpu cores	: 10
apicid		: 1
initial apicid	: 1
fpu		: yes
fpu_exception	: yes
cpuid level	: 32
wp		: yes
flags		: fpu vme de pse tsc msr pae mce cx8 apic sep mtrr pge mca cmov pat pse36 clflush dts acpi mmx fxsr sse sse2 ss ht tm pbe syscall nx pdpe1gb rdtscp lm constant_tsc art arch_perfmon pebs bts rep_good nopl xtopology nonstop_tsc cpuid aperfmperf tsc_known_freq pni pclmulqdq dtes64 monitor ds_cpl vmx smx est tm2 ssse3 sdbg fma cx16 xtpr pdcm sse4_1 sse4_2 x2apic movbe popcnt tsc_deadline_timer aes xsave avx f16c rdrand lahf_lm abm 3dnowprefetch cpuid_fault epb ssbd ibrs ibpb stibp ibrs_enhanced tpr_shadow vnmi flexpriority ept vpid ept_ad fsgsbase tsc_adjust bmi1 avx2 smep bmi2 erms invpcid rdseed adx smap clflushopt clwb intel_pt sha_ni xsaveopt xsavec xgetbv1 xsaves split_lock_detect avx_vnni dtherm ida arat pln pts hwp hwp_notify hwp_act_window hwp_epp hwp_pkg_req umip pku ospke waitpkg gfni vaes vpclmulqdq rdpid movdiri movdir64b fsrm md_clear serialize arch_lbr flush_l1d arch_capabilities
vmx flags	: vnmi preemption_timer posted_intr invvpid ept_x_only ept_ad ept_1gb flexpriority apicv tsc_offset vtpr mtf vapic ept vpid unrestricted_guest vapic_reg vid ple shadow_vmcs ept_mode_based_exec tsc_scaling usr_wait_pause
bugs		: coma tlb_mmatch spectre_v1 spectre_v2 spec_store_bypass swapgs eibrs_pbrsb bhi
bogomips	: 5222.40
clflush size	: 64
cache_alignment	: 64
address sizes	: 39 bits physical, 48 bits virtual
power management:

processor	: 2
vendor_id	: GenuineIntel
cpu family	: 6
model		: 154
model name	: 12th Gen Intel(R) Core(TM) i7-1255U
stepping	: 4
microcode	: 0x430
cpu MHz		: 2117.272
cache size	: 12288 KB
physical id	: 0
siblings	: 12
core id		: 4
cpu cores	: 10
apicid		: 8
initial apicid	: 8
fpu		: yes
fpu_exception	: yes
cpuid level	: 32
wp		: yes
flags		: fpu vme de pse tsc msr pae mce cx8 apic sep mtrr pge mca cmov pat pse36 clflush dts acpi mmx fxsr sse sse2 ss ht tm pbe syscall nx pdpe1gb rdtscp lm constant_tsc art arch_perfmon pebs bts rep_good nopl xtopology nonstop_tsc cpuid aperfmperf tsc_known_freq pni pclmulqdq dtes64 monitor ds_cpl vmx smx est tm2 ssse3 sdbg fma cx16 xtpr pdcm sse4_1 sse4_2 x2apic movbe popcnt tsc_deadline_timer aes xsave avx f16c rdrand lahf_lm abm 3dnowprefetch cpuid_fault epb ssbd ibrs ibpb stibp ibrs_enhanced tpr_shadow vnmi flexpriority ept vpid ept_ad fsgsbase tsc_adjust bmi1 avx2 smep bmi2 erms invpcid rdseed adx smap clflushopt clwb intel_pt sha_ni xsaveopt xsavec xgetbv1 xsaves split_lock_detect avx_vnni dtherm ida arat pln pts hwp hwp_notify hwp_act_window hwp_epp hwp_pkg_req umip pku ospke waitpkg gfni vaes vpclmulqdq rdpid movdiri movdir64b fsrm md_clear serialize arch_lbr flush_l1d arch_capabilities
vmx flags	: vnmi preemption_timer posted_intr invvpid ept_x_only ept_ad ept_1gb flexpriority apicv tsc_offset vtpr mtf vapic ept vpid unrestricted_guest vapic_reg vid ple shadow_vmcs ept_mode_based_exec tsc_scaling usr_wait_pause
bugs		: coma tlb_mmatch spectre_v1 spectre_v2 spec_store_bypass swapgs eibrs_pbrsb bhi
bogomips	: 5222.40
clflush size	: 64
cache_alignment	: 64
address sizes	: 39 bits physical, 48 bits virtual
power management:

processor	: 3
vendor_id	: GenuineIntel
cpu family	: 6
model		: 154
model name	: 12th Gen Intel(R) Core(TM) i7-1255U
stepping	: 4
microcode	: 0x430
cpu MHz		: 2600.000
cache size	: 12288 KB
physical id	: 0
siblings	: 12
core id		: 4
cpu cores	: 10
apicid		: 9
initial apicid	: 9
fpu		: yes
fpu_exception	: yes
cpuid level	: 32
wp		: yes
flags		: fpu vme de pse tsc msr pae mce cx8 apic sep mtrr pge mca cmov pat pse36 clflush dts acpi mmx fxsr sse sse2 ss ht tm pbe syscall nx pdpe1gb rdtscp lm constant_tsc art arch_perfmon pebs bts rep_good nopl xtopology nonstop_tsc cpuid aperfmperf tsc_known_freq pni pclmulqdq dtes64 monitor ds_cpl vmx smx est tm2 ssse3 sdbg fma cx16 xtpr pdcm sse4_1 sse4_2 x2apic movbe popcnt tsc_deadline_timer aes xsave avx f16c rdrand lahf_lm abm 3dnowprefetch cpuid_fault epb ssbd ibrs ibpb stibp ibrs_enhanced tpr_shadow vnmi flexpriority ept vpid ept_ad fsgsbase tsc_adjust bmi1 avx2 smep bmi2 erms invpcid rdseed adx smap clflushopt clwb intel_pt sha_ni xsaveopt xsavec xgetbv1 xsaves split_lock_detect avx_vnni dtherm ida arat pln pts hwp hwp_notify hwp_act_window hwp_epp hwp_pkg_req umip pku ospke waitpkg gfni vaes vpclmulqdq rdpid movdiri movdir64b fsrm md_clear serialize arch_lbr flush_l1d arch_capabilities
vmx flags	: vnmi preemption_timer posted_intr invvpid ept_x_only ept_ad ept_1gb flexpriority apicv tsc_offset vtpr mtf vapic ept vpid unrestricted_guest vapic_reg vid ple shadow_vmcs ept_mode_based_exec tsc_scaling usr_wait_pause
bugs		: coma tlb_mmatch spectre_v1 spectre_v2 spec_store_bypass swapgs eibrs_pbrsb bhi
bogomips	: 5222.40
clflush size	: 64
cache_alignment	: 64
address sizes	: 39 bits physical, 48 bits virtual
power management:

processor	: 4
vendor_id	: GenuineIntel
cpu family	: 6
model		: 154
model name	: 12th Gen Intel(R) Core(TM) i7-1255U
stepping	: 4
microcode	: 0x430
cpu MHz		: 2857.279
cache size	: 12288 KB
physical id	: 0
siblings	: 12
core id		: 8
cpu cores	: 10
apicid		: 16
initial apicid	: 16
fpu		: yes
fpu_exception	: yes
cpuid level	: 32
wp		: yes
flags		: fpu vme de pse tsc msr pae mce cx8 apic sep mtrr pge mca cmov pat pse36 clflush dts acpi mmx fxsr sse sse2 ss ht tm pbe syscall nx pdpe1gb rdtscp lm constant_tsc art arch_perfmon pebs bts rep_good nopl xtopology nonstop_tsc cpuid aperfmperf tsc_known_freq pni pclmulqdq dtes64 monitor ds_cpl vmx smx est tm2 ssse3 sdbg fma cx16 xtpr pdcm sse4_1 sse4_2 x2apic movbe popcnt tsc_deadline_timer aes xsave avx f16c rdrand lahf_lm abm 3dnowprefetch cpuid_fault epb ssbd ibrs ibpb stibp ibrs_enhanced tpr_shadow vnmi flexpriority ept vpid ept_ad fsgsbase tsc_adjust bmi1 avx2 smep bmi2 erms invpcid rdseed adx smap clflushopt clwb intel_pt sha_ni xsaveopt xsavec xgetbv1 xsaves split_lock_detect avx_vnni dtherm ida arat pln pts hwp hwp_notify hwp_act_window hwp_epp hwp_pkg_req umip pku ospke waitpkg gfni vaes vpclmulqdq rdpid movdiri movdir64b fsrm md_clear serialize arch_lbr flush_l1d arch_capabilities
vmx flags	: vnmi preemption_timer posted_intr invvpid ept_x_only ept_ad ept_1gb flexpriority apicv tsc_offset vtpr mtf vapic ept vpid unrestricted_guest vapic_reg vid ple shadow_vmcs ept_mode_based_exec tsc_scaling usr_wait_pause
bugs		: coma tlb_mmatch spectre_v1 spectre_v2 spec_store_bypass swapgs eibrs_pbrsb bhi
bogomips	: 5222.40
clflush size	: 64
cache_alignment	: 64
address sizes	: 39 bits physical, 48 bits virtual
power management:

processor	: 5
vendor_id	: GenuineIntel
cpu family	: 6
model		: 154
model name	: 12th Gen Intel(R) Core(TM) i7-1255U
stepping	: 4
microcode	: 0x430
cpu MHz		: 2600.000
cache size	: 12288 KB
physical id	: 0
siblings	: 12
core id		: 9
cpu cores	: 10
apicid		: 18
initial apicid	: 18
fpu		: yes
fpu_exception	: yes
cpuid level	: 32
wp		: yes
flags		: fpu vme de pse tsc msr pae mce cx8 apic sep mtrr pge mca cmov pat pse36 clflush dts acpi mmx fxsr sse sse2 ss ht tm pbe syscall nx pdpe1gb rdtscp lm constant_tsc art arch_perfmon pebs bts rep_good nopl xtopology nonstop_tsc cpuid aperfmperf tsc_known_freq pni pclmulqdq dtes64 monitor ds_cpl vmx smx est tm2 ssse3 sdbg fma cx16 xtpr pdcm sse4_1 sse4_2 x2apic movbe popcnt tsc_deadline_timer aes xsave avx f16c rdrand lahf_lm abm 3dnowprefetch cpuid_fault epb ssbd ibrs ibpb stibp ibrs_enhanced tpr_shadow vnmi flexpriority ept vpid ept_ad fsgsbase tsc_adjust bmi1 avx2 smep bmi2 erms invpcid rdseed adx smap clflushopt clwb intel_pt sha_ni xsaveopt xsavec xgetbv1 xsaves split_lock_detect avx_vnni dtherm ida arat pln pts hwp hwp_notify hwp_act_window hwp_epp hwp_pkg_req umip pku ospke waitpkg gfni vaes vpclmulqdq rdpid movdiri movdir64b fsrm md_clear serialize arch_lbr flush_l1d arch_capabilities
vmx flags	: vnmi preemption_timer posted_intr invvpid ept_x_only ept_ad ept_1gb flexpriority apicv tsc_offset vtpr mtf vapic ept vpid unrestricted_guest vapic_reg vid ple shadow_vmcs ept_mode_based_exec tsc_scaling usr_wait_pause
bugs		: coma tlb_mmatch spectre_v1 spectre_v2 spec_store_bypass swapgs eibrs_pbrsb bhi
bogomips	: 5222.40
clflush size	: 64
cache_alignment	: 64
address sizes	: 39 bits physical, 48 bits virtual
power management:

processor	: 6
vendor_id	: GenuineIntel
cpu family	: 6
model		: 154
model name	: 12th Gen Intel(R) Core(TM) i7-1255U
stepping	: 4
microcode	: 0x430
cpu MHz		: 2600.000
cache size	: 12288 KB
physical id	: 0
siblings	: 12
core id		: 10
cpu cores	: 10
apicid		: 20
initial apicid	: 20
fpu		: yes
fpu_exception	: yes
cpuid level	: 32
wp		: yes
flags		: fpu vme de pse tsc msr pae mce cx8 apic sep mtrr pge mca cmov pat pse36 clflush dts acpi mmx fxsr sse sse2 ss ht tm pbe syscall nx pdpe1gb rdtscp lm constant_tsc art arch_perfmon pebs bts rep_good nopl xtopology nonstop_tsc cpuid aperfmperf tsc_known_freq pni pclmulqdq dtes64 monitor ds_cpl vmx smx est tm2 ssse3 sdbg fma cx16 xtpr pdcm sse4_1 sse4_2 x2apic movbe popcnt tsc_deadline_timer aes xsave avx f16c rdrand lahf_lm abm 3dnowprefetch cpuid_fault epb ssbd ibrs ibpb stibp ibrs_enhanced tpr_shadow vnmi flexpriority ept vpid ept_ad fsgsbase tsc_adjust bmi1 avx2 smep bmi2 erms invpcid rdseed adx smap clflushopt clwb intel_pt sha_ni xsaveopt xsavec xgetbv1 xsaves split_lock_detect avx_vnni dtherm ida arat pln pts hwp hwp_notify hwp_act_window hwp_epp hwp_pkg_req umip pku ospke waitpkg gfni vaes vpclmulqdq rdpid movdiri movdir64b fsrm md_clear serialize arch_lbr flush_l1d arch_capabilities
vmx flags	: vnmi preemption_timer posted_intr invvpid ept_x_only ept_ad ept_1gb flexpriority apicv tsc_offset vtpr mtf vapic ept vpid unrestricted_guest vapic_reg vid ple shadow_vmcs ept_mode_based_exec tsc_scaling usr_wait_pause
bugs		: coma tlb_mmatch spectre_v1 spectre_v2 spec_store_bypass swapgs eibrs_pbrsb bhi
bogomips	: 5222.40
clflush size	: 64
cache_alignment	: 64
address sizes	: 39 bits physical, 48 bits virtual
power management:

processor	: 7
vendor_id	: GenuineIntel
cpu family	: 6
model		: 154
model name	: 12th Gen Intel(R) Core(TM) i7-1255U
stepping	: 4
microcode	: 0x430
cpu MHz		: 2600.000
cache size	: 12288 KB
physical id	: 0
siblings	: 12
core id		: 11
cpu cores	: 10
apicid		: 22
initial apicid	: 22
fpu		: yes
fpu_exception	: yes
cpuid level	: 32
wp		: yes
flags		: fpu vme de pse tsc msr pae mce cx8 apic sep mtrr pge mca cmov pat pse36 clflush dts acpi mmx fxsr sse sse2 ss ht tm pbe syscall nx pdpe1gb rdtscp lm constant_tsc art arch_perfmon pebs bts rep_good nopl xtopology nonstop_tsc cpuid aperfmperf tsc_known_freq pni pclmulqdq dtes64 monitor ds_cpl vmx smx est tm2 ssse3 sdbg fma cx16 xtpr pdcm sse4_1 sse4_2 x2apic movbe popcnt tsc_deadline_timer aes xsave avx f16c rdrand lahf_lm abm 3dnowprefetch cpuid_fault epb ssbd ibrs ibpb stibp ibrs_enhanced tpr_shadow vnmi flexpriority ept vpid ept_ad fsgsbase tsc_adjust bmi1 avx2 smep bmi2 erms invpcid rdseed adx smap clflushopt clwb intel_pt sha_ni xsaveopt xsavec xgetbv1 xsaves split_lock_detect avx_vnni dtherm ida arat pln pts hwp hwp_notify hwp_act_window hwp_epp hwp_pkg_req umip pku ospke waitpkg gfni vaes vpclmulqdq rdpid movdiri movdir64b fsrm md_clear serialize arch_lbr flush_l1d arch_capabilities
vmx flags	: vnmi preemption_timer posted_intr invvpid ept_x_only ept_ad ept_1gb flexpriority apicv tsc_offset vtpr mtf vapic ept vpid unrestricted_guest vapic_reg vid ple shadow_vmcs ept_mode_based_exec tsc_scaling usr_wait_pause
bugs		: coma tlb_mmatch spectre_v1 spectre_v2 spec_store_bypass swapgs eibrs_pbrsb bhi
bogomips	: 5222.40
clflush size	: 64
cache_alignment	: 64
address sizes	: 39 bits physical, 48 bits virtual
power management:

processor	: 8
vendor_id	: GenuineIntel
cpu family	: 6
model		: 154
model name	: 12th Gen Intel(R) Core(TM) i7-1255U
stepping	: 4
microcode	: 0x430
cpu MHz		: 2600.000
cache size	: 12288 KB
physical id	: 0
siblings	: 12
core id		: 12
cpu cores	: 10
apicid		: 24
initial apicid	: 24
fpu		: yes
fpu_exception	: yes
cpuid level	: 32
wp		: yes
flags		: fpu vme de pse tsc msr pae mce cx8 apic sep mtrr pge mca cmov pat pse36 clflush dts acpi mmx fxsr sse sse2 ss ht tm pbe syscall nx pdpe1gb rdtscp lm constant_tsc art arch_perfmon pebs bts rep_good nopl xtopology nonstop_tsc cpuid aperfmperf tsc_known_freq pni pclmulqdq dtes64 monitor ds_cpl vmx smx est tm2 ssse3 sdbg fma cx16 xtpr pdcm sse4_1 sse4_2 x2apic movbe popcnt tsc_deadline_timer aes xsave avx f16c rdrand lahf_lm abm 3dnowprefetch cpuid_fault epb ssbd ibrs ibpb stibp ibrs_enhanced tpr_shadow vnmi flexpriority ept vpid ept_ad fsgsbase tsc_adjust bmi1 avx2 smep bmi2 erms invpcid rdseed adx smap clflushopt clwb intel_pt sha_ni xsaveopt xsavec xgetbv1 xsaves split_lock_detect avx_vnni dtherm ida arat pln pts hwp hwp_notify hwp_act_window hwp_epp hwp_pkg_req umip pku ospke waitpkg gfni vaes vpclmulqdq rdpid movdiri movdir64b fsrm md_clear serialize arch_lbr flush_l1d arch_capabilities
vmx flags	: vnmi preemption_timer posted_intr invvpid ept_x_only ept_ad ept_1gb flexpriority apicv tsc_offset vtpr mtf vapic ept vpid unrestricted_guest vapic_reg vid ple shadow_vmcs ept_mode_based_exec tsc_scaling usr_wait_pause
bugs		: coma tlb_mmatch spectre_v1 spectre_v2 spec_store_bypass swapgs eibrs_pbrsb bhi
bogomips	: 5222.40
clflush size	: 64
cache_alignment	: 64
address sizes	: 39 bits physical, 48 bits virtual
power management:

processor	: 9
vendor_id	: GenuineIntel
cpu family	: 6
model		: 154
model name	: 12th Gen Intel(R) Core(TM) i7-1255U
stepping	: 4
microcode	: 0x430
cpu MHz		: 2600.000
cache size	: 12288 KB
physical id	: 0
siblings	: 12
core id		: 13
cpu cores	: 10
apicid		: 26
initial apicid	: 26
fpu		: yes
fpu_exception	: yes
cpuid level	: 32
wp		: yes
flags		: fpu vme de pse tsc msr pae mce cx8 apic sep mtrr pge mca cmov pat pse36 clflush dts acpi mmx fxsr sse sse2 ss ht tm pbe syscall nx pdpe1gb rdtscp lm constant_tsc art arch_perfmon pebs bts rep_good nopl xtopology nonstop_tsc cpuid aperfmperf tsc_known_freq pni pclmulqdq dtes64 monitor ds_cpl vmx smx est tm2 ssse3 sdbg fma cx16 xtpr pdcm sse4_1 sse4_2 x2apic movbe popcnt tsc_deadline_timer aes xsave avx f16c rdrand lahf_lm abm 3dnowprefetch cpuid_fault epb ssbd ibrs ibpb stibp ibrs_enhanced tpr_shadow vnmi flexpriority ept vpid ept_ad fsgsbase tsc_adjust bmi1 avx2 smep bmi2 erms invpcid rdseed adx smap clflushopt clwb intel_pt sha_ni xsaveopt xsavec xgetbv1 xsaves split_lock_detect avx_vnni dtherm ida arat pln pts hwp hwp_notify hwp_act_window hwp_epp hwp_pkg_req umip pku ospke waitpkg gfni vaes vpclmulqdq rdpid movdiri movdir64b fsrm md_clear serialize arch_lbr flush_l1d arch_capabilities
vmx flags	: vnmi preemption_timer posted_intr invvpid ept_x_only ept_ad ept_1gb flexpriority apicv tsc_offset vtpr mtf vapic ept vpid unrestricted_guest vapic_reg vid ple shadow_vmcs ept_mode_based_exec tsc_scaling usr_wait_pause
bugs		: coma tlb_mmatch spectre_v1 spectre_v2 spec_store_bypass swapgs eibrs_pbrsb bhi
bogomips	: 5222.40
clflush size	: 64
cache_alignment	: 64
address sizes	: 39 bits physical, 48 bits virtual
power management:

processor	: 10
vendor_id	: GenuineIntel
cpu family	: 6
model		: 154
model name	: 12th Gen Intel(R) Core(TM) i7-1255U
stepping	: 4
microcode	: 0x430
cpu MHz		: 2600.000
cache size	: 12288 KB
physical id	: 0
siblings	: 12
core id		: 14
cpu cores	: 10
apicid		: 28
initial apicid	: 28
fpu		: yes
fpu_exception	: yes
cpuid level	: 32
wp		: yes
flags		: fpu vme de pse tsc msr pae mce cx8 apic sep mtrr pge mca cmov pat pse36 clflush dts acpi mmx fxsr sse sse2 ss ht tm pbe syscall nx pdpe1gb rdtscp lm constant_tsc art arch_perfmon pebs bts rep_good nopl xtopology nonstop_tsc cpuid aperfmperf tsc_known_freq pni pclmulqdq dtes64 monitor ds_cpl vmx smx est tm2 ssse3 sdbg fma cx16 xtpr pdcm sse4_1 sse4_2 x2apic movbe popcnt tsc_deadline_timer aes xsave avx f16c rdrand lahf_lm abm 3dnowprefetch cpuid_fault epb ssbd ibrs ibpb stibp ibrs_enhanced tpr_shadow vnmi flexpriority ept vpid ept_ad fsgsbase tsc_adjust bmi1 avx2 smep bmi2 erms invpcid rdseed adx smap clflushopt clwb intel_pt sha_ni xsaveopt xsavec xgetbv1 xsaves split_lock_detect avx_vnni dtherm ida arat pln pts hwp hwp_notify hwp_act_window hwp_epp hwp_pkg_req umip pku ospke waitpkg gfni vaes vpclmulqdq rdpid movdiri movdir64b fsrm md_clear serialize arch_lbr flush_l1d arch_capabilities
vmx flags	: vnmi preemption_timer posted_intr invvpid ept_x_only ept_ad ept_1gb flexpriority apicv tsc_offset vtpr mtf vapic ept vpid unrestricted_guest vapic_reg vid ple shadow_vmcs ept_mode_based_exec tsc_scaling usr_wait_pause
bugs		: coma tlb_mmatch spectre_v1 spectre_v2 spec_store_bypass swapgs eibrs_pbrsb bhi
bogomips	: 5222.40
clflush size	: 64
cache_alignment	: 64
address sizes	: 39 bits physical, 48 bits virtual
power management:

processor	: 11
vendor_id	: GenuineIntel
cpu family	: 6
model		: 154
model name	: 12th Gen Intel(R) Core(TM) i7-1255U
stepping	: 4
microcode	: 0x430
cpu MHz		: 2600.000
cache size	: 12288 KB
physical id	: 0
siblings	: 12
core id		: 15
cpu cores	: 10
apicid		: 30
initial apicid	: 30
fpu		: yes
fpu_exception	: yes
cpuid level	: 32
wp		: yes
flags		: fpu vme de pse tsc msr pae mce cx8 apic sep mtrr pge mca cmov pat pse36 clflush dts acpi mmx fxsr sse sse2 ss ht tm pbe syscall nx pdpe1gb rdtscp lm constant_tsc art arch_perfmon pebs bts rep_good nopl xtopology nonstop_tsc cpuid aperfmperf tsc_known_freq pni pclmulqdq dtes64 monitor ds_cpl vmx smx est tm2 ssse3 sdbg fma cx16 xtpr pdcm sse4_1 sse4_2 x2apic movbe popcnt tsc_deadline_timer aes xsave avx f16c rdrand lahf_lm abm 3dnowprefetch cpuid_fault epb ssbd ibrs ibpb stibp ibrs_enhanced tpr_shadow vnmi flexpriority ept vpid ept_ad fsgsbase tsc_adjust bmi1 avx2 smep bmi2 erms invpcid rdseed adx smap clflushopt clwb intel_pt sha_ni xsaveopt xsavec xgetbv1 xsaves split_lock_detect avx_vnni dtherm ida arat pln pts hwp hwp_notify hwp_act_window hwp_epp hwp_pkg_req umip pku ospke waitpkg gfni vaes vpclmulqdq rdpid movdiri movdir64b fsrm md_clear serialize arch_lbr flush_l1d arch_capabilities
vmx flags	: vnmi preemption_timer posted_intr invvpid ept_x_only ept_ad ept_1gb flexpriority apicv tsc_offset vtpr mtf vapic ept vpid unrestricted_guest vapic_reg vid ple shadow_vmcs ept_mode_based_exec tsc_scaling usr_wait_pause
bugs		: coma tlb_mmatch spectre_v1 spectre_v2 spec_store_bypass swapgs eibrs_pbrsb bhi
bogomips	: 5222.40
clflush size	: 64
cache_alignment	: 64
address sizes	: 39 bits physical, 48 bits virtual
power management:



Memory: 4k page, physical 16039296k(7907320k free), swap 20971516k(17502556k free)

vm_info: OpenJDK 64-Bit Server VM (25.402-b06) for linux-amd64 JRE (1.8.0_402-8u402-ga-2ubuntu1~22.04-b06), built on Feb 27 2024 07:25:38 by "buildd" with gcc 11.4.0

time: Sun May 26 18:51:32 2024
timezone: CEST
elapsed time: 0.519300 seconds (0d 0h 0m 0s)

